ARM GAS  /tmp/cc8ww0Ej.s 			page 1


   1              		.cpu cortex-a9
   2              		.eabi_attribute 28, 1
   3              		.eabi_attribute 20, 1
   4              		.eabi_attribute 21, 1
   5              		.eabi_attribute 23, 3
   6              		.eabi_attribute 24, 1
   7              		.eabi_attribute 25, 1
   8              		.eabi_attribute 26, 2
   9              		.eabi_attribute 30, 2
  10              		.eabi_attribute 34, 1
  11              		.eabi_attribute 18, 4
  12              		.file	"EApiOsNIX.c"
  13              		.text
  14              		.section	.rodata.str1.4,"aMS",%progbits,1
  15              		.align	2
  16              	.LC0:
  17 0000 696E6974 		.ascii	"initializing\000"
  17      69616C69 
  17      7A696E67 
  17      00
  18              		.section	.text.startup,"ax",%progbits
  19              		.align	2
  20              		.arch armv7-a
  21              		.arch_extension mp
  22              		.arch_extension sec
  23              		.syntax unified
  24              		.arm
  25              		.fpu vfpv3
  27              	init:
  28              		@ args = 0, pretend = 0, frame = 0
  29              		@ frame_needed = 0, uses_anonymous_args = 0
  30              		@ link register save eliminated.
  31 0000 04009FE5 		ldr	r0, .L3
  32              	.LPIC0:
  33 0004 00008FE0 		add	r0, pc, r0
  34 0008 FEFFFFEA 		b	puts(PLT)
  35              	.L4:
  36              		.align	2
  37              	.L3:
  38 000c 00000000 		.word	.LC0-(.LPIC0+8)
  40              		.section	.init_array,"aw",%init_array
  41              		.align	2
  42 0000 00000000 		.word	init(target1)
  43              		.section	.rodata.str1.4
  44 000d 000000   		.align	2
  45              	.LC1:
  46 0010 66696E69 		.ascii	"finishing\000"
  46      7368696E 
  46      6700
  47              		.section	.text.exit,"ax",%progbits
  48              		.align	2
  49              		.syntax unified
  50              		.arm
  51              		.fpu vfpv3
  53              	fini:
  54              		@ args = 0, pretend = 0, frame = 0
  55              		@ frame_needed = 0, uses_anonymous_args = 0
ARM GAS  /tmp/cc8ww0Ej.s 			page 2


  56              		@ link register save eliminated.
  57 0000 04009FE5 		ldr	r0, .L6
  58              	.LPIC1:
  59 0004 00008FE0 		add	r0, pc, r0
  60 0008 FEFFFFEA 		b	puts(PLT)
  61              	.L7:
  62              		.align	2
  63              	.L6:
  64 000c 00000000 		.word	.LC1-(.LPIC1+8)
  66              		.section	.fini_array,"aw",%fini_array
  67              		.align	2
  68 0000 00000000 		.word	fini(target1)
  69              		.text
  70              		.align	2
  71              		.global	EApiSleepns
  72              		.hidden	EApiSleepns
  73              		.syntax unified
  74              		.arm
  75              		.fpu vfpv3
  77              	EApiSleepns:
  78              		@ args = 0, pretend = 0, frame = 0
  79              		@ frame_needed = 0, uses_anonymous_args = 0
  80              		@ link register save eliminated.
  81 0000 833E0DE3 		movw	r3, #56963
  82 0004 1B3344E3 		movt	r3, 17179
  83 0008 933080E0 		umull	r3, r0, r3, r0
  84 000c 2009A0E1 		lsr	r0, r0, #18
  85 0010 FEFFFFEA 		b	usleep(PLT)
  87              		.ident	"GCC: (Buildroot 2022.02) 11.2.0"
  88              		.section	.note.GNU-stack,"",%progbits
ARM GAS  /tmp/cc8ww0Ej.s 			page 3


DEFINED SYMBOLS
                            *ABS*:0000000000000000 EApiOsNIX.c
     /tmp/cc8ww0Ej.s:15     .rodata.str1.4:0000000000000000 $d
     /tmp/cc8ww0Ej.s:16     .rodata.str1.4:0000000000000000 .LC0
     /tmp/cc8ww0Ej.s:19     .text.startup:0000000000000000 $a
     /tmp/cc8ww0Ej.s:27     .text.startup:0000000000000000 init
     /tmp/cc8ww0Ej.s:38     .text.startup:000000000000000c $d
     /tmp/cc8ww0Ej.s:41     .init_array:0000000000000000 $d
     /tmp/cc8ww0Ej.s:45     .rodata.str1.4:0000000000000010 .LC1
     /tmp/cc8ww0Ej.s:48     .text.exit:0000000000000000 $a
     /tmp/cc8ww0Ej.s:53     .text.exit:0000000000000000 fini
     /tmp/cc8ww0Ej.s:64     .text.exit:000000000000000c $d
     /tmp/cc8ww0Ej.s:67     .fini_array:0000000000000000 $d
     /tmp/cc8ww0Ej.s:70     .text:0000000000000000 $a
     /tmp/cc8ww0Ej.s:77     .text:0000000000000000 EApiSleepns

UNDEFINED SYMBOLS
puts
usleep
