ARM GAS  /tmp/ccsBb818.s 			page 1


   1              		.cpu cortex-a9
   2              		.eabi_attribute 28, 1
   3              		.eabi_attribute 20, 1
   4              		.eabi_attribute 21, 1
   5              		.eabi_attribute 23, 3
   6              		.eabi_attribute 24, 1
   7              		.eabi_attribute 25, 1
   8              		.eabi_attribute 26, 2
   9              		.eabi_attribute 30, 2
  10              		.eabi_attribute 34, 1
  11              		.eabi_attribute 18, 4
  12              		.file	"EApiEmulBoardInfo.c"
  13              		.text
  14              		.section	.rodata.str1.4,"aMS",%progbits,1
  15              		.align	2
  16              	.LC0:
  17 0000 434F4D45 		.ascii	"COMExpress\000"
  17      78707265 
  17      737300
  18 000b 00       		.align	2
  19              	.LC1:
  20 000c 5049434D 		.ascii	"PICMG\000"
  20      4700
  21 0012 0000     		.align	2
  22              	.LC2:
  23 0014 53414D50 		.ascii	"SAMPLE API\000"
  23      4C452041 
  23      504900
  24 001f 00       		.align	2
  25              	.LC3:
  26 0020 53616D70 		.ascii	"Sample Serial Number\000"
  26      6C652053 
  26      65726961 
  26      6C204E75 
  26      6D626572 
  27 0035 000000   		.align	2
  28              	.LC4:
  29 0038 5049434D 		.ascii	"PICMGR2.0\000"
  29      4752322E 
  29      3000
  30 0042 0000     		.align	2
  31              	.LC5:
  32 0044 45417069 		.ascii	"EApiBoardGetStringAEmul\000"
  32      426F6172 
  32      64476574 
  32      53747269 
  32      6E674145 
  33              		.align	2
  34              	.LC6:
  35 005c 2F686F6D 		.ascii	"/home/hkh/git/eapidk-code-r76-trunk/lib/linux/../EA"
  35      652F686B 
  35      682F6769 
  35      742F6561 
  35      7069646B 
  36 008f 7069456D 		.ascii	"piEmulBoardInfo.c\000"
  36      756C426F 
  36      61726449 
ARM GAS  /tmp/ccsBb818.s 			page 2


  36      6E666F2E 
  36      6300
  37 00a1 000000   		.align	2
  38              	.LC7:
  39 00a4 556E7265 		.ascii	"Unrecognised String ID\000"
  39      636F676E 
  39      69736564 
  39      20537472 
  39      696E6720 
  40 00bb 00       		.align	2
  41              	.LC8:
  42 00bc 25730A00 		.ascii	"%s\012\000"
  43              		.align	2
  44              	.LC9:
  45 00c0 70427566 		.ascii	"pBuffer Overrun Prevented\000"
  45      66657220 
  45      4F766572 
  45      72756E20 
  45      50726576 
  46 00da 0000     		.align	2
  47              	.LC10:
  48 00dc 00       		.ascii	"\000"
  49              		.text
  50              		.align	2
  51              		.global	EApiBoardGetStringAEmul
  52              		.hidden	EApiBoardGetStringAEmul
  53              		.arch armv7-a
  54              		.arch_extension mp
  55              		.arch_extension sec
  56              		.syntax unified
  57              		.arm
  58              		.fpu vfpv3
  60              	EApiBoardGetStringAEmul:
  61              		@ args = 0, pretend = 0, frame = 0
  62              		@ frame_needed = 0, uses_anonymous_args = 0
  63 0000 000050E3 		cmp	r0, #0
  64 0004 30402DE9 		push	{r4, r5, lr}
  65 0008 0130A0E1 		mov	r3, r1
  66 000c 004092E5 		ldr	r4, [r2]
  67 0010 14D04DE2 		sub	sp, sp, #20
  68 0014 1800000A 		beq	.L10
  69 0018 010050E3 		cmp	r0, #1
  70 001c 4400000A 		beq	.L11
  71 0020 030050E3 		cmp	r0, #3
  72 0024 4700000A 		beq	.L12
  73 0028 040050E3 		cmp	r0, #4
  74 002c 4A00000A 		beq	.L13
  75 0030 060050E3 		cmp	r0, #6
  76 0034 4D00000A 		beq	.L14
  77 0038 5CC19FE5 		ldr	ip, .L21
  78 003c 034CE0E3 		mvn	r4, #768
  79 0040 58019FE5 		ldr	r0, .L21+4
  80 0044 7930A0E3 		mov	r3, #121
  81 0048 54219FE5 		ldr	r2, .L21+8
  82 004c 54119FE5 		ldr	r1, .L21+12
  83              	.LPIC7:
  84 0050 0CC08FE0 		add	ip, pc, ip
ARM GAS  /tmp/ccsBb818.s 			page 3


  85              	.LPIC8:
  86 0054 00008FE0 		add	r0, pc, r0
  87              	.LPIC5:
  88 0058 02208FE0 		add	r2, pc, r2
  89              	.LPIC6:
  90 005c 01108FE0 		add	r1, pc, r1
  91              	.L17:
  92 0060 01108DE9 		stmib	sp, {r0, ip}
  93 0064 4500A0E3 		mov	r0, #69
  94 0068 00408DE5 		str	r4, [sp]
  95 006c FEFFFFEB 		bl	siFormattedMessage_SC(PLT)
  96 0070 0400A0E1 		mov	r0, r4
  97 0074 14D08DE2 		add	sp, sp, #20
  98              		@ sp needed
  99 0078 3080BDE8 		pop	{r4, r5, pc}
 100              	.L10:
 101 007c 28119FE5 		ldr	r1, .L21+16
 102 0080 0600A0E3 		mov	r0, #6
 103 0084 0550A0E3 		mov	r5, #5
 104              	.LPIC1:
 105 0088 01108FE0 		add	r1, pc, r1
 106              	.L2:
 107 008c 000054E1 		cmp	r4, r0
 108 0090 000082E5 		str	r0, [r2]
 109 0094 1300002A 		bcs	.L19
 110 0098 000053E3 		cmp	r3, #0
 111 009c 00005413 		cmpne	r4, #0
 112 00a0 0500000A 		beq	.L7
 113 00a4 0420A0E1 		mov	r2, r4
 114 00a8 0300A0E1 		mov	r0, r3
 115 00ac FEFFFFEB 		bl	memcpy(PLT)
 116 00b0 0020A0E3 		mov	r2, #0
 117 00b4 043080E0 		add	r3, r0, r4
 118 00b8 012043E5 		strb	r2, [r3, #-1]
 119              	.L7:
 120 00bc ECC09FE5 		ldr	ip, .L21+20
 121 00c0 064CE0E3 		mvn	r4, #1536
 122 00c4 E8009FE5 		ldr	r0, .L21+24
 123 00c8 6D30A0E3 		mov	r3, #109
 124 00cc E4209FE5 		ldr	r2, .L21+28
 125 00d0 E4109FE5 		ldr	r1, .L21+32
 126              	.LPIC11:
 127 00d4 0CC08FE0 		add	ip, pc, ip
 128              	.LPIC12:
 129 00d8 00008FE0 		add	r0, pc, r0
 130              	.LPIC9:
 131 00dc 02208FE0 		add	r2, pc, r2
 132              	.LPIC10:
 133 00e0 01108FE0 		add	r1, pc, r1
 134 00e4 DDFFFFEA 		b	.L17
 135              	.L19:
 136 00e8 000053E3 		cmp	r3, #0
 137 00ec 2400001A 		bne	.L20
 138              	.L9:
 139              	.L3:
 140 00f0 C8C09FE5 		ldr	ip, .L21+36
 141 00f4 0040A0E3 		mov	r4, #0
ARM GAS  /tmp/ccsBb818.s 			page 4


 142 00f8 C4009FE5 		ldr	r0, .L21+40
 143 00fc 7330A0E3 		mov	r3, #115
 144 0100 C0209FE5 		ldr	r2, .L21+44
 145 0104 C0109FE5 		ldr	r1, .L21+48
 146              	.LPIC15:
 147 0108 0CC08FE0 		add	ip, pc, ip
 148              	.LPIC16:
 149 010c 00008FE0 		add	r0, pc, r0
 150 0110 00408DE5 		str	r4, [sp]
 151 0114 01108DE9 		stmib	sp, {r0, ip}
 152              	.LPIC13:
 153 0118 02208FE0 		add	r2, pc, r2
 154              	.LPIC14:
 155 011c 01108FE0 		add	r1, pc, r1
 156 0120 4C00A0E3 		mov	r0, #76
 157 0124 FEFFFFEB 		bl	siFormattedMessage_SC(PLT)
 158 0128 0400A0E1 		mov	r0, r4
 159 012c 14D08DE2 		add	sp, sp, #20
 160              		@ sp needed
 161 0130 3080BDE8 		pop	{r4, r5, pc}
 162              	.L11:
 163 0134 94109FE5 		ldr	r1, .L21+52
 164 0138 0B00A0E3 		mov	r0, #11
 165 013c 0A50A0E3 		mov	r5, #10
 166              	.LPIC2:
 167 0140 01108FE0 		add	r1, pc, r1
 168 0144 D0FFFFEA 		b	.L2
 169              	.L12:
 170 0148 84109FE5 		ldr	r1, .L21+56
 171 014c 1500A0E3 		mov	r0, #21
 172 0150 1450A0E3 		mov	r5, #20
 173              	.LPIC3:
 174 0154 01108FE0 		add	r1, pc, r1
 175 0158 CBFFFFEA 		b	.L2
 176              	.L13:
 177 015c 74109FE5 		ldr	r1, .L21+60
 178 0160 0A00A0E3 		mov	r0, #10
 179 0164 0950A0E3 		mov	r5, #9
 180              	.LPIC4:
 181 0168 01108FE0 		add	r1, pc, r1
 182 016c C6FFFFEA 		b	.L2
 183              	.L14:
 184 0170 64109FE5 		ldr	r1, .L21+64
 185 0174 0B00A0E3 		mov	r0, #11
 186 0178 0A50A0E3 		mov	r5, #10
 187              	.LPIC0:
 188 017c 01108FE0 		add	r1, pc, r1
 189 0180 C1FFFFEA 		b	.L2
 190              	.L20:
 191 0184 0020A0E1 		mov	r2, r0
 192 0188 0300A0E1 		mov	r0, r3
 193 018c FEFFFFEB 		bl	memcpy(PLT)
 194 0190 0020A0E3 		mov	r2, #0
 195 0194 0520C0E7 		strb	r2, [r0, r5]
 196 0198 D4FFFFEA 		b	.L9
 197              	.L22:
 198              		.align	2
ARM GAS  /tmp/ccsBb818.s 			page 5


 199              	.L21:
 200 019c 44010000 		.word	.LC7-(.LPIC7+8)
 201 01a0 44010000 		.word	.LC8-(.LPIC8+8)
 202 01a4 44010000 		.word	.LC5-(.LPIC5+8)
 203 01a8 44010000 		.word	.LC6-(.LPIC6+8)
 204 01ac 1C010000 		.word	.LC1-(.LPIC1+8)
 205 01b0 D4000000 		.word	.LC9-(.LPIC11+8)
 206 01b4 D4000000 		.word	.LC8-(.LPIC12+8)
 207 01b8 D4000000 		.word	.LC5-(.LPIC9+8)
 208 01bc D4000000 		.word	.LC6-(.LPIC10+8)
 209 01c0 B0000000 		.word	.LC10-(.LPIC15+8)
 210 01c4 B0000000 		.word	.LC8-(.LPIC16+8)
 211 01c8 A8000000 		.word	.LC5-(.LPIC13+8)
 212 01cc A8000000 		.word	.LC6-(.LPIC14+8)
 213 01d0 88000000 		.word	.LC2-(.LPIC2+8)
 214 01d4 78000000 		.word	.LC3-(.LPIC3+8)
 215 01d8 68000000 		.word	.LC4-(.LPIC4+8)
 216 01dc 58000000 		.word	.LC0-(.LPIC0+8)
 218              		.section	.rodata.str1.4
 219 00dd 000000   		.align	2
 220              	.LC11:
 221 00e0 45417069 		.ascii	"EApiBoardGetValueEmul\000"
 221      426F6172 
 221      64476574 
 221      56616C75 
 221      65456D75 
 222 00f6 0000     		.align	2
 223              	.LC12:
 224 00f8 556E7265 		.ascii	"Unrecognised Value ID\000"
 224      636F676E 
 224      69736564 
 224      2056616C 
 224      75652049 
 225              		.text
 226              		.align	2
 227              		.global	EApiBoardGetValueEmul
 228              		.hidden	EApiBoardGetValueEmul
 229              		.syntax unified
 230              		.arm
 231              		.fpu vfpv3
 233              	EApiBoardGetValueEmul:
 234              		@ args = 0, pretend = 0, frame = 0
 235              		@ frame_needed = 0, uses_anonymous_args = 0
 236 01e0 C0C09FE5 		ldr	ip, .L30
 237 01e4 0030A0E3 		mov	r3, #0
 238 01e8 10402DE9 		push	{r4, lr}
 239 01ec 01E0A0E1 		mov	lr, r1
 240 01f0 10D04DE2 		sub	sp, sp, #16
 241              	.LPIC17:
 242 01f4 0CC08FE0 		add	ip, pc, ip
 243              	.L26:
 244 01f8 83219CE7 		ldr	r2, [ip, r3, lsl #3]
 245 01fc 000052E1 		cmp	r2, r0
 246 0200 1300000A 		beq	.L29
 247 0204 013083E2 		add	r3, r3, #1
 248 0208 120053E3 		cmp	r3, #18
 249 020c F9FFFF1A 		bne	.L26
ARM GAS  /tmp/ccsBb818.s 			page 6


 250              	.L25:
 251 0210 94C09FE5 		ldr	ip, .L30+4
 252 0214 034CE0E3 		mvn	r4, #768
 253 0218 90009FE5 		ldr	r0, .L30+8
 254 021c C330A0E3 		mov	r3, #195
 255 0220 8C209FE5 		ldr	r2, .L30+12
 256 0224 8C109FE5 		ldr	r1, .L30+16
 257              	.LPIC25:
 258 0228 0CC08FE0 		add	ip, pc, ip
 259              	.LPIC26:
 260 022c 00008FE0 		add	r0, pc, r0
 261 0230 00408DE5 		str	r4, [sp]
 262 0234 01108DE9 		stmib	sp, {r0, ip}
 263              	.LPIC23:
 264 0238 02208FE0 		add	r2, pc, r2
 265              	.LPIC24:
 266 023c 01108FE0 		add	r1, pc, r1
 267 0240 4500A0E3 		mov	r0, #69
 268 0244 FEFFFFEB 		bl	siFormattedMessage_SC(PLT)
 269 0248 0400A0E1 		mov	r0, r4
 270 024c 10D08DE2 		add	sp, sp, #16
 271              		@ sp needed
 272 0250 1080BDE8 		pop	{r4, pc}
 273              	.L29:
 274 0254 60209FE5 		ldr	r2, .L30+20
 275 0258 83C18CE0 		add	ip, ip, r3, lsl #3
 276 025c 5C309FE5 		ldr	r3, .L30+24
 277 0260 0040A0E3 		mov	r4, #0
 278 0264 04009CE5 		ldr	r0, [ip, #4]
 279              	.LPIC21:
 280 0268 02208FE0 		add	r2, pc, r2
 281 026c 50109FE5 		ldr	r1, .L30+28
 282 0270 08208DE5 		str	r2, [sp, #8]
 283              	.LPIC22:
 284 0274 03308FE0 		add	r3, pc, r3
 285 0278 48209FE5 		ldr	r2, .L30+32
 286 027c 04308DE5 		str	r3, [sp, #4]
 287              	.LPIC20:
 288 0280 01108FE0 		add	r1, pc, r1
 289 0284 00408DE5 		str	r4, [sp]
 290 0288 C030A0E3 		mov	r3, #192
 291 028c 00008EE5 		str	r0, [lr]
 292              	.LPIC19:
 293 0290 02208FE0 		add	r2, pc, r2
 294 0294 4C00A0E3 		mov	r0, #76
 295 0298 FEFFFFEB 		bl	siFormattedMessage_SC(PLT)
 296 029c 0400A0E1 		mov	r0, r4
 297 02a0 10D08DE2 		add	sp, sp, #16
 298              		@ sp needed
 299 02a4 1080BDE8 		pop	{r4, pc}
 300              	.L31:
 301              		.align	2
 302              	.L30:
 303 02a8 AC000000 		.word	.LANCHOR0-(.LPIC17+8)
 304 02ac 7C000000 		.word	.LC12-(.LPIC25+8)
 305 02b0 7C000000 		.word	.LC8-(.LPIC26+8)
 306 02b4 74000000 		.word	.LC11-(.LPIC23+8)
ARM GAS  /tmp/ccsBb818.s 			page 7


 307 02b8 74000000 		.word	.LC6-(.LPIC24+8)
 308 02bc 4C000000 		.word	.LC10-(.LPIC21+8)
 309 02c0 44000000 		.word	.LC8-(.LPIC22+8)
 310 02c4 3C000000 		.word	.LC6-(.LPIC20+8)
 311 02c8 30000000 		.word	.LC11-(.LPIC19+8)
 313              		.hidden	ValueLookup
 314              		.global	ValueLookup
 315              		.hidden	StringLookup
 316              		.global	StringLookup
 317              		.section	.rodata
 318              		.align	2
 319              		.set	.LANCHOR0,. + 0
 322              	ValueLookup:
 323 0000 01000000 		.word	1
 324 0004 10000000 		.word	16
 325 0008 02000000 		.word	2
 326 000c 00000100 		.word	65536
 327 0010 03000000 		.word	3
 328 0014 41A70000 		.word	42817
 329 0018 04000000 		.word	4
 330 001c 00000002 		.word	33554432
 331 0020 00000100 		.word	65536
 332 0024 00000000 		.word	0
 333 0028 01000100 		.word	65537
 334 002c DF030500 		.word	328671
 335 0030 00000200 		.word	131072
 336 0034 940E0000 		.word	3732
 337 0038 01000200 		.word	131073
 338 003c 790C0000 		.word	3193
 339 0040 02000200 		.word	131074
 340 0044 E6080000 		.word	2278
 341 0048 04100200 		.word	135172
 342 004c 14050000 		.word	1300
 343 0050 08100200 		.word	135176
 344 0054 C4090000 		.word	2500
 345 0058 0C100200 		.word	135180
 346 005c E40C0000 		.word	3300
 347 0060 10100200 		.word	135184
 348 0064 B80B0000 		.word	3000
 349 0068 14100200 		.word	135188
 350 006c 88130000 		.word	5000
 351 0070 18100200 		.word	135192
 352 0074 88130000 		.word	5000
 353 0078 1C100200 		.word	135196
 354 007c E02E0000 		.word	12000
 355 0080 00200200 		.word	139264
 356 0084 88130000 		.word	5000
 357 0088 01200200 		.word	139265
 358 008c C4090000 		.word	2500
 359              		.section	.data.rel.ro.local,"aw"
 360              		.align	2
 363              	StringLookup:
 364 0000 00000000 		.word	0
 365 0004 0C000000 		.word	.LC1
 366 0008 01000000 		.word	1
 367 000c 14000000 		.word	.LC2
 368 0010 03000000 		.word	3
ARM GAS  /tmp/ccsBb818.s 			page 8


 369 0014 20000000 		.word	.LC3
 370 0018 04000000 		.word	4
 371 001c 38000000 		.word	.LC4
 372 0020 06000000 		.word	6
 373 0024 00000000 		.word	.LC0
 374              		.ident	"GCC: (Buildroot 2022.02) 11.2.0"
 375              		.section	.note.GNU-stack,"",%progbits
ARM GAS  /tmp/ccsBb818.s 			page 9


DEFINED SYMBOLS
                            *ABS*:0000000000000000 EApiEmulBoardInfo.c
     /tmp/ccsBb818.s:15     .rodata.str1.4:0000000000000000 $d
     /tmp/ccsBb818.s:16     .rodata.str1.4:0000000000000000 .LC0
     /tmp/ccsBb818.s:19     .rodata.str1.4:000000000000000c .LC1
     /tmp/ccsBb818.s:22     .rodata.str1.4:0000000000000014 .LC2
     /tmp/ccsBb818.s:25     .rodata.str1.4:0000000000000020 .LC3
     /tmp/ccsBb818.s:28     .rodata.str1.4:0000000000000038 .LC4
     /tmp/ccsBb818.s:31     .rodata.str1.4:0000000000000044 .LC5
     /tmp/ccsBb818.s:34     .rodata.str1.4:000000000000005c .LC6
     /tmp/ccsBb818.s:38     .rodata.str1.4:00000000000000a4 .LC7
     /tmp/ccsBb818.s:41     .rodata.str1.4:00000000000000bc .LC8
     /tmp/ccsBb818.s:44     .rodata.str1.4:00000000000000c0 .LC9
     /tmp/ccsBb818.s:47     .rodata.str1.4:00000000000000dc .LC10
     /tmp/ccsBb818.s:50     .text:0000000000000000 $a
     /tmp/ccsBb818.s:60     .text:0000000000000000 EApiBoardGetStringAEmul
     /tmp/ccsBb818.s:200    .text:000000000000019c $d
     /tmp/ccsBb818.s:220    .rodata.str1.4:00000000000000e0 .LC11
     /tmp/ccsBb818.s:223    .rodata.str1.4:00000000000000f8 .LC12
     /tmp/ccsBb818.s:226    .text:00000000000001e0 $a
     /tmp/ccsBb818.s:233    .text:00000000000001e0 EApiBoardGetValueEmul
     /tmp/ccsBb818.s:303    .text:00000000000002a8 $d
     /tmp/ccsBb818.s:322    .rodata:0000000000000000 ValueLookup
     /tmp/ccsBb818.s:363    .data.rel.ro.local:0000000000000000 StringLookup
     /tmp/ccsBb818.s:318    .rodata:0000000000000000 $d
     /tmp/ccsBb818.s:360    .data.rel.ro.local:0000000000000000 $d

UNDEFINED SYMBOLS
siFormattedMessage_SC
memcpy
