ARM GAS  /tmp/ccEQWmle.s 			page 1


   1              		.cpu cortex-a9
   2              		.eabi_attribute 28, 1
   3              		.eabi_attribute 20, 1
   4              		.eabi_attribute 21, 1
   5              		.eabi_attribute 23, 3
   6              		.eabi_attribute 24, 1
   7              		.eabi_attribute 25, 1
   8              		.eabi_attribute 26, 2
   9              		.eabi_attribute 30, 2
  10              		.eabi_attribute 34, 1
  11              		.eabi_attribute 18, 4
  12              		.file	"EApiEmulBacklight.c"
  13              		.text
  14              		.section	.rodata.str1.4,"aMS",%progbits,1
  15              		.align	2
  16              	.LC0:
  17 0000 45417069 		.ascii	"EApiVgaGetBacklightEnableEmul\000"
  17      56676147 
  17      65744261 
  17      636B6C69 
  17      67687445 
  18 001e 0000     		.align	2
  19              	.LC1:
  20 0020 2F686F6D 		.ascii	"/home/hkh/git/eapidk-code-r76-trunk/lib/linux/../EA"
  20      652F686B 
  20      682F6769 
  20      742F6561 
  20      7069646B 
  21 0053 7069456D 		.ascii	"piEmulBacklight.c\000"
  21      756C4261 
  21      636B6C69 
  21      6768742E 
  21      6300
  22 0065 000000   		.align	2
  23              	.LC2:
  24 0068 556E7265 		.ascii	"Unrecognised Backlight ID\000"
  24      636F676E 
  24      69736564 
  24      20426163 
  24      6B6C6967 
  25 0082 0000     		.align	2
  26              	.LC3:
  27 0084 25730A00 		.ascii	"%s\012\000"
  28              		.align	2
  29              	.LC4:
  30 0088 00       		.ascii	"\000"
  31              		.text
  32              		.align	2
  33              		.global	EApiVgaGetBacklightEnableEmul
  34              		.hidden	EApiVgaGetBacklightEnableEmul
  35              		.arch armv7-a
  36              		.arch_extension mp
  37              		.arch_extension sec
  38              		.syntax unified
  39              		.arm
  40              		.fpu vfpv3
  42              	EApiVgaGetBacklightEnableEmul:
ARM GAS  /tmp/ccEQWmle.s 			page 2


  43              		@ args = 0, pretend = 0, frame = 0
  44              		@ frame_needed = 0, uses_anonymous_args = 0
  45 0000 CC309FE5 		ldr	r3, .L8
  46 0004 10402DE9 		push	{r4, lr}
  47 0008 10D04DE2 		sub	sp, sp, #16
  48              	.LPIC0:
  49 000c 03308FE0 		add	r3, pc, r3
  50 0010 002093E5 		ldr	r2, [r3]
  51 0014 020050E1 		cmp	r0, r2
  52 0018 1300000A 		beq	.L4
  53 001c 0C3093E5 		ldr	r3, [r3, #12]
  54 0020 030050E1 		cmp	r0, r3
  55 0024 2800000A 		beq	.L5
  56 0028 A8C09FE5 		ldr	ip, .L8+4
  57 002c 034CE0E3 		mvn	r4, #768
  58 0030 A4009FE5 		ldr	r0, .L8+8
  59 0034 4F30A0E3 		mov	r3, #79
  60 0038 A0209FE5 		ldr	r2, .L8+12
  61 003c A0109FE5 		ldr	r1, .L8+16
  62              	.LPIC4:
  63 0040 0CC08FE0 		add	ip, pc, ip
  64              	.LPIC5:
  65 0044 00008FE0 		add	r0, pc, r0
  66 0048 00408DE5 		str	r4, [sp]
  67 004c 01108DE9 		stmib	sp, {r0, ip}
  68              	.LPIC2:
  69 0050 02208FE0 		add	r2, pc, r2
  70              	.LPIC3:
  71 0054 01108FE0 		add	r1, pc, r1
  72 0058 4500A0E3 		mov	r0, #69
  73 005c FEFFFFEB 		bl	siFormattedMessage_SC(PLT)
  74 0060 0400A0E1 		mov	r0, r4
  75              	.L1:
  76 0064 10D08DE2 		add	sp, sp, #16
  77              		@ sp needed
  78 0068 1080BDE8 		pop	{r4, pc}
  79              	.L4:
  80 006c 0020A0E3 		mov	r2, #0
  81              	.L2:
  82              	.L3:
  83 0070 70309FE5 		ldr	r3, .L8+20
  84 0074 822082E0 		add	r2, r2, r2, lsl #1
  85 0078 6CC09FE5 		ldr	ip, .L8+24
  86 007c 0040A0E3 		mov	r4, #0
  87 0080 68009FE5 		ldr	r0, .L8+28
  88              	.LPIC6:
  89 0084 03308FE0 		add	r3, pc, r3
  90 0088 023183E0 		add	r3, r3, r2, lsl #2
  91              	.LPIC9:
  92 008c 0CC08FE0 		add	ip, pc, ip
  93              	.LPIC10:
  94 0090 00008FE0 		add	r0, pc, r0
  95 0094 58209FE5 		ldr	r2, .L8+32
  96 0098 04E093E5 		ldr	lr, [r3, #4]
  97 009c 4930A0E3 		mov	r3, #73
  98 00a0 04008DE5 		str	r0, [sp, #4]
  99 00a4 4C00A0E3 		mov	r0, #76
ARM GAS  /tmp/ccEQWmle.s 			page 3


 100 00a8 08C08DE5 		str	ip, [sp, #8]
 101              	.LPIC7:
 102 00ac 02208FE0 		add	r2, pc, r2
 103 00b0 00408DE5 		str	r4, [sp]
 104 00b4 00E081E5 		str	lr, [r1]
 105 00b8 38109FE5 		ldr	r1, .L8+36
 106              	.LPIC8:
 107 00bc 01108FE0 		add	r1, pc, r1
 108 00c0 FEFFFFEB 		bl	siFormattedMessage_SC(PLT)
 109 00c4 0400A0E1 		mov	r0, r4
 110 00c8 E5FFFFEA 		b	.L1
 111              	.L5:
 112 00cc 0120A0E3 		mov	r2, #1
 113 00d0 E6FFFFEA 		b	.L2
 114              	.L9:
 115              		.align	2
 116              	.L8:
 117 00d4 C0000000 		.word	.LANCHOR0-(.LPIC0+8)
 118 00d8 90000000 		.word	.LC2-(.LPIC4+8)
 119 00dc 90000000 		.word	.LC3-(.LPIC5+8)
 120 00e0 88000000 		.word	.LC0-(.LPIC2+8)
 121 00e4 88000000 		.word	.LC1-(.LPIC3+8)
 122 00e8 5C000000 		.word	.LANCHOR0-(.LPIC6+8)
 123 00ec 58000000 		.word	.LC4-(.LPIC9+8)
 124 00f0 58000000 		.word	.LC3-(.LPIC10+8)
 125 00f4 40000000 		.word	.LC0-(.LPIC7+8)
 126 00f8 34000000 		.word	.LC1-(.LPIC8+8)
 128              		.section	.rodata.str1.4
 129 0089 000000   		.align	2
 130              	.LC5:
 131 008c 45417069 		.ascii	"EApiVgaSetBacklightEnableEmul\000"
 131      56676153 
 131      65744261 
 131      636B6C69 
 131      67687445 
 132              		.text
 133              		.align	2
 134              		.global	EApiVgaSetBacklightEnableEmul
 135              		.hidden	EApiVgaSetBacklightEnableEmul
 136              		.syntax unified
 137              		.arm
 138              		.fpu vfpv3
 140              	EApiVgaSetBacklightEnableEmul:
 141              		@ args = 0, pretend = 0, frame = 0
 142              		@ frame_needed = 0, uses_anonymous_args = 0
 143 00fc C4309FE5 		ldr	r3, .L16
 144 0100 10402DE9 		push	{r4, lr}
 145 0104 10D04DE2 		sub	sp, sp, #16
 146              	.LPIC11:
 147 0108 03308FE0 		add	r3, pc, r3
 148 010c 002093E5 		ldr	r2, [r3]
 149 0110 020050E1 		cmp	r0, r2
 150 0114 1300000A 		beq	.L13
 151 0118 0C3093E5 		ldr	r3, [r3, #12]
 152 011c 030050E1 		cmp	r0, r3
 153 0120 2600000A 		beq	.L14
 154 0124 A0C09FE5 		ldr	ip, .L16+4
ARM GAS  /tmp/ccEQWmle.s 			page 4


 155 0128 034CE0E3 		mvn	r4, #768
 156 012c 9C009FE5 		ldr	r0, .L16+8
 157 0130 6D30A0E3 		mov	r3, #109
 158 0134 98209FE5 		ldr	r2, .L16+12
 159 0138 98109FE5 		ldr	r1, .L16+16
 160              	.LPIC15:
 161 013c 0CC08FE0 		add	ip, pc, ip
 162              	.LPIC16:
 163 0140 00008FE0 		add	r0, pc, r0
 164 0144 00408DE5 		str	r4, [sp]
 165 0148 01108DE9 		stmib	sp, {r0, ip}
 166              	.LPIC13:
 167 014c 02208FE0 		add	r2, pc, r2
 168              	.LPIC14:
 169 0150 01108FE0 		add	r1, pc, r1
 170 0154 4500A0E3 		mov	r0, #69
 171 0158 FEFFFFEB 		bl	siFormattedMessage_SC(PLT)
 172 015c 0400A0E1 		mov	r0, r4
 173              	.L10:
 174 0160 10D08DE2 		add	sp, sp, #16
 175              		@ sp needed
 176 0164 1080BDE8 		pop	{r4, pc}
 177              	.L13:
 178 0168 0020A0E3 		mov	r2, #0
 179              	.L11:
 180              	.L12:
 181 016c 68309FE5 		ldr	r3, .L16+20
 182 0170 822082E0 		add	r2, r2, r2, lsl #1
 183 0174 64C09FE5 		ldr	ip, .L16+24
 184 0178 0040A0E3 		mov	r4, #0
 185 017c 60009FE5 		ldr	r0, .L16+28
 186              	.LPIC17:
 187 0180 03308FE0 		add	r3, pc, r3
 188 0184 023183E0 		add	r3, r3, r2, lsl #2
 189 0188 58209FE5 		ldr	r2, .L16+32
 190              	.LPIC20:
 191 018c 0CC08FE0 		add	ip, pc, ip
 192 0190 041083E5 		str	r1, [r3, #4]
 193              	.LPIC21:
 194 0194 00008FE0 		add	r0, pc, r0
 195 0198 4C109FE5 		ldr	r1, .L16+36
 196              	.LPIC18:
 197 019c 02208FE0 		add	r2, pc, r2
 198 01a0 01108DE9 		stmib	sp, {r0, ip}
 199 01a4 6730A0E3 		mov	r3, #103
 200 01a8 4C00A0E3 		mov	r0, #76
 201 01ac 00408DE5 		str	r4, [sp]
 202              	.LPIC19:
 203 01b0 01108FE0 		add	r1, pc, r1
 204 01b4 FEFFFFEB 		bl	siFormattedMessage_SC(PLT)
 205 01b8 0400A0E1 		mov	r0, r4
 206 01bc E7FFFFEA 		b	.L10
 207              	.L14:
 208 01c0 0120A0E3 		mov	r2, #1
 209 01c4 E8FFFFEA 		b	.L11
 210              	.L17:
 211              		.align	2
ARM GAS  /tmp/ccEQWmle.s 			page 5


 212              	.L16:
 213 01c8 B8000000 		.word	.LANCHOR0-(.LPIC11+8)
 214 01cc 88000000 		.word	.LC2-(.LPIC15+8)
 215 01d0 88000000 		.word	.LC3-(.LPIC16+8)
 216 01d4 80000000 		.word	.LC5-(.LPIC13+8)
 217 01d8 80000000 		.word	.LC1-(.LPIC14+8)
 218 01dc 54000000 		.word	.LANCHOR0-(.LPIC17+8)
 219 01e0 4C000000 		.word	.LC4-(.LPIC20+8)
 220 01e4 48000000 		.word	.LC3-(.LPIC21+8)
 221 01e8 44000000 		.word	.LC5-(.LPIC18+8)
 222 01ec 34000000 		.word	.LC1-(.LPIC19+8)
 224              		.section	.rodata.str1.4
 225 00aa 0000     		.align	2
 226              	.LC6:
 227 00ac 45417069 		.ascii	"EApiVgaGetBacklightBrightnessEmul\000"
 227      56676147 
 227      65744261 
 227      636B6C69 
 227      67687442 
 228              		.text
 229              		.align	2
 230              		.global	EApiVgaGetBacklightBrightnessEmul
 231              		.hidden	EApiVgaGetBacklightBrightnessEmul
 232              		.syntax unified
 233              		.arm
 234              		.fpu vfpv3
 236              	EApiVgaGetBacklightBrightnessEmul:
 237              		@ args = 0, pretend = 0, frame = 0
 238              		@ frame_needed = 0, uses_anonymous_args = 0
 239 01f0 CC309FE5 		ldr	r3, .L24
 240 01f4 10402DE9 		push	{r4, lr}
 241 01f8 10D04DE2 		sub	sp, sp, #16
 242              	.LPIC22:
 243 01fc 03308FE0 		add	r3, pc, r3
 244 0200 002093E5 		ldr	r2, [r3]
 245 0204 020050E1 		cmp	r0, r2
 246 0208 1300000A 		beq	.L21
 247 020c 0C3093E5 		ldr	r3, [r3, #12]
 248 0210 030050E1 		cmp	r0, r3
 249 0214 2800000A 		beq	.L22
 250 0218 A8C09FE5 		ldr	ip, .L24+4
 251 021c 034CE0E3 		mvn	r4, #768
 252 0220 A4009FE5 		ldr	r0, .L24+8
 253 0224 8A30A0E3 		mov	r3, #138
 254 0228 A0209FE5 		ldr	r2, .L24+12
 255 022c A0109FE5 		ldr	r1, .L24+16
 256              	.LPIC26:
 257 0230 0CC08FE0 		add	ip, pc, ip
 258              	.LPIC27:
 259 0234 00008FE0 		add	r0, pc, r0
 260 0238 00408DE5 		str	r4, [sp]
 261 023c 01108DE9 		stmib	sp, {r0, ip}
 262              	.LPIC24:
 263 0240 02208FE0 		add	r2, pc, r2
 264              	.LPIC25:
 265 0244 01108FE0 		add	r1, pc, r1
 266 0248 4500A0E3 		mov	r0, #69
ARM GAS  /tmp/ccEQWmle.s 			page 6


 267 024c FEFFFFEB 		bl	siFormattedMessage_SC(PLT)
 268 0250 0400A0E1 		mov	r0, r4
 269              	.L18:
 270 0254 10D08DE2 		add	sp, sp, #16
 271              		@ sp needed
 272 0258 1080BDE8 		pop	{r4, pc}
 273              	.L21:
 274 025c 0020A0E3 		mov	r2, #0
 275              	.L19:
 276              	.L20:
 277 0260 70309FE5 		ldr	r3, .L24+20
 278 0264 822082E0 		add	r2, r2, r2, lsl #1
 279 0268 6CC09FE5 		ldr	ip, .L24+24
 280 026c 0040A0E3 		mov	r4, #0
 281 0270 68009FE5 		ldr	r0, .L24+28
 282              	.LPIC28:
 283 0274 03308FE0 		add	r3, pc, r3
 284 0278 023183E0 		add	r3, r3, r2, lsl #2
 285              	.LPIC31:
 286 027c 0CC08FE0 		add	ip, pc, ip
 287              	.LPIC32:
 288 0280 00008FE0 		add	r0, pc, r0
 289 0284 58209FE5 		ldr	r2, .L24+32
 290 0288 08E093E5 		ldr	lr, [r3, #8]
 291 028c 8430A0E3 		mov	r3, #132
 292 0290 04008DE5 		str	r0, [sp, #4]
 293 0294 4C00A0E3 		mov	r0, #76
 294 0298 08C08DE5 		str	ip, [sp, #8]
 295              	.LPIC29:
 296 029c 02208FE0 		add	r2, pc, r2
 297 02a0 00408DE5 		str	r4, [sp]
 298 02a4 00E081E5 		str	lr, [r1]
 299 02a8 38109FE5 		ldr	r1, .L24+36
 300              	.LPIC30:
 301 02ac 01108FE0 		add	r1, pc, r1
 302 02b0 FEFFFFEB 		bl	siFormattedMessage_SC(PLT)
 303 02b4 0400A0E1 		mov	r0, r4
 304 02b8 E5FFFFEA 		b	.L18
 305              	.L22:
 306 02bc 0120A0E3 		mov	r2, #1
 307 02c0 E6FFFFEA 		b	.L19
 308              	.L25:
 309              		.align	2
 310              	.L24:
 311 02c4 C0000000 		.word	.LANCHOR0-(.LPIC22+8)
 312 02c8 90000000 		.word	.LC2-(.LPIC26+8)
 313 02cc 90000000 		.word	.LC3-(.LPIC27+8)
 314 02d0 88000000 		.word	.LC6-(.LPIC24+8)
 315 02d4 88000000 		.word	.LC1-(.LPIC25+8)
 316 02d8 5C000000 		.word	.LANCHOR0-(.LPIC28+8)
 317 02dc 58000000 		.word	.LC4-(.LPIC31+8)
 318 02e0 58000000 		.word	.LC3-(.LPIC32+8)
 319 02e4 40000000 		.word	.LC6-(.LPIC29+8)
 320 02e8 34000000 		.word	.LC1-(.LPIC30+8)
 322              		.section	.rodata.str1.4
 323 00ce 0000     		.align	2
 324              	.LC7:
ARM GAS  /tmp/ccEQWmle.s 			page 7


 325 00d0 45417069 		.ascii	"EApiVgaSetBacklightBrightnessEmul\000"
 325      56676153 
 325      65744261 
 325      636B6C69 
 325      67687442 
 326 00f2 0000     		.align	2
 327              	.LC8:
 328 00f4 45417069 		.ascii	"EApiVgaSetBacklightBrightness\000"
 328      56676153 
 328      65744261 
 328      636B6C69 
 328      67687442 
 329              		.text
 330              		.align	2
 331              		.global	EApiVgaSetBacklightBrightnessEmul
 332              		.hidden	EApiVgaSetBacklightBrightnessEmul
 333              		.syntax unified
 334              		.arm
 335              		.fpu vfpv3
 337              	EApiVgaSetBacklightBrightnessEmul:
 338              		@ args = 0, pretend = 0, frame = 0
 339              		@ frame_needed = 0, uses_anonymous_args = 0
 340 02ec C4309FE5 		ldr	r3, .L32
 341 02f0 10402DE9 		push	{r4, lr}
 342 02f4 10D04DE2 		sub	sp, sp, #16
 343              	.LPIC33:
 344 02f8 03308FE0 		add	r3, pc, r3
 345 02fc 002093E5 		ldr	r2, [r3]
 346 0300 020050E1 		cmp	r0, r2
 347 0304 1300000A 		beq	.L29
 348 0308 0C3093E5 		ldr	r3, [r3, #12]
 349 030c 030050E1 		cmp	r0, r3
 350 0310 2600000A 		beq	.L30
 351 0314 A0C09FE5 		ldr	ip, .L32+4
 352 0318 034CE0E3 		mvn	r4, #768
 353 031c 9C009FE5 		ldr	r0, .L32+8
 354 0320 A830A0E3 		mov	r3, #168
 355 0324 98209FE5 		ldr	r2, .L32+12
 356 0328 98109FE5 		ldr	r1, .L32+16
 357              	.LPIC37:
 358 032c 0CC08FE0 		add	ip, pc, ip
 359              	.LPIC38:
 360 0330 00008FE0 		add	r0, pc, r0
 361 0334 00408DE5 		str	r4, [sp]
 362 0338 01108DE9 		stmib	sp, {r0, ip}
 363              	.LPIC35:
 364 033c 02208FE0 		add	r2, pc, r2
 365              	.LPIC36:
 366 0340 01108FE0 		add	r1, pc, r1
 367 0344 4500A0E3 		mov	r0, #69
 368 0348 FEFFFFEB 		bl	siFormattedMessage_SC(PLT)
 369 034c 0400A0E1 		mov	r0, r4
 370              	.L26:
 371 0350 10D08DE2 		add	sp, sp, #16
 372              		@ sp needed
 373 0354 1080BDE8 		pop	{r4, pc}
 374              	.L29:
ARM GAS  /tmp/ccEQWmle.s 			page 8


 375 0358 0020A0E3 		mov	r2, #0
 376              	.L27:
 377              	.L28:
 378 035c 68309FE5 		ldr	r3, .L32+20
 379 0360 822082E0 		add	r2, r2, r2, lsl #1
 380 0364 64C09FE5 		ldr	ip, .L32+24
 381 0368 0040A0E3 		mov	r4, #0
 382 036c 60009FE5 		ldr	r0, .L32+28
 383              	.LPIC39:
 384 0370 03308FE0 		add	r3, pc, r3
 385 0374 023183E0 		add	r3, r3, r2, lsl #2
 386 0378 58209FE5 		ldr	r2, .L32+32
 387              	.LPIC42:
 388 037c 0CC08FE0 		add	ip, pc, ip
 389 0380 081083E5 		str	r1, [r3, #8]
 390              	.LPIC43:
 391 0384 00008FE0 		add	r0, pc, r0
 392 0388 4C109FE5 		ldr	r1, .L32+36
 393              	.LPIC40:
 394 038c 02208FE0 		add	r2, pc, r2
 395 0390 01108DE9 		stmib	sp, {r0, ip}
 396 0394 A230A0E3 		mov	r3, #162
 397 0398 4C00A0E3 		mov	r0, #76
 398 039c 00408DE5 		str	r4, [sp]
 399              	.LPIC41:
 400 03a0 01108FE0 		add	r1, pc, r1
 401 03a4 FEFFFFEB 		bl	siFormattedMessage_SC(PLT)
 402 03a8 0400A0E1 		mov	r0, r4
 403 03ac E7FFFFEA 		b	.L26
 404              	.L30:
 405 03b0 0120A0E3 		mov	r2, #1
 406 03b4 E8FFFFEA 		b	.L27
 407              	.L33:
 408              		.align	2
 409              	.L32:
 410 03b8 B8000000 		.word	.LANCHOR0-(.LPIC33+8)
 411 03bc 88000000 		.word	.LC2-(.LPIC37+8)
 412 03c0 88000000 		.word	.LC3-(.LPIC38+8)
 413 03c4 80000000 		.word	.LC7-(.LPIC35+8)
 414 03c8 80000000 		.word	.LC1-(.LPIC36+8)
 415 03cc 54000000 		.word	.LANCHOR0-(.LPIC39+8)
 416 03d0 4C000000 		.word	.LC4-(.LPIC42+8)
 417 03d4 48000000 		.word	.LC3-(.LPIC43+8)
 418 03d8 44000000 		.word	.LC8-(.LPIC40+8)
 419 03dc 34000000 		.word	.LC1-(.LPIC41+8)
 421              		.data
 422              		.align	2
 423              		.set	.LANCHOR0,. + 0
 426              	BacklightLookup:
 427 0000 00000000 		.word	0
 428 0004 00000000 		.word	0
 429 0008 00000000 		.word	0
 430 000c 01000000 		.word	1
 431 0010 FFFFFFFF 		.word	-1
 432 0014 FF000000 		.word	255
 433              		.ident	"GCC: (Buildroot 2022.02) 11.2.0"
 434              		.section	.note.GNU-stack,"",%progbits
ARM GAS  /tmp/ccEQWmle.s 			page 9


ARM GAS  /tmp/ccEQWmle.s 			page 10


DEFINED SYMBOLS
                            *ABS*:0000000000000000 EApiEmulBacklight.c
     /tmp/ccEQWmle.s:15     .rodata.str1.4:0000000000000000 $d
     /tmp/ccEQWmle.s:16     .rodata.str1.4:0000000000000000 .LC0
     /tmp/ccEQWmle.s:19     .rodata.str1.4:0000000000000020 .LC1
     /tmp/ccEQWmle.s:23     .rodata.str1.4:0000000000000068 .LC2
     /tmp/ccEQWmle.s:26     .rodata.str1.4:0000000000000084 .LC3
     /tmp/ccEQWmle.s:29     .rodata.str1.4:0000000000000088 .LC4
     /tmp/ccEQWmle.s:32     .text:0000000000000000 $a
     /tmp/ccEQWmle.s:42     .text:0000000000000000 EApiVgaGetBacklightEnableEmul
     /tmp/ccEQWmle.s:117    .text:00000000000000d4 $d
     /tmp/ccEQWmle.s:130    .rodata.str1.4:000000000000008c .LC5
     /tmp/ccEQWmle.s:133    .text:00000000000000fc $a
     /tmp/ccEQWmle.s:140    .text:00000000000000fc EApiVgaSetBacklightEnableEmul
     /tmp/ccEQWmle.s:213    .text:00000000000001c8 $d
     /tmp/ccEQWmle.s:226    .rodata.str1.4:00000000000000ac .LC6
     /tmp/ccEQWmle.s:229    .text:00000000000001f0 $a
     /tmp/ccEQWmle.s:236    .text:00000000000001f0 EApiVgaGetBacklightBrightnessEmul
     /tmp/ccEQWmle.s:311    .text:00000000000002c4 $d
     /tmp/ccEQWmle.s:324    .rodata.str1.4:00000000000000d0 .LC7
     /tmp/ccEQWmle.s:327    .rodata.str1.4:00000000000000f4 .LC8
     /tmp/ccEQWmle.s:330    .text:00000000000002ec $a
     /tmp/ccEQWmle.s:337    .text:00000000000002ec EApiVgaSetBacklightBrightnessEmul
     /tmp/ccEQWmle.s:410    .text:00000000000003b8 $d
     /tmp/ccEQWmle.s:422    .data:0000000000000000 $d
     /tmp/ccEQWmle.s:426    .data:0000000000000000 BacklightLookup

UNDEFINED SYMBOLS
siFormattedMessage_SC
