ARM GAS  /tmp/ccIiZLz0.s 			page 1


   1              		.cpu cortex-a9
   2              		.eabi_attribute 28, 1
   3              		.eabi_attribute 20, 1
   4              		.eabi_attribute 21, 1
   5              		.eabi_attribute 23, 3
   6              		.eabi_attribute 24, 1
   7              		.eabi_attribute 25, 1
   8              		.eabi_attribute 26, 2
   9              		.eabi_attribute 30, 2
  10              		.eabi_attribute 34, 1
  11              		.eabi_attribute 18, 4
  12              		.file	"interp.c"
  13              		.text
  14              		.hidden	__invoke_dynamic_linker__
  15              		.global	__invoke_dynamic_linker__
  16              		.section	.interp,"a"
  17              		.align	2
  20              	__invoke_dynamic_linker__:
  21 0000 2F6C6962 		.ascii	"/lib64/ld-linux-x86-64.so.2\000"
  21      36342F6C 
  21      642D6C69 
  21      6E75782D 
  21      7838362D 
  22              		.ident	"GCC: (Buildroot 2022.02) 11.2.0"
  23              		.section	.note.GNU-stack,"",%progbits
ARM GAS  /tmp/ccIiZLz0.s 			page 2


DEFINED SYMBOLS
                            *ABS*:0000000000000000 interp.c
     /tmp/ccIiZLz0.s:20     .interp:0000000000000000 __invoke_dynamic_linker__
     /tmp/ccIiZLz0.s:17     .interp:0000000000000000 $d

NO UNDEFINED SYMBOLS
