ARM GAS  /tmp/ccvccAbK.s 			page 1


   1              		.cpu cortex-a9
   2              		.eabi_attribute 28, 1
   3              		.eabi_attribute 20, 1
   4              		.eabi_attribute 21, 1
   5              		.eabi_attribute 23, 3
   6              		.eabi_attribute 24, 1
   7              		.eabi_attribute 25, 1
   8              		.eabi_attribute 26, 2
   9              		.eabi_attribute 30, 2
  10              		.eabi_attribute 34, 1
  11              		.eabi_attribute 18, 4
  12              		.file	"Message.c"
  13              		.text
  14              		.align	2
  15              		.global	EApiMain
  16              		.hidden	EApiMain
  17              		.arch armv7-a
  18              		.arch_extension mp
  19              		.arch_extension sec
  20              		.syntax unified
  21              		.arm
  22              		.fpu vfpv3
  24              	EApiMain:
  25              		@ Volatile: function does not return.
  26              		@ args = 0, pretend = 0, frame = 0
  27              		@ frame_needed = 0, uses_anonymous_args = 0
  28 0000 0040A0E3 		mov	r4, #0
  29 0004 04E02DE5 		str	lr, [sp, #-4]!
  30 0008 0110A0E3 		mov	r1, #1
  31 000c 14D04DE2 		sub	sp, sp, #20
  32 0010 DF0300E3 		movw	r0, #991
  33 0014 0520A0E3 		mov	r2, #5
  34 0018 13008DE9 		stmib	sp, {r0, r1, r4}
  35 001c 0430A0E1 		mov	r3, r4
  36 0020 14009FE5 		ldr	r0, .L4
  37 0024 00208DE5 		str	r2, [sp]
  38 0028 0420A0E1 		mov	r2, r4
  39              	.LPIC0:
  40 002c 00008FE0 		add	r0, pc, r0
  41 0030 FEFFFFEB 		bl	printf(PLT)
  42 0034 0400A0E1 		mov	r0, r4
  43 0038 FEFFFFEB 		bl	exit(PLT)
  44              	.L5:
  45              		.align	2
  46              	.L4:
  47 003c 08000000 		.word	.LANCHOR0-(.LPIC0+8)
  49              		.hidden	Header
  50              		.global	Header
  51              		.data
  52              		.align	2
  53              		.set	.LANCHOR0,. + 0
  56              	Header:
  57 0000 0A2B2D2D 		.ascii	"\012+----------------------------------------------"
  57      2D2D2D2D 
  57      2D2D2D2D 
  57      2D2D2D2D 
  57      2D2D2D2D 
ARM GAS  /tmp/ccvccAbK.s 			page 2


  58 0030 2D2D2D2D 		.ascii	"------------------------------+\012I              C"
  58      2D2D2D2D 
  58      2D2D2D2D 
  58      2D2D2D2D 
  58      2D2D2D2D 
  59 0060 6F707972 		.ascii	"opyright (C) Kontron Embedded Modules GmbH 2009    "
  59      69676874 
  59      20284329 
  59      204B6F6E 
  59      74726F6E 
  60 0093 20202020 		.ascii	"          I\012+-----------------------------------"
  60      20202020 
  60      2020490A 
  60      2B2D2D2D 
  60      2D2D2D2D 
  61 00c3 2D2D2D2D 		.ascii	"-----------------------------------------+\012SVers"
  61      2D2D2D2D 
  61      2D2D2D2D 
  61      2D2D2D2D 
  61      2D2D2D2D 
  62 00f3 696F6E3D 		.ascii	"ion=%u.%u\012LVersion=%u.%u.%u\012Manufacturer=PICM"
  62      25752E25 
  62      750A4C56 
  62      65727369 
  62      6F6E3D25 
  63 0120 470A4D50 		.ascii	"G\012MPNPID=PMG\012OFilename=libEApiPMG.so.%u.%u\012"
  63      4E504944 
  63      3D504D47 
  63      0A4F4669 
  63      6C656E61 
  64 014b 44657363 		.ascii	"Description=Embedded Application Programming Interf"
  64      72697074 
  64      696F6E3D 
  64      456D6265 
  64      64646564 
  65 017e 6163650A 		.ascii	"ace\012\000"
  65      00
  66              		.ident	"GCC: (Buildroot 2022.02) 11.2.0"
  67              		.section	.note.GNU-stack,"",%progbits
ARM GAS  /tmp/ccvccAbK.s 			page 3


DEFINED SYMBOLS
                            *ABS*:0000000000000000 Message.c
     /tmp/ccvccAbK.s:14     .text:0000000000000000 $a
     /tmp/ccvccAbK.s:24     .text:0000000000000000 EApiMain
     /tmp/ccvccAbK.s:47     .text:000000000000003c $d
     /tmp/ccvccAbK.s:56     .data:0000000000000000 Header
     /tmp/ccvccAbK.s:52     .data:0000000000000000 $d

UNDEFINED SYMBOLS
printf
exit
