ARM GAS  /tmp/ccgsMizm.s 			page 1


   1              		.cpu cortex-a9
   2              		.eabi_attribute 28, 1
   3              		.eabi_attribute 20, 1
   4              		.eabi_attribute 21, 1
   5              		.eabi_attribute 23, 3
   6              		.eabi_attribute 24, 1
   7              		.eabi_attribute 25, 1
   8              		.eabi_attribute 26, 2
   9              		.eabi_attribute 30, 6
  10              		.eabi_attribute 34, 1
  11              		.eabi_attribute 18, 4
  12              		.file	"EApiEmulBacklight.c"
  13              		.text
  14              	.Ltext0:
  15              		.cfi_sections	.debug_frame
  16              		.data
  17              		.align	2
  20              	BacklightLookup:
  21 0000 00000000 		.word	0
  22 0004 00000000 		.word	0
  23 0008 00000000 		.word	0
  24 000c 01000000 		.word	1
  25 0010 FFFFFFFF 		.word	-1
  26 0014 FF000000 		.word	255
  27              		.section	.rodata
  28              		.align	2
  29              	.LC0:
  30 0000 45417069 		.ascii	"EApiVgaGetBacklightEnableEmul\000"
  30      56676147 
  30      65744261 
  30      636B6C69 
  30      67687445 
  31 001e 0000     		.align	2
  32              	.LC1:
  33 0020 2F686F6D 		.ascii	"/home/hkh/git/eapidk-code-r76-trunk/lib/linux/../EA"
  33      652F686B 
  33      682F6769 
  33      742F6561 
  33      7069646B 
  34 0053 7069456D 		.ascii	"piEmulBacklight.c\000"
  34      756C4261 
  34      636B6C69 
  34      6768742E 
  34      6300
  35 0065 000000   		.align	2
  36              	.LC2:
  37 0068 00       		.ascii	"\000"
  38 0069 000000   		.align	2
  39              	.LC3:
  40 006c 25730A00 		.ascii	"%s\012\000"
  41              		.align	2
  42              	.LC4:
  43 0070 556E7265 		.ascii	"Unrecognised Backlight ID\000"
  43      636F676E 
  43      69736564 
  43      20426163 
  43      6B6C6967 
ARM GAS  /tmp/ccgsMizm.s 			page 2


  44              		.text
  45              		.align	2
  46              		.global	EApiVgaGetBacklightEnableEmul
  47              		.hidden	EApiVgaGetBacklightEnableEmul
  48              		.arch armv7-a
  49              		.arch_extension mp
  50              		.arch_extension sec
  51              		.syntax unified
  52              		.arm
  53              		.fpu vfpv3
  55              	EApiVgaGetBacklightEnableEmul:
  56              	.LFB1:
  57              		.file 1 "/home/hkh/git/eapidk-code-r76-trunk/lib/linux/../EApiEmulBacklight.c"
   1:/home/hkh/git/eapidk-code-r76-trunk/lib/linux/../EApiEmulBacklight.c **** /*
   2:/home/hkh/git/eapidk-code-r76-trunk/lib/linux/../EApiEmulBacklight.c ****  *<KHeader>
   3:/home/hkh/git/eapidk-code-r76-trunk/lib/linux/../EApiEmulBacklight.c ****  *+=========================================================================
   4:/home/hkh/git/eapidk-code-r76-trunk/lib/linux/../EApiEmulBacklight.c ****  *I  Project Name: EApiDK Embedded Application Development Kit
   5:/home/hkh/git/eapidk-code-r76-trunk/lib/linux/../EApiEmulBacklight.c ****  *+=========================================================================
   6:/home/hkh/git/eapidk-code-r76-trunk/lib/linux/../EApiEmulBacklight.c ****  *I  $HeadURL: file:///svn/p/eapidk/code/trunk/lib/EApiEmulBacklight.c $
   7:/home/hkh/git/eapidk-code-r76-trunk/lib/linux/../EApiEmulBacklight.c ****  *+=========================================================================
   8:/home/hkh/git/eapidk-code-r76-trunk/lib/linux/../EApiEmulBacklight.c ****  *I   Copyright: Copyright (c) 2002-2009, Kontron Embedded Modules GmbH
   9:/home/hkh/git/eapidk-code-r76-trunk/lib/linux/../EApiEmulBacklight.c ****  *I      Author: John Kearney,                  John.Kearney@kontron.com
  10:/home/hkh/git/eapidk-code-r76-trunk/lib/linux/../EApiEmulBacklight.c ****  *I
  11:/home/hkh/git/eapidk-code-r76-trunk/lib/linux/../EApiEmulBacklight.c ****  *I     License: All rights reserved. This program and the accompanying 
  12:/home/hkh/git/eapidk-code-r76-trunk/lib/linux/../EApiEmulBacklight.c ****  *I              materials are licensed and made available under the 
  13:/home/hkh/git/eapidk-code-r76-trunk/lib/linux/../EApiEmulBacklight.c ****  *I              terms and conditions of the BSD License which 
  14:/home/hkh/git/eapidk-code-r76-trunk/lib/linux/../EApiEmulBacklight.c ****  *I              accompanies this distribution. The full text of the 
  15:/home/hkh/git/eapidk-code-r76-trunk/lib/linux/../EApiEmulBacklight.c ****  *I              license may be found at 
  16:/home/hkh/git/eapidk-code-r76-trunk/lib/linux/../EApiEmulBacklight.c ****  *I              http://opensource.org/licenses/bsd-license.php
  17:/home/hkh/git/eapidk-code-r76-trunk/lib/linux/../EApiEmulBacklight.c ****  *I              
  18:/home/hkh/git/eapidk-code-r76-trunk/lib/linux/../EApiEmulBacklight.c ****  *I              THE PROGRAM IS DISTRIBUTED UNDER THE BSD LICENSE ON AN "
  19:/home/hkh/git/eapidk-code-r76-trunk/lib/linux/../EApiEmulBacklight.c ****  *I              AS IS" BASIS, WITHOUT WARRANTIES OR REPRESENTATIONS OF 
  20:/home/hkh/git/eapidk-code-r76-trunk/lib/linux/../EApiEmulBacklight.c ****  *I              ANY KIND, EITHER EXPRESS OR IMPLIED.
  21:/home/hkh/git/eapidk-code-r76-trunk/lib/linux/../EApiEmulBacklight.c ****  *I
  22:/home/hkh/git/eapidk-code-r76-trunk/lib/linux/../EApiEmulBacklight.c ****  *I Description: Auto Created for EApiEmulBacklight.c
  23:/home/hkh/git/eapidk-code-r76-trunk/lib/linux/../EApiEmulBacklight.c ****  *I
  24:/home/hkh/git/eapidk-code-r76-trunk/lib/linux/../EApiEmulBacklight.c ****  *+-------------------------------------------------------------------------
  25:/home/hkh/git/eapidk-code-r76-trunk/lib/linux/../EApiEmulBacklight.c ****  *I
  26:/home/hkh/git/eapidk-code-r76-trunk/lib/linux/../EApiEmulBacklight.c ****  *I  File Name            : EApiEmulBacklight.c
  27:/home/hkh/git/eapidk-code-r76-trunk/lib/linux/../EApiEmulBacklight.c ****  *I  File Location        : lib
  28:/home/hkh/git/eapidk-code-r76-trunk/lib/linux/../EApiEmulBacklight.c ****  *I  Last committed       : $Revision: 74 $
  29:/home/hkh/git/eapidk-code-r76-trunk/lib/linux/../EApiEmulBacklight.c ****  *I  Last changed by      : $Author: dethrophes $
  30:/home/hkh/git/eapidk-code-r76-trunk/lib/linux/../EApiEmulBacklight.c ****  *I  Last changed date    : $Date: 2010-06-23 19:26:50 +0000 (Wed, 23 Jun 2010) $
  31:/home/hkh/git/eapidk-code-r76-trunk/lib/linux/../EApiEmulBacklight.c ****  *I  ID                   : $Id: EApiEmulBacklight.c 74 2010-06-23 19:26:50Z dethrophes $
  32:/home/hkh/git/eapidk-code-r76-trunk/lib/linux/../EApiEmulBacklight.c ****  *I
  33:/home/hkh/git/eapidk-code-r76-trunk/lib/linux/../EApiEmulBacklight.c ****  *+=========================================================================
  34:/home/hkh/git/eapidk-code-r76-trunk/lib/linux/../EApiEmulBacklight.c ****  *</KHeader>
  35:/home/hkh/git/eapidk-code-r76-trunk/lib/linux/../EApiEmulBacklight.c ****  */
  36:/home/hkh/git/eapidk-code-r76-trunk/lib/linux/../EApiEmulBacklight.c **** 
  37:/home/hkh/git/eapidk-code-r76-trunk/lib/linux/../EApiEmulBacklight.c **** #include <EApiLib.h>
  38:/home/hkh/git/eapidk-code-r76-trunk/lib/linux/../EApiEmulBacklight.c **** 
  39:/home/hkh/git/eapidk-code-r76-trunk/lib/linux/../EApiEmulBacklight.c **** 
  40:/home/hkh/git/eapidk-code-r76-trunk/lib/linux/../EApiEmulBacklight.c **** /*
  41:/home/hkh/git/eapidk-code-r76-trunk/lib/linux/../EApiEmulBacklight.c ****  *
  42:/home/hkh/git/eapidk-code-r76-trunk/lib/linux/../EApiEmulBacklight.c ****  *  
  43:/home/hkh/git/eapidk-code-r76-trunk/lib/linux/../EApiEmulBacklight.c ****  *
  44:/home/hkh/git/eapidk-code-r76-trunk/lib/linux/../EApiEmulBacklight.c ****  *  B A C K L I G H T
ARM GAS  /tmp/ccgsMizm.s 			page 3


  45:/home/hkh/git/eapidk-code-r76-trunk/lib/linux/../EApiEmulBacklight.c ****  *
  46:/home/hkh/git/eapidk-code-r76-trunk/lib/linux/../EApiEmulBacklight.c ****  *
  47:/home/hkh/git/eapidk-code-r76-trunk/lib/linux/../EApiEmulBacklight.c ****  *
  48:/home/hkh/git/eapidk-code-r76-trunk/lib/linux/../EApiEmulBacklight.c ****  */
  49:/home/hkh/git/eapidk-code-r76-trunk/lib/linux/../EApiEmulBacklight.c **** typedef struct BackLightDevice_s{
  50:/home/hkh/git/eapidk-code-r76-trunk/lib/linux/../EApiEmulBacklight.c ****   EApiId_t Id                ; /* EAPI Temperature Id */
  51:/home/hkh/git/eapidk-code-r76-trunk/lib/linux/../EApiEmulBacklight.c ****   uint32_t Enabled           ; /* Current Enabled State */
  52:/home/hkh/git/eapidk-code-r76-trunk/lib/linux/../EApiEmulBacklight.c ****   uint32_t Brightness        ; /* Current Brightness */
  53:/home/hkh/git/eapidk-code-r76-trunk/lib/linux/../EApiEmulBacklight.c **** }BackLightDevice_t;
  54:/home/hkh/git/eapidk-code-r76-trunk/lib/linux/../EApiEmulBacklight.c **** static BackLightDevice_t BacklightLookup[]={
  55:/home/hkh/git/eapidk-code-r76-trunk/lib/linux/../EApiEmulBacklight.c ****   {EAPI_ID_BACKLIGHT_1  , EAPI_BACKLIGHT_SET_ON  , EAPI_BACKLIGHT_SET_DIMEST    },
  56:/home/hkh/git/eapidk-code-r76-trunk/lib/linux/../EApiEmulBacklight.c ****   {EAPI_ID_BACKLIGHT_2  , EAPI_BACKLIGHT_SET_OFF , EAPI_BACKLIGHT_SET_BRIGHTEST },
  57:/home/hkh/git/eapidk-code-r76-trunk/lib/linux/../EApiEmulBacklight.c **** };
  58:/home/hkh/git/eapidk-code-r76-trunk/lib/linux/../EApiEmulBacklight.c **** 
  59:/home/hkh/git/eapidk-code-r76-trunk/lib/linux/../EApiEmulBacklight.c **** EApiStatus_t 
  60:/home/hkh/git/eapidk-code-r76-trunk/lib/linux/../EApiEmulBacklight.c **** EApiVgaGetBacklightEnableEmul( 
  61:/home/hkh/git/eapidk-code-r76-trunk/lib/linux/../EApiEmulBacklight.c ****     __IN  EApiId_t Id       , 
  62:/home/hkh/git/eapidk-code-r76-trunk/lib/linux/../EApiEmulBacklight.c ****     __OUT uint32_t *pEnable
  63:/home/hkh/git/eapidk-code-r76-trunk/lib/linux/../EApiEmulBacklight.c ****     )
  64:/home/hkh/git/eapidk-code-r76-trunk/lib/linux/../EApiEmulBacklight.c **** {
  58              		.loc 1 64 1
  59              		.cfi_startproc
  60              		@ args = 0, pretend = 0, frame = 16
  61              		@ frame_needed = 1, uses_anonymous_args = 0
  62 0000 00482DE9 		push	{fp, lr}
  63              		.cfi_def_cfa_offset 8
  64              		.cfi_offset 11, -8
  65              		.cfi_offset 14, -4
  66 0004 04B08DE2 		add	fp, sp, #4
  67              		.cfi_def_cfa 11, 4
  68 0008 20D04DE2 		sub	sp, sp, #32
  69 000c 10000BE5 		str	r0, [fp, #-16]
  70 0010 14100BE5 		str	r1, [fp, #-20]
  65:/home/hkh/git/eapidk-code-r76-trunk/lib/linux/../EApiEmulBacklight.c ****   EApiStatus_t StatusCode=EAPI_STATUS_SUCCESS;
  71              		.loc 1 65 16
  72 0014 0030A0E3 		mov	r3, #0
  73 0018 0C300BE5 		str	r3, [fp, #-12]
  66:/home/hkh/git/eapidk-code-r76-trunk/lib/linux/../EApiEmulBacklight.c ****   unsigned i;
  67:/home/hkh/git/eapidk-code-r76-trunk/lib/linux/../EApiEmulBacklight.c **** 
  68:/home/hkh/git/eapidk-code-r76-trunk/lib/linux/../EApiEmulBacklight.c ****   for(i=0;i<ARRAY_SIZE(BacklightLookup);i++)
  74              		.loc 1 68 8
  75 001c 0030A0E3 		mov	r3, #0
  76 0020 08300BE5 		str	r3, [fp, #-8]
  77              		.loc 1 68 3
  78 0024 2C0000EA 		b	.L2
  79              	.L5:
  69:/home/hkh/git/eapidk-code-r76-trunk/lib/linux/../EApiEmulBacklight.c ****   {
  70:/home/hkh/git/eapidk-code-r76-trunk/lib/linux/../EApiEmulBacklight.c ****       if(BacklightLookup[i].Id==Id)
  80              		.loc 1 70 28
  81 0028 10119FE5 		ldr	r1, .L7
  82              	.LPIC0:
  83 002c 01108FE0 		add	r1, pc, r1
  84 0030 08201BE5 		ldr	r2, [fp, #-8]
  85 0034 0230A0E1 		mov	r3, r2
  86 0038 8330A0E1 		lsl	r3, r3, #1
  87 003c 023083E0 		add	r3, r3, r2
  88 0040 0331A0E1 		lsl	r3, r3, #2
ARM GAS  /tmp/ccgsMizm.s 			page 4


  89 0044 033081E0 		add	r3, r1, r3
  90 0048 003093E5 		ldr	r3, [r3]
  91              		.loc 1 70 9
  92 004c 10201BE5 		ldr	r2, [fp, #-16]
  93 0050 030052E1 		cmp	r2, r3
  94 0054 1D00001A 		bne	.L3
  71:/home/hkh/git/eapidk-code-r76-trunk/lib/linux/../EApiEmulBacklight.c ****       {
  72:/home/hkh/git/eapidk-code-r76-trunk/lib/linux/../EApiEmulBacklight.c ****         *pEnable=BacklightLookup[i].Enabled;
  95              		.loc 1 72 36
  96 0058 E4109FE5 		ldr	r1, .L7+4
  97              	.LPIC1:
  98 005c 01108FE0 		add	r1, pc, r1
  99 0060 08201BE5 		ldr	r2, [fp, #-8]
 100 0064 0230A0E1 		mov	r3, r2
 101 0068 8330A0E1 		lsl	r3, r3, #1
 102 006c 023083E0 		add	r3, r3, r2
 103 0070 0331A0E1 		lsl	r3, r3, #2
 104 0074 033081E0 		add	r3, r1, r3
 105 0078 043083E2 		add	r3, r3, #4
 106 007c 002093E5 		ldr	r2, [r3]
 107              		.loc 1 72 17
 108 0080 14301BE5 		ldr	r3, [fp, #-20]
 109 0084 002083E5 		str	r2, [r3]
  73:/home/hkh/git/eapidk-code-r76-trunk/lib/linux/../EApiEmulBacklight.c ****         EAPI_LIB_RETURN_SUCCESS(
 110              		.loc 1 73 9
 111 0088 B8309FE5 		ldr	r3, .L7+8
 112              	.LPIC2:
 113 008c 03308FE0 		add	r3, pc, r3
 114 0090 08308DE5 		str	r3, [sp, #8]
 115 0094 B0309FE5 		ldr	r3, .L7+12
 116              	.LPIC3:
 117 0098 03308FE0 		add	r3, pc, r3
 118 009c 04308DE5 		str	r3, [sp, #4]
 119 00a0 0030A0E3 		mov	r3, #0
 120 00a4 00308DE5 		str	r3, [sp]
 121 00a8 4930A0E3 		mov	r3, #73
 122 00ac 9C209FE5 		ldr	r2, .L7+16
 123              	.LPIC4:
 124 00b0 02208FE0 		add	r2, pc, r2
 125 00b4 98109FE5 		ldr	r1, .L7+20
 126              	.LPIC5:
 127 00b8 01108FE0 		add	r1, pc, r1
 128 00bc 4C00A0E3 		mov	r0, #76
 129 00c0 FEFFFFEB 		bl	siFormattedMessage_SC(PLT)
 130 00c4 0030A0E3 		mov	r3, #0
 131 00c8 0C300BE5 		str	r3, [fp, #-12]
 132 00cc 170000EA 		b	.L4
 133              	.L3:
  68:/home/hkh/git/eapidk-code-r76-trunk/lib/linux/../EApiEmulBacklight.c ****   {
 134              		.loc 1 68 42 discriminator 2
 135 00d0 08301BE5 		ldr	r3, [fp, #-8]
 136 00d4 013083E2 		add	r3, r3, #1
 137 00d8 08300BE5 		str	r3, [fp, #-8]
 138              	.L2:
  68:/home/hkh/git/eapidk-code-r76-trunk/lib/linux/../EApiEmulBacklight.c ****   {
 139              		.loc 1 68 12 discriminator 1
 140 00dc 08301BE5 		ldr	r3, [fp, #-8]
ARM GAS  /tmp/ccgsMizm.s 			page 5


 141 00e0 010053E3 		cmp	r3, #1
 142 00e4 CFFFFF9A 		bls	.L5
  74:/home/hkh/git/eapidk-code-r76-trunk/lib/linux/../EApiEmulBacklight.c ****           EApiVgaGetBacklightEnableEmul, 
  75:/home/hkh/git/eapidk-code-r76-trunk/lib/linux/../EApiEmulBacklight.c ****           ""
  76:/home/hkh/git/eapidk-code-r76-trunk/lib/linux/../EApiEmulBacklight.c ****           );
  77:/home/hkh/git/eapidk-code-r76-trunk/lib/linux/../EApiEmulBacklight.c ****       }
  78:/home/hkh/git/eapidk-code-r76-trunk/lib/linux/../EApiEmulBacklight.c ****   }
  79:/home/hkh/git/eapidk-code-r76-trunk/lib/linux/../EApiEmulBacklight.c ****   EAPI_LIB_RETURN_ERROR(
 143              		.loc 1 79 3
 144 00e8 68309FE5 		ldr	r3, .L7+24
 145              	.LPIC6:
 146 00ec 03308FE0 		add	r3, pc, r3
 147 00f0 08308DE5 		str	r3, [sp, #8]
 148 00f4 60309FE5 		ldr	r3, .L7+28
 149              	.LPIC7:
 150 00f8 03308FE0 		add	r3, pc, r3
 151 00fc 04308DE5 		str	r3, [sp, #4]
 152 0100 033CE0E3 		mvn	r3, #768
 153 0104 00308DE5 		str	r3, [sp]
 154 0108 4F30A0E3 		mov	r3, #79
 155 010c 4C209FE5 		ldr	r2, .L7+32
 156              	.LPIC8:
 157 0110 02208FE0 		add	r2, pc, r2
 158 0114 48109FE5 		ldr	r1, .L7+36
 159              	.LPIC9:
 160 0118 01108FE0 		add	r1, pc, r1
 161 011c 4500A0E3 		mov	r0, #69
 162 0120 FEFFFFEB 		bl	siFormattedMessage_SC(PLT)
 163 0124 033CE0E3 		mvn	r3, #768
 164 0128 0C300BE5 		str	r3, [fp, #-12]
 165 012c 00F020E3 		nop
 166              	.L4:
  80:/home/hkh/git/eapidk-code-r76-trunk/lib/linux/../EApiEmulBacklight.c ****     EApiVgaGetBacklightEnableEmul, 
  81:/home/hkh/git/eapidk-code-r76-trunk/lib/linux/../EApiEmulBacklight.c ****     EAPI_STATUS_UNSUPPORTED  , 
  82:/home/hkh/git/eapidk-code-r76-trunk/lib/linux/../EApiEmulBacklight.c ****     "Unrecognised Backlight ID"
  83:/home/hkh/git/eapidk-code-r76-trunk/lib/linux/../EApiEmulBacklight.c ****     );
  84:/home/hkh/git/eapidk-code-r76-trunk/lib/linux/../EApiEmulBacklight.c **** EAPI_LIB_ASSERT_EXIT
  85:/home/hkh/git/eapidk-code-r76-trunk/lib/linux/../EApiEmulBacklight.c **** 
  86:/home/hkh/git/eapidk-code-r76-trunk/lib/linux/../EApiEmulBacklight.c ****   return StatusCode;
 167              		.loc 1 86 10
 168 0130 0C301BE5 		ldr	r3, [fp, #-12]
  87:/home/hkh/git/eapidk-code-r76-trunk/lib/linux/../EApiEmulBacklight.c **** }
 169              		.loc 1 87 1
 170 0134 0300A0E1 		mov	r0, r3
 171 0138 04D04BE2 		sub	sp, fp, #4
 172              		.cfi_def_cfa 13, 8
 173              		@ sp needed
 174 013c 0088BDE8 		pop	{fp, pc}
 175              	.L8:
 176              		.align	2
 177              	.L7:
 178 0140 0C010000 		.word	BacklightLookup-(.LPIC0+8)
 179 0144 E0000000 		.word	BacklightLookup-(.LPIC1+8)
 180 0148 1C010000 		.word	.LC2-(.LPIC2+8)
 181 014c 18010000 		.word	.LC3-(.LPIC3+8)
 182 0150 98000000 		.word	.LC0-(.LPIC4+8)
 183 0154 B4000000 		.word	.LC1-(.LPIC5+8)
ARM GAS  /tmp/ccgsMizm.s 			page 6


 184 0158 D4000000 		.word	.LC4-(.LPIC6+8)
 185 015c C8000000 		.word	.LC3-(.LPIC7+8)
 186 0160 48000000 		.word	.LC0-(.LPIC8+8)
 187 0164 64000000 		.word	.LC1-(.LPIC9+8)
 188              		.cfi_endproc
 189              	.LFE1:
 191              		.section	.rodata
 192 008a 0000     		.align	2
 193              	.LC5:
 194 008c 45417069 		.ascii	"EApiVgaSetBacklightEnableEmul\000"
 194      56676153 
 194      65744261 
 194      636B6C69 
 194      67687445 
 195              		.text
 196              		.align	2
 197              		.global	EApiVgaSetBacklightEnableEmul
 198              		.hidden	EApiVgaSetBacklightEnableEmul
 199              		.syntax unified
 200              		.arm
 201              		.fpu vfpv3
 203              	EApiVgaSetBacklightEnableEmul:
 204              	.LFB2:
  88:/home/hkh/git/eapidk-code-r76-trunk/lib/linux/../EApiEmulBacklight.c **** 
  89:/home/hkh/git/eapidk-code-r76-trunk/lib/linux/../EApiEmulBacklight.c **** EApiStatus_t 
  90:/home/hkh/git/eapidk-code-r76-trunk/lib/linux/../EApiEmulBacklight.c **** EApiVgaSetBacklightEnableEmul( 
  91:/home/hkh/git/eapidk-code-r76-trunk/lib/linux/../EApiEmulBacklight.c ****     __IN  EApiId_t Id       , 
  92:/home/hkh/git/eapidk-code-r76-trunk/lib/linux/../EApiEmulBacklight.c ****     __OUT uint32_t Enable
  93:/home/hkh/git/eapidk-code-r76-trunk/lib/linux/../EApiEmulBacklight.c ****     )
  94:/home/hkh/git/eapidk-code-r76-trunk/lib/linux/../EApiEmulBacklight.c **** {
 205              		.loc 1 94 1
 206              		.cfi_startproc
 207              		@ args = 0, pretend = 0, frame = 16
 208              		@ frame_needed = 1, uses_anonymous_args = 0
 209 0168 00482DE9 		push	{fp, lr}
 210              		.cfi_def_cfa_offset 8
 211              		.cfi_offset 11, -8
 212              		.cfi_offset 14, -4
 213 016c 04B08DE2 		add	fp, sp, #4
 214              		.cfi_def_cfa 11, 4
 215 0170 20D04DE2 		sub	sp, sp, #32
 216 0174 10000BE5 		str	r0, [fp, #-16]
 217 0178 14100BE5 		str	r1, [fp, #-20]
  95:/home/hkh/git/eapidk-code-r76-trunk/lib/linux/../EApiEmulBacklight.c ****   EApiStatus_t StatusCode=EAPI_STATUS_SUCCESS;
 218              		.loc 1 95 16
 219 017c 0030A0E3 		mov	r3, #0
 220 0180 0C300BE5 		str	r3, [fp, #-12]
  96:/home/hkh/git/eapidk-code-r76-trunk/lib/linux/../EApiEmulBacklight.c ****   unsigned i;
  97:/home/hkh/git/eapidk-code-r76-trunk/lib/linux/../EApiEmulBacklight.c **** 
  98:/home/hkh/git/eapidk-code-r76-trunk/lib/linux/../EApiEmulBacklight.c ****   for(i=0;i<ARRAY_SIZE(BacklightLookup);i++)
 221              		.loc 1 98 8
 222 0184 0030A0E3 		mov	r3, #0
 223 0188 08300BE5 		str	r3, [fp, #-8]
 224              		.loc 1 98 3
 225 018c 2B0000EA 		b	.L10
 226              	.L13:
  99:/home/hkh/git/eapidk-code-r76-trunk/lib/linux/../EApiEmulBacklight.c ****   {
ARM GAS  /tmp/ccgsMizm.s 			page 7


 100:/home/hkh/git/eapidk-code-r76-trunk/lib/linux/../EApiEmulBacklight.c ****       if(BacklightLookup[i].Id==Id)
 227              		.loc 1 100 28
 228 0190 0C119FE5 		ldr	r1, .L15
 229              	.LPIC10:
 230 0194 01108FE0 		add	r1, pc, r1
 231 0198 08201BE5 		ldr	r2, [fp, #-8]
 232 019c 0230A0E1 		mov	r3, r2
 233 01a0 8330A0E1 		lsl	r3, r3, #1
 234 01a4 023083E0 		add	r3, r3, r2
 235 01a8 0331A0E1 		lsl	r3, r3, #2
 236 01ac 033081E0 		add	r3, r1, r3
 237 01b0 003093E5 		ldr	r3, [r3]
 238              		.loc 1 100 9
 239 01b4 10201BE5 		ldr	r2, [fp, #-16]
 240 01b8 030052E1 		cmp	r2, r3
 241 01bc 1C00001A 		bne	.L11
 101:/home/hkh/git/eapidk-code-r76-trunk/lib/linux/../EApiEmulBacklight.c ****       {
 102:/home/hkh/git/eapidk-code-r76-trunk/lib/linux/../EApiEmulBacklight.c ****         BacklightLookup[i].Enabled=Enable;
 242              		.loc 1 102 35
 243 01c0 E0109FE5 		ldr	r1, .L15+4
 244              	.LPIC11:
 245 01c4 01108FE0 		add	r1, pc, r1
 246 01c8 08201BE5 		ldr	r2, [fp, #-8]
 247 01cc 0230A0E1 		mov	r3, r2
 248 01d0 8330A0E1 		lsl	r3, r3, #1
 249 01d4 023083E0 		add	r3, r3, r2
 250 01d8 0331A0E1 		lsl	r3, r3, #2
 251 01dc 033081E0 		add	r3, r1, r3
 252 01e0 043083E2 		add	r3, r3, #4
 253 01e4 14201BE5 		ldr	r2, [fp, #-20]
 254 01e8 002083E5 		str	r2, [r3]
 103:/home/hkh/git/eapidk-code-r76-trunk/lib/linux/../EApiEmulBacklight.c ****         EAPI_LIB_RETURN_SUCCESS(
 255              		.loc 1 103 9
 256 01ec B8309FE5 		ldr	r3, .L15+8
 257              	.LPIC12:
 258 01f0 03308FE0 		add	r3, pc, r3
 259 01f4 08308DE5 		str	r3, [sp, #8]
 260 01f8 B0309FE5 		ldr	r3, .L15+12
 261              	.LPIC13:
 262 01fc 03308FE0 		add	r3, pc, r3
 263 0200 04308DE5 		str	r3, [sp, #4]
 264 0204 0030A0E3 		mov	r3, #0
 265 0208 00308DE5 		str	r3, [sp]
 266 020c 6730A0E3 		mov	r3, #103
 267 0210 9C209FE5 		ldr	r2, .L15+16
 268              	.LPIC14:
 269 0214 02208FE0 		add	r2, pc, r2
 270 0218 98109FE5 		ldr	r1, .L15+20
 271              	.LPIC15:
 272 021c 01108FE0 		add	r1, pc, r1
 273 0220 4C00A0E3 		mov	r0, #76
 274 0224 FEFFFFEB 		bl	siFormattedMessage_SC(PLT)
 275 0228 0030A0E3 		mov	r3, #0
 276 022c 0C300BE5 		str	r3, [fp, #-12]
 277 0230 170000EA 		b	.L12
 278              	.L11:
  98:/home/hkh/git/eapidk-code-r76-trunk/lib/linux/../EApiEmulBacklight.c ****   {
ARM GAS  /tmp/ccgsMizm.s 			page 8


 279              		.loc 1 98 42 discriminator 2
 280 0234 08301BE5 		ldr	r3, [fp, #-8]
 281 0238 013083E2 		add	r3, r3, #1
 282 023c 08300BE5 		str	r3, [fp, #-8]
 283              	.L10:
  98:/home/hkh/git/eapidk-code-r76-trunk/lib/linux/../EApiEmulBacklight.c ****   {
 284              		.loc 1 98 12 discriminator 1
 285 0240 08301BE5 		ldr	r3, [fp, #-8]
 286 0244 010053E3 		cmp	r3, #1
 287 0248 D0FFFF9A 		bls	.L13
 104:/home/hkh/git/eapidk-code-r76-trunk/lib/linux/../EApiEmulBacklight.c ****           EApiVgaSetBacklightEnableEmul, 
 105:/home/hkh/git/eapidk-code-r76-trunk/lib/linux/../EApiEmulBacklight.c ****           ""
 106:/home/hkh/git/eapidk-code-r76-trunk/lib/linux/../EApiEmulBacklight.c ****           );
 107:/home/hkh/git/eapidk-code-r76-trunk/lib/linux/../EApiEmulBacklight.c ****       }
 108:/home/hkh/git/eapidk-code-r76-trunk/lib/linux/../EApiEmulBacklight.c ****   }
 109:/home/hkh/git/eapidk-code-r76-trunk/lib/linux/../EApiEmulBacklight.c ****   EAPI_LIB_RETURN_ERROR(
 288              		.loc 1 109 3
 289 024c 68309FE5 		ldr	r3, .L15+24
 290              	.LPIC16:
 291 0250 03308FE0 		add	r3, pc, r3
 292 0254 08308DE5 		str	r3, [sp, #8]
 293 0258 60309FE5 		ldr	r3, .L15+28
 294              	.LPIC17:
 295 025c 03308FE0 		add	r3, pc, r3
 296 0260 04308DE5 		str	r3, [sp, #4]
 297 0264 033CE0E3 		mvn	r3, #768
 298 0268 00308DE5 		str	r3, [sp]
 299 026c 6D30A0E3 		mov	r3, #109
 300 0270 4C209FE5 		ldr	r2, .L15+32
 301              	.LPIC18:
 302 0274 02208FE0 		add	r2, pc, r2
 303 0278 48109FE5 		ldr	r1, .L15+36
 304              	.LPIC19:
 305 027c 01108FE0 		add	r1, pc, r1
 306 0280 4500A0E3 		mov	r0, #69
 307 0284 FEFFFFEB 		bl	siFormattedMessage_SC(PLT)
 308 0288 033CE0E3 		mvn	r3, #768
 309 028c 0C300BE5 		str	r3, [fp, #-12]
 310 0290 00F020E3 		nop
 311              	.L12:
 110:/home/hkh/git/eapidk-code-r76-trunk/lib/linux/../EApiEmulBacklight.c ****     EApiVgaSetBacklightEnableEmul, 
 111:/home/hkh/git/eapidk-code-r76-trunk/lib/linux/../EApiEmulBacklight.c ****     EAPI_STATUS_UNSUPPORTED  , 
 112:/home/hkh/git/eapidk-code-r76-trunk/lib/linux/../EApiEmulBacklight.c ****     "Unrecognised Backlight ID"
 113:/home/hkh/git/eapidk-code-r76-trunk/lib/linux/../EApiEmulBacklight.c ****     );
 114:/home/hkh/git/eapidk-code-r76-trunk/lib/linux/../EApiEmulBacklight.c **** EAPI_LIB_ASSERT_EXIT
 115:/home/hkh/git/eapidk-code-r76-trunk/lib/linux/../EApiEmulBacklight.c **** 
 116:/home/hkh/git/eapidk-code-r76-trunk/lib/linux/../EApiEmulBacklight.c ****   return StatusCode;
 312              		.loc 1 116 10
 313 0294 0C301BE5 		ldr	r3, [fp, #-12]
 117:/home/hkh/git/eapidk-code-r76-trunk/lib/linux/../EApiEmulBacklight.c **** }
 314              		.loc 1 117 1
 315 0298 0300A0E1 		mov	r0, r3
 316 029c 04D04BE2 		sub	sp, fp, #4
 317              		.cfi_def_cfa 13, 8
 318              		@ sp needed
 319 02a0 0088BDE8 		pop	{fp, pc}
 320              	.L16:
ARM GAS  /tmp/ccgsMizm.s 			page 9


 321              		.align	2
 322              	.L15:
 323 02a4 08010000 		.word	BacklightLookup-(.LPIC10+8)
 324 02a8 DC000000 		.word	BacklightLookup-(.LPIC11+8)
 325 02ac 1C010000 		.word	.LC2-(.LPIC12+8)
 326 02b0 18010000 		.word	.LC3-(.LPIC13+8)
 327 02b4 24010000 		.word	.LC5-(.LPIC14+8)
 328 02b8 B4000000 		.word	.LC1-(.LPIC15+8)
 329 02bc D4000000 		.word	.LC4-(.LPIC16+8)
 330 02c0 C8000000 		.word	.LC3-(.LPIC17+8)
 331 02c4 D4000000 		.word	.LC5-(.LPIC18+8)
 332 02c8 64000000 		.word	.LC1-(.LPIC19+8)
 333              		.cfi_endproc
 334              	.LFE2:
 336              		.section	.rodata
 337 00aa 0000     		.align	2
 338              	.LC6:
 339 00ac 45417069 		.ascii	"EApiVgaGetBacklightBrightnessEmul\000"
 339      56676147 
 339      65744261 
 339      636B6C69 
 339      67687442 
 340              		.text
 341              		.align	2
 342              		.global	EApiVgaGetBacklightBrightnessEmul
 343              		.hidden	EApiVgaGetBacklightBrightnessEmul
 344              		.syntax unified
 345              		.arm
 346              		.fpu vfpv3
 348              	EApiVgaGetBacklightBrightnessEmul:
 349              	.LFB3:
 118:/home/hkh/git/eapidk-code-r76-trunk/lib/linux/../EApiEmulBacklight.c **** EApiStatus_t 
 119:/home/hkh/git/eapidk-code-r76-trunk/lib/linux/../EApiEmulBacklight.c **** EApiVgaGetBacklightBrightnessEmul( 
 120:/home/hkh/git/eapidk-code-r76-trunk/lib/linux/../EApiEmulBacklight.c ****     __IN  EApiId_t Id           , 
 121:/home/hkh/git/eapidk-code-r76-trunk/lib/linux/../EApiEmulBacklight.c ****     __OUT uint32_t *pBrightness
 122:/home/hkh/git/eapidk-code-r76-trunk/lib/linux/../EApiEmulBacklight.c ****     )
 123:/home/hkh/git/eapidk-code-r76-trunk/lib/linux/../EApiEmulBacklight.c **** {
 350              		.loc 1 123 1
 351              		.cfi_startproc
 352              		@ args = 0, pretend = 0, frame = 16
 353              		@ frame_needed = 1, uses_anonymous_args = 0
 354 02cc 00482DE9 		push	{fp, lr}
 355              		.cfi_def_cfa_offset 8
 356              		.cfi_offset 11, -8
 357              		.cfi_offset 14, -4
 358 02d0 04B08DE2 		add	fp, sp, #4
 359              		.cfi_def_cfa 11, 4
 360 02d4 20D04DE2 		sub	sp, sp, #32
 361 02d8 10000BE5 		str	r0, [fp, #-16]
 362 02dc 14100BE5 		str	r1, [fp, #-20]
 124:/home/hkh/git/eapidk-code-r76-trunk/lib/linux/../EApiEmulBacklight.c ****   EApiStatus_t StatusCode=EAPI_STATUS_SUCCESS;
 363              		.loc 1 124 16
 364 02e0 0030A0E3 		mov	r3, #0
 365 02e4 0C300BE5 		str	r3, [fp, #-12]
 125:/home/hkh/git/eapidk-code-r76-trunk/lib/linux/../EApiEmulBacklight.c ****   unsigned i;
 126:/home/hkh/git/eapidk-code-r76-trunk/lib/linux/../EApiEmulBacklight.c **** 
 127:/home/hkh/git/eapidk-code-r76-trunk/lib/linux/../EApiEmulBacklight.c ****   for(i=0;i<ARRAY_SIZE(BacklightLookup);i++)
ARM GAS  /tmp/ccgsMizm.s 			page 10


 366              		.loc 1 127 8
 367 02e8 0030A0E3 		mov	r3, #0
 368 02ec 08300BE5 		str	r3, [fp, #-8]
 369              		.loc 1 127 3
 370 02f0 2C0000EA 		b	.L18
 371              	.L21:
 128:/home/hkh/git/eapidk-code-r76-trunk/lib/linux/../EApiEmulBacklight.c ****   {
 129:/home/hkh/git/eapidk-code-r76-trunk/lib/linux/../EApiEmulBacklight.c ****       if(BacklightLookup[i].Id==Id)
 372              		.loc 1 129 28
 373 02f4 10119FE5 		ldr	r1, .L23
 374              	.LPIC20:
 375 02f8 01108FE0 		add	r1, pc, r1
 376 02fc 08201BE5 		ldr	r2, [fp, #-8]
 377 0300 0230A0E1 		mov	r3, r2
 378 0304 8330A0E1 		lsl	r3, r3, #1
 379 0308 023083E0 		add	r3, r3, r2
 380 030c 0331A0E1 		lsl	r3, r3, #2
 381 0310 033081E0 		add	r3, r1, r3
 382 0314 003093E5 		ldr	r3, [r3]
 383              		.loc 1 129 9
 384 0318 10201BE5 		ldr	r2, [fp, #-16]
 385 031c 030052E1 		cmp	r2, r3
 386 0320 1D00001A 		bne	.L19
 130:/home/hkh/git/eapidk-code-r76-trunk/lib/linux/../EApiEmulBacklight.c ****       {
 131:/home/hkh/git/eapidk-code-r76-trunk/lib/linux/../EApiEmulBacklight.c ****         *pBrightness=BacklightLookup[i].Brightness;
 387              		.loc 1 131 40
 388 0324 E4109FE5 		ldr	r1, .L23+4
 389              	.LPIC21:
 390 0328 01108FE0 		add	r1, pc, r1
 391 032c 08201BE5 		ldr	r2, [fp, #-8]
 392 0330 0230A0E1 		mov	r3, r2
 393 0334 8330A0E1 		lsl	r3, r3, #1
 394 0338 023083E0 		add	r3, r3, r2
 395 033c 0331A0E1 		lsl	r3, r3, #2
 396 0340 033081E0 		add	r3, r1, r3
 397 0344 083083E2 		add	r3, r3, #8
 398 0348 002093E5 		ldr	r2, [r3]
 399              		.loc 1 131 21
 400 034c 14301BE5 		ldr	r3, [fp, #-20]
 401 0350 002083E5 		str	r2, [r3]
 132:/home/hkh/git/eapidk-code-r76-trunk/lib/linux/../EApiEmulBacklight.c ****         EAPI_LIB_RETURN_SUCCESS(
 402              		.loc 1 132 9
 403 0354 B8309FE5 		ldr	r3, .L23+8
 404              	.LPIC22:
 405 0358 03308FE0 		add	r3, pc, r3
 406 035c 08308DE5 		str	r3, [sp, #8]
 407 0360 B0309FE5 		ldr	r3, .L23+12
 408              	.LPIC23:
 409 0364 03308FE0 		add	r3, pc, r3
 410 0368 04308DE5 		str	r3, [sp, #4]
 411 036c 0030A0E3 		mov	r3, #0
 412 0370 00308DE5 		str	r3, [sp]
 413 0374 8430A0E3 		mov	r3, #132
 414 0378 9C209FE5 		ldr	r2, .L23+16
 415              	.LPIC24:
 416 037c 02208FE0 		add	r2, pc, r2
 417 0380 98109FE5 		ldr	r1, .L23+20
ARM GAS  /tmp/ccgsMizm.s 			page 11


 418              	.LPIC25:
 419 0384 01108FE0 		add	r1, pc, r1
 420 0388 4C00A0E3 		mov	r0, #76
 421 038c FEFFFFEB 		bl	siFormattedMessage_SC(PLT)
 422 0390 0030A0E3 		mov	r3, #0
 423 0394 0C300BE5 		str	r3, [fp, #-12]
 424 0398 170000EA 		b	.L20
 425              	.L19:
 127:/home/hkh/git/eapidk-code-r76-trunk/lib/linux/../EApiEmulBacklight.c ****   {
 426              		.loc 1 127 42 discriminator 2
 427 039c 08301BE5 		ldr	r3, [fp, #-8]
 428 03a0 013083E2 		add	r3, r3, #1
 429 03a4 08300BE5 		str	r3, [fp, #-8]
 430              	.L18:
 127:/home/hkh/git/eapidk-code-r76-trunk/lib/linux/../EApiEmulBacklight.c ****   {
 431              		.loc 1 127 12 discriminator 1
 432 03a8 08301BE5 		ldr	r3, [fp, #-8]
 433 03ac 010053E3 		cmp	r3, #1
 434 03b0 CFFFFF9A 		bls	.L21
 133:/home/hkh/git/eapidk-code-r76-trunk/lib/linux/../EApiEmulBacklight.c ****           EApiVgaGetBacklightBrightnessEmul, 
 134:/home/hkh/git/eapidk-code-r76-trunk/lib/linux/../EApiEmulBacklight.c ****           ""
 135:/home/hkh/git/eapidk-code-r76-trunk/lib/linux/../EApiEmulBacklight.c ****           );
 136:/home/hkh/git/eapidk-code-r76-trunk/lib/linux/../EApiEmulBacklight.c ****       }
 137:/home/hkh/git/eapidk-code-r76-trunk/lib/linux/../EApiEmulBacklight.c ****   }
 138:/home/hkh/git/eapidk-code-r76-trunk/lib/linux/../EApiEmulBacklight.c ****   EAPI_LIB_RETURN_ERROR(
 435              		.loc 1 138 3
 436 03b4 68309FE5 		ldr	r3, .L23+24
 437              	.LPIC26:
 438 03b8 03308FE0 		add	r3, pc, r3
 439 03bc 08308DE5 		str	r3, [sp, #8]
 440 03c0 60309FE5 		ldr	r3, .L23+28
 441              	.LPIC27:
 442 03c4 03308FE0 		add	r3, pc, r3
 443 03c8 04308DE5 		str	r3, [sp, #4]
 444 03cc 033CE0E3 		mvn	r3, #768
 445 03d0 00308DE5 		str	r3, [sp]
 446 03d4 8A30A0E3 		mov	r3, #138
 447 03d8 4C209FE5 		ldr	r2, .L23+32
 448              	.LPIC28:
 449 03dc 02208FE0 		add	r2, pc, r2
 450 03e0 48109FE5 		ldr	r1, .L23+36
 451              	.LPIC29:
 452 03e4 01108FE0 		add	r1, pc, r1
 453 03e8 4500A0E3 		mov	r0, #69
 454 03ec FEFFFFEB 		bl	siFormattedMessage_SC(PLT)
 455 03f0 033CE0E3 		mvn	r3, #768
 456 03f4 0C300BE5 		str	r3, [fp, #-12]
 457 03f8 00F020E3 		nop
 458              	.L20:
 139:/home/hkh/git/eapidk-code-r76-trunk/lib/linux/../EApiEmulBacklight.c ****     EApiVgaGetBacklightBrightnessEmul, 
 140:/home/hkh/git/eapidk-code-r76-trunk/lib/linux/../EApiEmulBacklight.c ****     EAPI_STATUS_UNSUPPORTED  , 
 141:/home/hkh/git/eapidk-code-r76-trunk/lib/linux/../EApiEmulBacklight.c ****     "Unrecognised Backlight ID"
 142:/home/hkh/git/eapidk-code-r76-trunk/lib/linux/../EApiEmulBacklight.c ****     );
 143:/home/hkh/git/eapidk-code-r76-trunk/lib/linux/../EApiEmulBacklight.c **** EAPI_LIB_ASSERT_EXIT
 144:/home/hkh/git/eapidk-code-r76-trunk/lib/linux/../EApiEmulBacklight.c **** 
 145:/home/hkh/git/eapidk-code-r76-trunk/lib/linux/../EApiEmulBacklight.c ****   return StatusCode;
 459              		.loc 1 145 10
ARM GAS  /tmp/ccgsMizm.s 			page 12


 460 03fc 0C301BE5 		ldr	r3, [fp, #-12]
 146:/home/hkh/git/eapidk-code-r76-trunk/lib/linux/../EApiEmulBacklight.c **** }
 461              		.loc 1 146 1
 462 0400 0300A0E1 		mov	r0, r3
 463 0404 04D04BE2 		sub	sp, fp, #4
 464              		.cfi_def_cfa 13, 8
 465              		@ sp needed
 466 0408 0088BDE8 		pop	{fp, pc}
 467              	.L24:
 468              		.align	2
 469              	.L23:
 470 040c 0C010000 		.word	BacklightLookup-(.LPIC20+8)
 471 0410 E0000000 		.word	BacklightLookup-(.LPIC21+8)
 472 0414 1C010000 		.word	.LC2-(.LPIC22+8)
 473 0418 18010000 		.word	.LC3-(.LPIC23+8)
 474 041c 44010000 		.word	.LC6-(.LPIC24+8)
 475 0420 B4000000 		.word	.LC1-(.LPIC25+8)
 476 0424 D4000000 		.word	.LC4-(.LPIC26+8)
 477 0428 C8000000 		.word	.LC3-(.LPIC27+8)
 478 042c F4000000 		.word	.LC6-(.LPIC28+8)
 479 0430 64000000 		.word	.LC1-(.LPIC29+8)
 480              		.cfi_endproc
 481              	.LFE3:
 483              		.section	.rodata
 484 00ce 0000     		.align	2
 485              	.LC7:
 486 00d0 45417069 		.ascii	"EApiVgaSetBacklightBrightness\000"
 486      56676153 
 486      65744261 
 486      636B6C69 
 486      67687442 
 487 00ee 0000     		.align	2
 488              	.LC8:
 489 00f0 45417069 		.ascii	"EApiVgaSetBacklightBrightnessEmul\000"
 489      56676153 
 489      65744261 
 489      636B6C69 
 489      67687442 
 490              		.text
 491              		.align	2
 492              		.global	EApiVgaSetBacklightBrightnessEmul
 493              		.hidden	EApiVgaSetBacklightBrightnessEmul
 494              		.syntax unified
 495              		.arm
 496              		.fpu vfpv3
 498              	EApiVgaSetBacklightBrightnessEmul:
 499              	.LFB4:
 147:/home/hkh/git/eapidk-code-r76-trunk/lib/linux/../EApiEmulBacklight.c **** 
 148:/home/hkh/git/eapidk-code-r76-trunk/lib/linux/../EApiEmulBacklight.c **** EApiStatus_t 
 149:/home/hkh/git/eapidk-code-r76-trunk/lib/linux/../EApiEmulBacklight.c **** EApiVgaSetBacklightBrightnessEmul( 
 150:/home/hkh/git/eapidk-code-r76-trunk/lib/linux/../EApiEmulBacklight.c ****     __IN  EApiId_t Id           , 
 151:/home/hkh/git/eapidk-code-r76-trunk/lib/linux/../EApiEmulBacklight.c ****     __OUT uint32_t Brightness
 152:/home/hkh/git/eapidk-code-r76-trunk/lib/linux/../EApiEmulBacklight.c ****     )
 153:/home/hkh/git/eapidk-code-r76-trunk/lib/linux/../EApiEmulBacklight.c **** {
 500              		.loc 1 153 1
 501              		.cfi_startproc
 502              		@ args = 0, pretend = 0, frame = 16
ARM GAS  /tmp/ccgsMizm.s 			page 13


 503              		@ frame_needed = 1, uses_anonymous_args = 0
 504 0434 00482DE9 		push	{fp, lr}
 505              		.cfi_def_cfa_offset 8
 506              		.cfi_offset 11, -8
 507              		.cfi_offset 14, -4
 508 0438 04B08DE2 		add	fp, sp, #4
 509              		.cfi_def_cfa 11, 4
 510 043c 20D04DE2 		sub	sp, sp, #32
 511 0440 10000BE5 		str	r0, [fp, #-16]
 512 0444 14100BE5 		str	r1, [fp, #-20]
 154:/home/hkh/git/eapidk-code-r76-trunk/lib/linux/../EApiEmulBacklight.c ****   EApiStatus_t StatusCode=EAPI_STATUS_SUCCESS;
 513              		.loc 1 154 16
 514 0448 0030A0E3 		mov	r3, #0
 515 044c 0C300BE5 		str	r3, [fp, #-12]
 155:/home/hkh/git/eapidk-code-r76-trunk/lib/linux/../EApiEmulBacklight.c ****   unsigned i;
 156:/home/hkh/git/eapidk-code-r76-trunk/lib/linux/../EApiEmulBacklight.c **** 
 157:/home/hkh/git/eapidk-code-r76-trunk/lib/linux/../EApiEmulBacklight.c ****   for(i=0;i<ARRAY_SIZE(BacklightLookup);i++)
 516              		.loc 1 157 8
 517 0450 0030A0E3 		mov	r3, #0
 518 0454 08300BE5 		str	r3, [fp, #-8]
 519              		.loc 1 157 3
 520 0458 2B0000EA 		b	.L26
 521              	.L29:
 158:/home/hkh/git/eapidk-code-r76-trunk/lib/linux/../EApiEmulBacklight.c ****   {
 159:/home/hkh/git/eapidk-code-r76-trunk/lib/linux/../EApiEmulBacklight.c ****       if(BacklightLookup[i].Id==Id)
 522              		.loc 1 159 28
 523 045c 0C119FE5 		ldr	r1, .L31
 524              	.LPIC30:
 525 0460 01108FE0 		add	r1, pc, r1
 526 0464 08201BE5 		ldr	r2, [fp, #-8]
 527 0468 0230A0E1 		mov	r3, r2
 528 046c 8330A0E1 		lsl	r3, r3, #1
 529 0470 023083E0 		add	r3, r3, r2
 530 0474 0331A0E1 		lsl	r3, r3, #2
 531 0478 033081E0 		add	r3, r1, r3
 532 047c 003093E5 		ldr	r3, [r3]
 533              		.loc 1 159 9
 534 0480 10201BE5 		ldr	r2, [fp, #-16]
 535 0484 030052E1 		cmp	r2, r3
 536 0488 1C00001A 		bne	.L27
 160:/home/hkh/git/eapidk-code-r76-trunk/lib/linux/../EApiEmulBacklight.c ****       {
 161:/home/hkh/git/eapidk-code-r76-trunk/lib/linux/../EApiEmulBacklight.c ****         BacklightLookup[i].Brightness=Brightness;
 537              		.loc 1 161 38
 538 048c E0109FE5 		ldr	r1, .L31+4
 539              	.LPIC31:
 540 0490 01108FE0 		add	r1, pc, r1
 541 0494 08201BE5 		ldr	r2, [fp, #-8]
 542 0498 0230A0E1 		mov	r3, r2
 543 049c 8330A0E1 		lsl	r3, r3, #1
 544 04a0 023083E0 		add	r3, r3, r2
 545 04a4 0331A0E1 		lsl	r3, r3, #2
 546 04a8 033081E0 		add	r3, r1, r3
 547 04ac 083083E2 		add	r3, r3, #8
 548 04b0 14201BE5 		ldr	r2, [fp, #-20]
 549 04b4 002083E5 		str	r2, [r3]
 162:/home/hkh/git/eapidk-code-r76-trunk/lib/linux/../EApiEmulBacklight.c ****         EAPI_LIB_RETURN_SUCCESS(
 550              		.loc 1 162 9
ARM GAS  /tmp/ccgsMizm.s 			page 14


 551 04b8 B8309FE5 		ldr	r3, .L31+8
 552              	.LPIC32:
 553 04bc 03308FE0 		add	r3, pc, r3
 554 04c0 08308DE5 		str	r3, [sp, #8]
 555 04c4 B0309FE5 		ldr	r3, .L31+12
 556              	.LPIC33:
 557 04c8 03308FE0 		add	r3, pc, r3
 558 04cc 04308DE5 		str	r3, [sp, #4]
 559 04d0 0030A0E3 		mov	r3, #0
 560 04d4 00308DE5 		str	r3, [sp]
 561 04d8 A230A0E3 		mov	r3, #162
 562 04dc 9C209FE5 		ldr	r2, .L31+16
 563              	.LPIC34:
 564 04e0 02208FE0 		add	r2, pc, r2
 565 04e4 98109FE5 		ldr	r1, .L31+20
 566              	.LPIC35:
 567 04e8 01108FE0 		add	r1, pc, r1
 568 04ec 4C00A0E3 		mov	r0, #76
 569 04f0 FEFFFFEB 		bl	siFormattedMessage_SC(PLT)
 570 04f4 0030A0E3 		mov	r3, #0
 571 04f8 0C300BE5 		str	r3, [fp, #-12]
 572 04fc 170000EA 		b	.L28
 573              	.L27:
 157:/home/hkh/git/eapidk-code-r76-trunk/lib/linux/../EApiEmulBacklight.c ****   {
 574              		.loc 1 157 42 discriminator 2
 575 0500 08301BE5 		ldr	r3, [fp, #-8]
 576 0504 013083E2 		add	r3, r3, #1
 577 0508 08300BE5 		str	r3, [fp, #-8]
 578              	.L26:
 157:/home/hkh/git/eapidk-code-r76-trunk/lib/linux/../EApiEmulBacklight.c ****   {
 579              		.loc 1 157 12 discriminator 1
 580 050c 08301BE5 		ldr	r3, [fp, #-8]
 581 0510 010053E3 		cmp	r3, #1
 582 0514 D0FFFF9A 		bls	.L29
 163:/home/hkh/git/eapidk-code-r76-trunk/lib/linux/../EApiEmulBacklight.c ****           EApiVgaSetBacklightBrightness, 
 164:/home/hkh/git/eapidk-code-r76-trunk/lib/linux/../EApiEmulBacklight.c ****           ""
 165:/home/hkh/git/eapidk-code-r76-trunk/lib/linux/../EApiEmulBacklight.c ****           );
 166:/home/hkh/git/eapidk-code-r76-trunk/lib/linux/../EApiEmulBacklight.c ****       }
 167:/home/hkh/git/eapidk-code-r76-trunk/lib/linux/../EApiEmulBacklight.c ****   }
 168:/home/hkh/git/eapidk-code-r76-trunk/lib/linux/../EApiEmulBacklight.c ****   EAPI_LIB_RETURN_ERROR(
 583              		.loc 1 168 3
 584 0518 68309FE5 		ldr	r3, .L31+24
 585              	.LPIC36:
 586 051c 03308FE0 		add	r3, pc, r3
 587 0520 08308DE5 		str	r3, [sp, #8]
 588 0524 60309FE5 		ldr	r3, .L31+28
 589              	.LPIC37:
 590 0528 03308FE0 		add	r3, pc, r3
 591 052c 04308DE5 		str	r3, [sp, #4]
 592 0530 033CE0E3 		mvn	r3, #768
 593 0534 00308DE5 		str	r3, [sp]
 594 0538 A830A0E3 		mov	r3, #168
 595 053c 4C209FE5 		ldr	r2, .L31+32
 596              	.LPIC38:
 597 0540 02208FE0 		add	r2, pc, r2
 598 0544 48109FE5 		ldr	r1, .L31+36
 599              	.LPIC39:
ARM GAS  /tmp/ccgsMizm.s 			page 15


 600 0548 01108FE0 		add	r1, pc, r1
 601 054c 4500A0E3 		mov	r0, #69
 602 0550 FEFFFFEB 		bl	siFormattedMessage_SC(PLT)
 603 0554 033CE0E3 		mvn	r3, #768
 604 0558 0C300BE5 		str	r3, [fp, #-12]
 605 055c 00F020E3 		nop
 606              	.L28:
 169:/home/hkh/git/eapidk-code-r76-trunk/lib/linux/../EApiEmulBacklight.c ****     EApiVgaSetBacklightBrightnessEmul, 
 170:/home/hkh/git/eapidk-code-r76-trunk/lib/linux/../EApiEmulBacklight.c ****     EAPI_STATUS_UNSUPPORTED  , 
 171:/home/hkh/git/eapidk-code-r76-trunk/lib/linux/../EApiEmulBacklight.c ****     "Unrecognised Backlight ID"
 172:/home/hkh/git/eapidk-code-r76-trunk/lib/linux/../EApiEmulBacklight.c ****     );
 173:/home/hkh/git/eapidk-code-r76-trunk/lib/linux/../EApiEmulBacklight.c **** EAPI_LIB_ASSERT_EXIT
 174:/home/hkh/git/eapidk-code-r76-trunk/lib/linux/../EApiEmulBacklight.c **** 
 175:/home/hkh/git/eapidk-code-r76-trunk/lib/linux/../EApiEmulBacklight.c ****   return StatusCode;
 607              		.loc 1 175 10
 608 0560 0C301BE5 		ldr	r3, [fp, #-12]
 176:/home/hkh/git/eapidk-code-r76-trunk/lib/linux/../EApiEmulBacklight.c **** }
 609              		.loc 1 176 1
 610 0564 0300A0E1 		mov	r0, r3
 611 0568 04D04BE2 		sub	sp, fp, #4
 612              		.cfi_def_cfa 13, 8
 613              		@ sp needed
 614 056c 0088BDE8 		pop	{fp, pc}
 615              	.L32:
 616              		.align	2
 617              	.L31:
 618 0570 08010000 		.word	BacklightLookup-(.LPIC30+8)
 619 0574 DC000000 		.word	BacklightLookup-(.LPIC31+8)
 620 0578 1C010000 		.word	.LC2-(.LPIC32+8)
 621 057c 18010000 		.word	.LC3-(.LPIC33+8)
 622 0580 68010000 		.word	.LC7-(.LPIC34+8)
 623 0584 B4000000 		.word	.LC1-(.LPIC35+8)
 624 0588 D4000000 		.word	.LC4-(.LPIC36+8)
 625 058c C8000000 		.word	.LC3-(.LPIC37+8)
 626 0590 38010000 		.word	.LC8-(.LPIC38+8)
 627 0594 64000000 		.word	.LC1-(.LPIC39+8)
 628              		.cfi_endproc
 629              	.LFE4:
 631              	.Letext0:
 632              		.file 2 "/home/hkh/buildroot-2022.02/output/host/arm-buildroot-linux-musleabihf/sysroot/usr/includ
 633              		.file 3 "../../include/EApi.h"
 634              		.file 4 "../include/DbgChk.h"
ARM GAS  /tmp/ccgsMizm.s 			page 16


DEFINED SYMBOLS
                            *ABS*:0000000000000000 EApiEmulBacklight.c
     /tmp/ccgsMizm.s:17     .data:0000000000000000 $d
     /tmp/ccgsMizm.s:20     .data:0000000000000000 BacklightLookup
     /tmp/ccgsMizm.s:28     .rodata:0000000000000000 $d
     /tmp/ccgsMizm.s:45     .text:0000000000000000 $a
     /tmp/ccgsMizm.s:55     .text:0000000000000000 EApiVgaGetBacklightEnableEmul
     /tmp/ccgsMizm.s:178    .text:0000000000000140 $d
     /tmp/ccgsMizm.s:196    .text:0000000000000168 $a
     /tmp/ccgsMizm.s:203    .text:0000000000000168 EApiVgaSetBacklightEnableEmul
     /tmp/ccgsMizm.s:323    .text:00000000000002a4 $d
     /tmp/ccgsMizm.s:341    .text:00000000000002cc $a
     /tmp/ccgsMizm.s:348    .text:00000000000002cc EApiVgaGetBacklightBrightnessEmul
     /tmp/ccgsMizm.s:470    .text:000000000000040c $d
     /tmp/ccgsMizm.s:491    .text:0000000000000434 $a
     /tmp/ccgsMizm.s:498    .text:0000000000000434 EApiVgaSetBacklightBrightnessEmul
     /tmp/ccgsMizm.s:618    .text:0000000000000570 $d

UNDEFINED SYMBOLS
siFormattedMessage_SC
