ARM GAS  /tmp/ccqfu5ne.s 			page 1


   1              		.cpu cortex-a9
   2              		.eabi_attribute 28, 1
   3              		.eabi_attribute 20, 1
   4              		.eabi_attribute 21, 1
   5              		.eabi_attribute 23, 3
   6              		.eabi_attribute 24, 1
   7              		.eabi_attribute 25, 1
   8              		.eabi_attribute 26, 2
   9              		.eabi_attribute 30, 6
  10              		.eabi_attribute 34, 1
  11              		.eabi_attribute 18, 4
  12              		.file	"interp.c"
  13              		.text
  14              	.Ltext0:
  15              		.cfi_sections	.debug_frame
  16              		.hidden	__invoke_dynamic_linker__
  17              		.global	__invoke_dynamic_linker__
  18              		.section	.interp,"a"
  19              		.align	2
  22              	__invoke_dynamic_linker__:
  23 0000 2F6C6962 		.ascii	"/lib64/ld-linux-x86-64.so.2\000"
  23      36342F6C 
  23      642D6C69 
  23      6E75782D 
  23      7838362D 
  24              		.text
  25              	.Letext0:
  26              		.file 1 "interp.c"
ARM GAS  /tmp/ccqfu5ne.s 			page 2


DEFINED SYMBOLS
                            *ABS*:0000000000000000 interp.c
     /tmp/ccqfu5ne.s:22     .interp:0000000000000000 __invoke_dynamic_linker__
     /tmp/ccqfu5ne.s:19     .interp:0000000000000000 $d

NO UNDEFINED SYMBOLS
