ARM GAS  /tmp/ccOvWVt4.s 			page 1


   1              		.cpu cortex-a9
   2              		.eabi_attribute 28, 1
   3              		.eabi_attribute 20, 1
   4              		.eabi_attribute 21, 1
   5              		.eabi_attribute 23, 3
   6              		.eabi_attribute 24, 1
   7              		.eabi_attribute 25, 1
   8              		.eabi_attribute 26, 2
   9              		.eabi_attribute 30, 6
  10              		.eabi_attribute 34, 1
  11              		.eabi_attribute 18, 4
  12              		.file	"Message.c"
  13              		.text
  14              	.Ltext0:
  15              		.cfi_sections	.debug_frame
  16              		.hidden	Header
  17              		.global	Header
  18              		.data
  19              		.align	2
  22              	Header:
  23 0000 0A2B2D2D 		.ascii	"\012+----------------------------------------------"
  23      2D2D2D2D 
  23      2D2D2D2D 
  23      2D2D2D2D 
  23      2D2D2D2D 
  24 0030 2D2D2D2D 		.ascii	"------------------------------+\012I              C"
  24      2D2D2D2D 
  24      2D2D2D2D 
  24      2D2D2D2D 
  24      2D2D2D2D 
  25 0060 6F707972 		.ascii	"opyright (C) Kontron Embedded Modules GmbH 2009    "
  25      69676874 
  25      20284329 
  25      204B6F6E 
  25      74726F6E 
  26 0093 20202020 		.ascii	"          I\012+-----------------------------------"
  26      20202020 
  26      2020490A 
  26      2B2D2D2D 
  26      2D2D2D2D 
  27 00c3 2D2D2D2D 		.ascii	"-----------------------------------------+\012SVers"
  27      2D2D2D2D 
  27      2D2D2D2D 
  27      2D2D2D2D 
  27      2D2D2D2D 
  28 00f3 696F6E3D 		.ascii	"ion=%u.%u\012LVersion=%u.%u.%u\012Manufacturer=PICM"
  28      25752E25 
  28      750A4C56 
  28      65727369 
  28      6F6E3D25 
  29 0120 470A4D50 		.ascii	"G\012MPNPID=PMG\012OFilename=libEApiPMG.so.%u.%u\012"
  29      4E504944 
  29      3D504D47 
  29      0A4F4669 
  29      6C656E61 
  30 014b 44657363 		.ascii	"Description=Embedded Application Programming Interf"
  30      72697074 
ARM GAS  /tmp/ccOvWVt4.s 			page 2


  30      696F6E3D 
  30      456D6265 
  30      64646564 
  31 017e 6163650A 		.ascii	"ace\012\000"
  31      00
  32              		.text
  33              		.align	2
  34              		.global	EApiMain
  35              		.hidden	EApiMain
  36              		.arch armv7-a
  37              		.arch_extension mp
  38              		.arch_extension sec
  39              		.syntax unified
  40              		.arm
  41              		.fpu vfpv3
  43              	EApiMain:
  44              	.LFB1:
  45              		.file 1 "Message.c"
   1:Message.c     **** /*
   2:Message.c     ****  *<KHeader>
   3:Message.c     ****  *+=========================================================================
   4:Message.c     ****  *I  Project Name: EApiDK Embedded Application Development Kit
   5:Message.c     ****  *+=========================================================================
   6:Message.c     ****  *I  $HeadURL: file:///svn/p/eapidk/code/trunk/lib/linux/Message.c $
   7:Message.c     ****  *+=========================================================================
   8:Message.c     ****  *I   Copyright: Copyright (c) 2002-2009, Kontron Embedded Modules GmbH
   9:Message.c     ****  *I      Author: John Kearney,                  John.Kearney@kontron.com
  10:Message.c     ****  *I
  11:Message.c     ****  *I     License: All rights reserved. This program and the accompanying 
  12:Message.c     ****  *I              materials are licensed and made available under the 
  13:Message.c     ****  *I              terms and conditions of the BSD License which 
  14:Message.c     ****  *I              accompanies this distribution. The full text of the 
  15:Message.c     ****  *I              license may be found at 
  16:Message.c     ****  *I              http://opensource.org/licenses/bsd-license.php
  17:Message.c     ****  *I              
  18:Message.c     ****  *I              THE PROGRAM IS DISTRIBUTED UNDER THE BSD LICENSE ON AN "
  19:Message.c     ****  *I              AS IS" BASIS, WITHOUT WARRANTIES OR REPRESENTATIONS OF 
  20:Message.c     ****  *I              ANY KIND, EITHER EXPRESS OR IMPLIED.
  21:Message.c     ****  *I
  22:Message.c     ****  *I Description: Auto Created for Message.c
  23:Message.c     ****  *I
  24:Message.c     ****  *+-------------------------------------------------------------------------
  25:Message.c     ****  *I
  26:Message.c     ****  *I  File Name            : Message.c
  27:Message.c     ****  *I  File Location        : lib\linux
  28:Message.c     ****  *I  Last committed       : $Revision: 38 $
  29:Message.c     ****  *I  Last changed by      : $Author: dethrophes $
  30:Message.c     ****  *I  Last changed date    : $Date: 2010-01-26 06:48:22 +0000 (Tue, 26 Jan 2010) $
  31:Message.c     ****  *I  ID                   : $Id: Message.c 38 2010-01-26 06:48:22Z dethrophes $
  32:Message.c     ****  *I
  33:Message.c     ****  *+=========================================================================
  34:Message.c     ****  *</KHeader>
  35:Message.c     ****  */
  36:Message.c     ****   #include <EApiLib.h>
  37:Message.c     ****   #include <stdio.h>
  38:Message.c     **** #define MPNPID "PMG"
  39:Message.c     **** #define MANUF_NAME "PICMG"
ARM GAS  /tmp/ccOvWVt4.s 			page 3


  40:Message.c     **** #define PROGRAM_DESC "Embedded Application Programming Interface"
  41:Message.c     **** char Header[]="\n"
  42:Message.c     **** "+----------------------------------------------------------------------------+\n"
  43:Message.c     **** "I              Copyright (C) Kontron Embedded Modules GmbH 2009              I\n"
  44:Message.c     **** "+----------------------------------------------------------------------------+\n"
  45:Message.c     **** "SVersion=%u.%u\n"
  46:Message.c     **** "LVersion=%u.%u.%u\n"
  47:Message.c     **** "Manufacturer="MANUF_NAME"\n"
  48:Message.c     **** "MPNPID="MPNPID"\n"
  49:Message.c     **** "OFilename=libEApi"MPNPID".so.%u.%u\n"
  50:Message.c     **** "Description="PROGRAM_DESC"\n";
  51:Message.c     **** 
  52:Message.c     **** void EApiMain (void)
  53:Message.c     **** { 
  46              		.loc 1 53 1
  47              		.cfi_startproc
  48              		@ args = 0, pretend = 0, frame = 0
  49              		@ frame_needed = 1, uses_anonymous_args = 0
  50 0000 00482DE9 		push	{fp, lr}
  51              		.cfi_def_cfa_offset 8
  52              		.cfi_offset 11, -8
  53              		.cfi_offset 14, -4
  54 0004 04B08DE2 		add	fp, sp, #4
  55              		.cfi_def_cfa 11, 4
  56 0008 10D04DE2 		sub	sp, sp, #16
  54:Message.c     ****   printf(
  57              		.loc 1 54 3
  58 000c 0030A0E3 		mov	r3, #0
  59 0010 0C308DE5 		str	r3, [sp, #12]
  60 0014 0130A0E3 		mov	r3, #1
  61 0018 08308DE5 		str	r3, [sp, #8]
  62 001c DF3300E3 		movw	r3, #991
  63 0020 04308DE5 		str	r3, [sp, #4]
  64 0024 0530A0E3 		mov	r3, #5
  65 0028 00308DE5 		str	r3, [sp]
  66 002c 0030A0E3 		mov	r3, #0
  67 0030 0020A0E3 		mov	r2, #0
  68 0034 0110A0E3 		mov	r1, #1
  69 0038 0C009FE5 		ldr	r0, .L2
  70              	.LPIC0:
  71 003c 00008FE0 		add	r0, pc, r0
  72 0040 FEFFFFEB 		bl	printf(PLT)
  55:Message.c     ****       Header, 
  56:Message.c     ****       EAPI_VER, EAPI_REVISION,
  57:Message.c     ****       LIB_VERSION, LIB_REVISION, LIB_BUILD,
  58:Message.c     ****       EAPI_VER, EAPI_REVISION
  59:Message.c     ****       );
  60:Message.c     ****   exit(0);
  73              		.loc 1 60 3
  74 0044 0000A0E3 		mov	r0, #0
  75 0048 FEFFFFEB 		bl	exit(PLT)
  76              	.L3:
  77              		.align	2
  78              	.L2:
  79 004c 08000000 		.word	Header-(.LPIC0+8)
  80              		.cfi_endproc
  81              	.LFE1:
ARM GAS  /tmp/ccOvWVt4.s 			page 4


  83              	.Letext0:
  84              		.file 2 "/home/hkh/buildroot-2022.02/output/host/arm-buildroot-linux-musleabihf/sysroot/usr/includ
  85              		.file 3 "/home/hkh/buildroot-2022.02/output/host/arm-buildroot-linux-musleabihf/sysroot/usr/includ
ARM GAS  /tmp/ccOvWVt4.s 			page 5


DEFINED SYMBOLS
                            *ABS*:0000000000000000 Message.c
     /tmp/ccOvWVt4.s:22     .data:0000000000000000 Header
     /tmp/ccOvWVt4.s:19     .data:0000000000000000 $d
     /tmp/ccOvWVt4.s:33     .text:0000000000000000 $a
     /tmp/ccOvWVt4.s:43     .text:0000000000000000 EApiMain
     /tmp/ccOvWVt4.s:79     .text:000000000000004c $d

UNDEFINED SYMBOLS
printf
exit
