ARM GAS  /tmp/cc8TnmtR.s 			page 1


   1              		.cpu cortex-a9
   2              		.eabi_attribute 28, 1
   3              		.eabi_attribute 20, 1
   4              		.eabi_attribute 21, 1
   5              		.eabi_attribute 23, 3
   6              		.eabi_attribute 24, 1
   7              		.eabi_attribute 25, 1
   8              		.eabi_attribute 26, 2
   9              		.eabi_attribute 30, 2
  10              		.eabi_attribute 34, 1
  11              		.eabi_attribute 18, 4
  12              		.file	"EApiAHStorage.c"
  13              		.text
  14              	.Ltext0:
  15              		.cfi_sections	.debug_frame
  16              		.section	.rodata.str1.4,"aMS",%progbits,1
  17              		.align	2
  18              	.LC0:
  19 0000 45417069 		.ascii	"EApiAHWriteStorage\000"
  19      41485772 
  19      69746553 
  19      746F7261 
  19      676500
  20 0013 00       		.align	2
  21              	.LC1:
  22 0014 2F686F6D 		.ascii	"/home/hkh/git/eapidk-code-r76-trunk/apps/EeePProg/l"
  22      652F686B 
  22      682F6769 
  22      742F6561 
  22      7069646B 
  23 0047 696E7578 		.ascii	"inux/../../common/EApiAHStorage.c\000"
  23      2F2E2E2F 
  23      2E2E2F63 
  23      6F6D6D6F 
  23      6E2F4541 
  24 0069 000000   		.align	2
  25              	.LC2:
  26 006c 28704275 		.ascii	"(pBuffer==NULL)\000"
  26      66666572 
  26      3D3D4E55 
  26      4C4C2900 
  27              		.align	2
  28              	.LC3:
  29 007c 25730A00 		.ascii	"%s\012\000"
  30              		.align	2
  31              	.LC4:
  32 0080 28427974 		.ascii	"(ByteCnt==0)\000"
  32      65436E74 
  32      3D3D3029 
  32      00
  33 008d 000000   		.align	2
  34              	.LC5:
  35 0090 28284279 		.ascii	"((ByteOffset+ByteCnt)>MaxLen)\000"
  35      74654F66 
  35      66736574 
  35      2B427974 
  35      65436E74 
ARM GAS  /tmp/cc8TnmtR.s 			page 2


  36              		.global	__aeabi_uidivmod
  37 00ae 0000     		.align	2
  38              	.LC6:
  39 00b0 28284164 		.ascii	"((AdjOffset+AdjLength)>MaxLen)\000"
  39      6A4F6666 
  39      7365742B 
  39      41646A4C 
  39      656E6774 
  40 00cf 00       		.align	2
  41              	.LC7:
  42 00d0 416C6C6F 		.ascii	"Allocating Page Buffer\000"
  42      63617469 
  42      6E672050 
  42      61676520 
  42      42756666 
  43              		.text
  44              		.align	2
  45              		.global	EApiAHWriteStorage
  46              		.arch armv7-a
  47              		.arch_extension mp
  48              		.arch_extension sec
  49              		.syntax unified
  50              		.arm
  51              		.fpu vfpv3
  53              	EApiAHWriteStorage:
  54              	.LVL0:
  55              	.LFB1:
  56              		.file 1 "/home/hkh/git/eapidk-code-r76-trunk/apps/EeePProg/linux/../../common/EApiAHStorage.c"
   1:/home/hkh/git/eapidk-code-r76-trunk/apps/EeePProg/linux/../../common/EApiAHStorage.c **** /*
   2:/home/hkh/git/eapidk-code-r76-trunk/apps/EeePProg/linux/../../common/EApiAHStorage.c ****  *<KHeader>
   3:/home/hkh/git/eapidk-code-r76-trunk/apps/EeePProg/linux/../../common/EApiAHStorage.c ****  *+=========================================================================
   4:/home/hkh/git/eapidk-code-r76-trunk/apps/EeePProg/linux/../../common/EApiAHStorage.c ****  *I  Project Name: EApiDK Embedded Application Development Kit
   5:/home/hkh/git/eapidk-code-r76-trunk/apps/EeePProg/linux/../../common/EApiAHStorage.c ****  *+=========================================================================
   6:/home/hkh/git/eapidk-code-r76-trunk/apps/EeePProg/linux/../../common/EApiAHStorage.c ****  *I  $HeadURL: file:///svn/p/eapidk/code/trunk/apps/common/EApiAHStorage.c $
   7:/home/hkh/git/eapidk-code-r76-trunk/apps/EeePProg/linux/../../common/EApiAHStorage.c ****  *+=========================================================================
   8:/home/hkh/git/eapidk-code-r76-trunk/apps/EeePProg/linux/../../common/EApiAHStorage.c ****  *I   Copyright: Copyright (c) 2002-2009, Kontron Embedded Modules GmbH
   9:/home/hkh/git/eapidk-code-r76-trunk/apps/EeePProg/linux/../../common/EApiAHStorage.c ****  *I      Author: John Kearney,                  John.Kearney@kontron.com
  10:/home/hkh/git/eapidk-code-r76-trunk/apps/EeePProg/linux/../../common/EApiAHStorage.c ****  *I
  11:/home/hkh/git/eapidk-code-r76-trunk/apps/EeePProg/linux/../../common/EApiAHStorage.c ****  *I     License: All rights reserved. This program and the accompanying 
  12:/home/hkh/git/eapidk-code-r76-trunk/apps/EeePProg/linux/../../common/EApiAHStorage.c ****  *I              materials are licensed and made available under the 
  13:/home/hkh/git/eapidk-code-r76-trunk/apps/EeePProg/linux/../../common/EApiAHStorage.c ****  *I              terms and conditions of the BSD License which 
  14:/home/hkh/git/eapidk-code-r76-trunk/apps/EeePProg/linux/../../common/EApiAHStorage.c ****  *I              accompanies this distribution. The full text of the 
  15:/home/hkh/git/eapidk-code-r76-trunk/apps/EeePProg/linux/../../common/EApiAHStorage.c ****  *I              license may be found at 
  16:/home/hkh/git/eapidk-code-r76-trunk/apps/EeePProg/linux/../../common/EApiAHStorage.c ****  *I              http://opensource.org/licenses/bsd-license.php
  17:/home/hkh/git/eapidk-code-r76-trunk/apps/EeePProg/linux/../../common/EApiAHStorage.c ****  *I              
  18:/home/hkh/git/eapidk-code-r76-trunk/apps/EeePProg/linux/../../common/EApiAHStorage.c ****  *I              THE PROGRAM IS DISTRIBUTED UNDER THE BSD LICENSE ON AN "
  19:/home/hkh/git/eapidk-code-r76-trunk/apps/EeePProg/linux/../../common/EApiAHStorage.c ****  *I              AS IS" BASIS, WITHOUT WARRANTIES OR REPRESENTATIONS OF 
  20:/home/hkh/git/eapidk-code-r76-trunk/apps/EeePProg/linux/../../common/EApiAHStorage.c ****  *I              ANY KIND, EITHER EXPRESS OR IMPLIED.
  21:/home/hkh/git/eapidk-code-r76-trunk/apps/EeePProg/linux/../../common/EApiAHStorage.c ****  *I
  22:/home/hkh/git/eapidk-code-r76-trunk/apps/EeePProg/linux/../../common/EApiAHStorage.c ****  *I Description: Auto Created for EApiAHStorage.c
  23:/home/hkh/git/eapidk-code-r76-trunk/apps/EeePProg/linux/../../common/EApiAHStorage.c ****  *I
  24:/home/hkh/git/eapidk-code-r76-trunk/apps/EeePProg/linux/../../common/EApiAHStorage.c ****  *+-------------------------------------------------------------------------
  25:/home/hkh/git/eapidk-code-r76-trunk/apps/EeePProg/linux/../../common/EApiAHStorage.c ****  *I
  26:/home/hkh/git/eapidk-code-r76-trunk/apps/EeePProg/linux/../../common/EApiAHStorage.c ****  *I  File Name            : EApiAHStorage.c
  27:/home/hkh/git/eapidk-code-r76-trunk/apps/EeePProg/linux/../../common/EApiAHStorage.c ****  *I  File Location        : apps\common
  28:/home/hkh/git/eapidk-code-r76-trunk/apps/EeePProg/linux/../../common/EApiAHStorage.c ****  *I  Last committed       : $Revision: 74 $
  29:/home/hkh/git/eapidk-code-r76-trunk/apps/EeePProg/linux/../../common/EApiAHStorage.c ****  *I  Last changed by      : $Author: dethrophes $
ARM GAS  /tmp/cc8TnmtR.s 			page 3


  30:/home/hkh/git/eapidk-code-r76-trunk/apps/EeePProg/linux/../../common/EApiAHStorage.c ****  *I  Last changed date    : $Date: 2010-06-23 19:26:50 +0000 (Wed, 23 Jun 2010) $
  31:/home/hkh/git/eapidk-code-r76-trunk/apps/EeePProg/linux/../../common/EApiAHStorage.c ****  *I  ID                   : $Id: EApiAHStorage.c 74 2010-06-23 19:26:50Z dethrophes $
  32:/home/hkh/git/eapidk-code-r76-trunk/apps/EeePProg/linux/../../common/EApiAHStorage.c ****  *I
  33:/home/hkh/git/eapidk-code-r76-trunk/apps/EeePProg/linux/../../common/EApiAHStorage.c ****  *+=========================================================================
  34:/home/hkh/git/eapidk-code-r76-trunk/apps/EeePProg/linux/../../common/EApiAHStorage.c ****  *</KHeader>
  35:/home/hkh/git/eapidk-code-r76-trunk/apps/EeePProg/linux/../../common/EApiAHStorage.c ****  */
  36:/home/hkh/git/eapidk-code-r76-trunk/apps/EeePProg/linux/../../common/EApiAHStorage.c ****   #include <EApiApp.h>
  37:/home/hkh/git/eapidk-code-r76-trunk/apps/EeePProg/linux/../../common/EApiAHStorage.c **** 
  38:/home/hkh/git/eapidk-code-r76-trunk/apps/EeePProg/linux/../../common/EApiAHStorage.c **** 
  39:/home/hkh/git/eapidk-code-r76-trunk/apps/EeePProg/linux/../../common/EApiAHStorage.c **** EApiStatus_t 
  40:/home/hkh/git/eapidk-code-r76-trunk/apps/EeePProg/linux/../../common/EApiAHStorage.c **** EApiAHWriteStorage(
  41:/home/hkh/git/eapidk-code-r76-trunk/apps/EeePProg/linux/../../common/EApiAHStorage.c ****     __IN  EApiId_t         Id          , 
  42:/home/hkh/git/eapidk-code-r76-trunk/apps/EeePProg/linux/../../common/EApiAHStorage.c ****     __IN  const uint32_t   ByteOffset  , 
  43:/home/hkh/git/eapidk-code-r76-trunk/apps/EeePProg/linux/../../common/EApiAHStorage.c ****     __IN  void *           pBuffer     , 
  44:/home/hkh/git/eapidk-code-r76-trunk/apps/EeePProg/linux/../../common/EApiAHStorage.c ****     __IN  const uint32_t   ByteCnt 
  45:/home/hkh/git/eapidk-code-r76-trunk/apps/EeePProg/linux/../../common/EApiAHStorage.c ****     )
  46:/home/hkh/git/eapidk-code-r76-trunk/apps/EeePProg/linux/../../common/EApiAHStorage.c **** {
  57              		.loc 1 46 1 view -0
  58              		.cfi_startproc
  59              		@ args = 0, pretend = 0, frame = 24
  60              		@ frame_needed = 0, uses_anonymous_args = 0
  61              		.loc 1 46 1 is_stmt 0 view .LVU1
  62 0000 F04F2DE9 		push	{r4, r5, r6, r7, r8, r9, r10, fp, lr}
  63              		.cfi_def_cfa_offset 36
  64              		.cfi_offset 4, -36
  65              		.cfi_offset 5, -32
  66              		.cfi_offset 6, -28
  67              		.cfi_offset 7, -24
  68              		.cfi_offset 8, -20
  69              		.cfi_offset 9, -16
  70              		.cfi_offset 10, -12
  71              		.cfi_offset 11, -8
  72              		.cfi_offset 14, -4
  47:/home/hkh/git/eapidk-code-r76-trunk/apps/EeePProg/linux/../../common/EApiAHStorage.c ****     EApiStatus_t StatusCode=EAPI_STATUS_SUCCESS;
  48:/home/hkh/git/eapidk-code-r76-trunk/apps/EeePProg/linux/../../common/EApiAHStorage.c ****     uint32_t MaxLen, alignment;
  49:/home/hkh/git/eapidk-code-r76-trunk/apps/EeePProg/linux/../../common/EApiAHStorage.c ****     uint32_t AdjOffset=ByteOffset, AdjLength=ByteCnt;
  50:/home/hkh/git/eapidk-code-r76-trunk/apps/EeePProg/linux/../../common/EApiAHStorage.c ****     int_least8_t * pLclBuffer=NULL;
  51:/home/hkh/git/eapidk-code-r76-trunk/apps/EeePProg/linux/../../common/EApiAHStorage.c ****     uint32_t BufferOffset=0;
  52:/home/hkh/git/eapidk-code-r76-trunk/apps/EeePProg/linux/../../common/EApiAHStorage.c ****     
  53:/home/hkh/git/eapidk-code-r76-trunk/apps/EeePProg/linux/../../common/EApiAHStorage.c ****     EAPI_APP_ASSERT_PARAMATER_NULL(
  73              		.loc 1 53 5 view .LVU2
  74 0004 007052E2 		subs	r7, r2, #0
  46:/home/hkh/git/eapidk-code-r76-trunk/apps/EeePProg/linux/../../common/EApiAHStorage.c ****     EApiStatus_t StatusCode=EAPI_STATUS_SUCCESS;
  75              		.loc 1 46 1 view .LVU3
  76 0008 88229FE5 		ldr	r2, .L28
  77              	.LVL1:
  46:/home/hkh/git/eapidk-code-r76-trunk/apps/EeePProg/linux/../../common/EApiAHStorage.c ****     EApiStatus_t StatusCode=EAPI_STATUS_SUCCESS;
  78              		.loc 1 46 1 view .LVU4
  79 000c 0350A0E1 		mov	r5, r3
  80 0010 2CD04DE2 		sub	sp, sp, #44
  81              		.cfi_def_cfa_offset 80
  46:/home/hkh/git/eapidk-code-r76-trunk/apps/EeePProg/linux/../../common/EApiAHStorage.c ****     EApiStatus_t StatusCode=EAPI_STATUS_SUCCESS;
  82              		.loc 1 46 1 view .LVU5
  83 0014 80329FE5 		ldr	r3, .L28+4
  84              	.LVL2:
  46:/home/hkh/git/eapidk-code-r76-trunk/apps/EeePProg/linux/../../common/EApiAHStorage.c ****     EApiStatus_t StatusCode=EAPI_STATUS_SUCCESS;
  85              		.loc 1 46 1 view .LVU6
ARM GAS  /tmp/cc8TnmtR.s 			page 4


  86              	.LPIC21:
  87 0018 02208FE0 		add	r2, pc, r2
  88 001c 033092E7 		ldr	r3, [r2, r3]
  89 0020 003093E5 		ldr	r3, [r3]
  90 0024 24308DE5 		str	r3, [sp, #36]
  91 0028 0030A0E3 		mov	r3, #0
  47:/home/hkh/git/eapidk-code-r76-trunk/apps/EeePProg/linux/../../common/EApiAHStorage.c ****     EApiStatus_t StatusCode=EAPI_STATUS_SUCCESS;
  92              		.loc 1 47 5 is_stmt 1 view .LVU7
  93              	.LVL3:
  48:/home/hkh/git/eapidk-code-r76-trunk/apps/EeePProg/linux/../../common/EApiAHStorage.c ****     uint32_t AdjOffset=ByteOffset, AdjLength=ByteCnt;
  94              		.loc 1 48 5 view .LVU8
  49:/home/hkh/git/eapidk-code-r76-trunk/apps/EeePProg/linux/../../common/EApiAHStorage.c ****     int_least8_t * pLclBuffer=NULL;
  95              		.loc 1 49 5 view .LVU9
  50:/home/hkh/git/eapidk-code-r76-trunk/apps/EeePProg/linux/../../common/EApiAHStorage.c ****     uint32_t BufferOffset=0;
  96              		.loc 1 50 5 view .LVU10
  51:/home/hkh/git/eapidk-code-r76-trunk/apps/EeePProg/linux/../../common/EApiAHStorage.c ****     
  97              		.loc 1 51 5 view .LVU11
  98              		.loc 1 53 5 view .LVU12
  99 002c 8200000A 		beq	.L21
 100              		.loc 1 53 5 discriminator 2 view .LVU13
  54:/home/hkh/git/eapidk-code-r76-trunk/apps/EeePProg/linux/../../common/EApiAHStorage.c ****         EApiAHWriteStorage, 
  55:/home/hkh/git/eapidk-code-r76-trunk/apps/EeePProg/linux/../../common/EApiAHStorage.c ****         EAPI_STATUS_INVALID_PARAMETER, 
  56:/home/hkh/git/eapidk-code-r76-trunk/apps/EeePProg/linux/../../common/EApiAHStorage.c ****         pBuffer
  57:/home/hkh/git/eapidk-code-r76-trunk/apps/EeePProg/linux/../../common/EApiAHStorage.c ****         );
 101              		.loc 1 57 10 discriminator 2 view .LVU14
  58:/home/hkh/git/eapidk-code-r76-trunk/apps/EeePProg/linux/../../common/EApiAHStorage.c ****     EAPI_APP_ASSERT_PARAMATER_ZERO(
 102              		.loc 1 58 5 discriminator 2 view .LVU15
 103 0030 000055E3 		cmp	r5, #0
 104 0034 4100000A 		beq	.L22
 105              		.loc 1 58 5 discriminator 2 view .LVU16
  59:/home/hkh/git/eapidk-code-r76-trunk/apps/EeePProg/linux/../../common/EApiAHStorage.c ****         EApiAHWriteStorage, 
  60:/home/hkh/git/eapidk-code-r76-trunk/apps/EeePProg/linux/../../common/EApiAHStorage.c ****         EAPI_STATUS_INVALID_PARAMETER, 
  61:/home/hkh/git/eapidk-code-r76-trunk/apps/EeePProg/linux/../../common/EApiAHStorage.c ****         ByteCnt
  62:/home/hkh/git/eapidk-code-r76-trunk/apps/EeePProg/linux/../../common/EApiAHStorage.c ****         );
 106              		.loc 1 62 10 discriminator 2 view .LVU17
  63:/home/hkh/git/eapidk-code-r76-trunk/apps/EeePProg/linux/../../common/EApiAHStorage.c ****     /* Get Storage Capabilities */
  64:/home/hkh/git/eapidk-code-r76-trunk/apps/EeePProg/linux/../../common/EApiAHStorage.c ****     StatusCode=EApiStorageCap(Id, &MaxLen, &alignment);
 107              		.loc 1 64 5 discriminator 2 view .LVU18
 108 0038 0160A0E1 		mov	r6, r1
 109              		.loc 1 64 16 is_stmt 0 discriminator 2 view .LVU19
 110 003c 20208DE2 		add	r2, sp, #32
 111 0040 1C108DE2 		add	r1, sp, #28
 112 0044 0080A0E1 		mov	r8, r0
 113 0048 FEFFFFEB 		bl	EApiStorageCap(PLT)
 114              	.LVL4:
  65:/home/hkh/git/eapidk-code-r76-trunk/apps/EeePProg/linux/../../common/EApiAHStorage.c ****     if(!EAPI_TEST_SUCCESS(StatusCode))
 115              		.loc 1 65 5 is_stmt 1 discriminator 2 view .LVU20
 116              		.loc 1 65 7 is_stmt 0 discriminator 2 view .LVU21
 117 004c 004050E2 		subs	r4, r0, #0
 118 0050 2400001A 		bne	.L1
  66:/home/hkh/git/eapidk-code-r76-trunk/apps/EeePProg/linux/../../common/EApiAHStorage.c ****       goto ErrorExit;
  67:/home/hkh/git/eapidk-code-r76-trunk/apps/EeePProg/linux/../../common/EApiAHStorage.c **** 
  68:/home/hkh/git/eapidk-code-r76-trunk/apps/EeePProg/linux/../../common/EApiAHStorage.c ****     /* Is the write possible? */
  69:/home/hkh/git/eapidk-code-r76-trunk/apps/EeePProg/linux/../../common/EApiAHStorage.c ****     EAPI_APP_ASSERT_PARAMATER_CHECK_S(
 119              		.loc 1 69 5 is_stmt 1 view .LVU22
 120 0054 1C409DE5 		ldr	r4, [sp, #28]
 121 0058 053086E0 		add	r3, r6, r5
ARM GAS  /tmp/cc8TnmtR.s 			page 5


 122 005c 040053E1 		cmp	r3, r4
 123 0060 6500008A 		bhi	.L23
 124              		.loc 1 69 5 discriminator 2 view .LVU23
  70:/home/hkh/git/eapidk-code-r76-trunk/apps/EeePProg/linux/../../common/EApiAHStorage.c ****         EApiAHWriteStorage, 
  71:/home/hkh/git/eapidk-code-r76-trunk/apps/EeePProg/linux/../../common/EApiAHStorage.c ****         EAPI_STATUS_INVALID_PARAMETER, 
  72:/home/hkh/git/eapidk-code-r76-trunk/apps/EeePProg/linux/../../common/EApiAHStorage.c ****         ((ByteOffset+ByteCnt)>MaxLen) 
  73:/home/hkh/git/eapidk-code-r76-trunk/apps/EeePProg/linux/../../common/EApiAHStorage.c ****         );
 125              		.loc 1 73 10 discriminator 2 view .LVU24
  74:/home/hkh/git/eapidk-code-r76-trunk/apps/EeePProg/linux/../../common/EApiAHStorage.c **** 
  75:/home/hkh/git/eapidk-code-r76-trunk/apps/EeePProg/linux/../../common/EApiAHStorage.c ****     if(ByteOffset%alignment){
 126              		.loc 1 75 5 discriminator 2 view .LVU25
 127              		.loc 1 75 18 is_stmt 0 discriminator 2 view .LVU26
 128 0064 20A09DE5 		ldr	r10, [sp, #32]
 129 0068 0600A0E1 		mov	r0, r6
 130              	.LVL5:
 131              		.loc 1 75 18 discriminator 2 view .LVU27
 132 006c 0A10A0E1 		mov	r1, r10
 133 0070 FEFFFFEB 		bl	__aeabi_uidivmod(PLT)
 134              	.LVL6:
 135              		.loc 1 75 7 discriminator 2 view .LVU28
 136 0074 00B051E2 		subs	fp, r1, #0
 137 0078 14B08DE5 		str	fp, [sp, #20]
 138 007c 2500000A 		beq	.L6
  76:/home/hkh/git/eapidk-code-r76-trunk/apps/EeePProg/linux/../../common/EApiAHStorage.c ****       BufferOffset=ByteOffset%alignment     ; /* Calculate Alignment Offset */
 139              		.loc 1 76 7 is_stmt 1 view .LVU29
 140              	.LVL7:
  77:/home/hkh/git/eapidk-code-r76-trunk/apps/EeePProg/linux/../../common/EApiAHStorage.c ****       AdjOffset=ByteOffset - BufferOffset   ; /* Align Bottom of window */
 141              		.loc 1 77 7 view .LVU30
  78:/home/hkh/git/eapidk-code-r76-trunk/apps/EeePProg/linux/../../common/EApiAHStorage.c ****       AdjLength=ByteCnt+BufferOffset        ; /* Increase block length to adjust for new base */
 142              		.loc 1 78 16 is_stmt 0 view .LVU31
 143 0080 05908BE0 		add	r9, fp, r5
  79:/home/hkh/git/eapidk-code-r76-trunk/apps/EeePProg/linux/../../common/EApiAHStorage.c ****     }
  80:/home/hkh/git/eapidk-code-r76-trunk/apps/EeePProg/linux/../../common/EApiAHStorage.c ****     if(AdjLength%alignment){
 144              		.loc 1 80 17 view .LVU32
 145 0084 0A10A0E1 		mov	r1, r10
 146              	.LVL8:
 147              		.loc 1 80 17 view .LVU33
 148 0088 0900A0E1 		mov	r0, r9
  77:/home/hkh/git/eapidk-code-r76-trunk/apps/EeePProg/linux/../../common/EApiAHStorage.c ****       AdjLength=ByteCnt+BufferOffset        ; /* Increase block length to adjust for new base */
 149              		.loc 1 77 16 view .LVU34
 150 008c 0BB046E0 		sub	fp, r6, fp
 151              	.LVL9:
 152              		.loc 1 80 17 view .LVU35
 153 0090 FEFFFFEB 		bl	__aeabi_uidivmod(PLT)
 154              	.LVL10:
  78:/home/hkh/git/eapidk-code-r76-trunk/apps/EeePProg/linux/../../common/EApiAHStorage.c ****       AdjLength=ByteCnt+BufferOffset        ; /* Increase block length to adjust for new base */
 155              		.loc 1 78 7 is_stmt 1 view .LVU36
 156              		.loc 1 80 5 view .LVU37
 157              		.loc 1 80 7 is_stmt 0 view .LVU38
 158 0094 000051E3 		cmp	r1, #0
 159 0098 2500001A 		bne	.L12
 160              	.LVL11:
 161              	.L7:
  81:/home/hkh/git/eapidk-code-r76-trunk/apps/EeePProg/linux/../../common/EApiAHStorage.c ****       /* Adjust Block length so its a multiple of alignment */
  82:/home/hkh/git/eapidk-code-r76-trunk/apps/EeePProg/linux/../../common/EApiAHStorage.c ****       AdjLength=AdjLength-(AdjLength%alignment)+alignment;  
  83:/home/hkh/git/eapidk-code-r76-trunk/apps/EeePProg/linux/../../common/EApiAHStorage.c ****     }
  84:/home/hkh/git/eapidk-code-r76-trunk/apps/EeePProg/linux/../../common/EApiAHStorage.c ****     if(AdjLength!=ByteCnt){
ARM GAS  /tmp/cc8TnmtR.s 			page 6


 162              		.loc 1 84 5 is_stmt 1 view .LVU39
 163              		.loc 1 84 7 is_stmt 0 view .LVU40
 164 009c 050059E1 		cmp	r9, r5
 165 00a0 4300000A 		beq	.L8
  85:/home/hkh/git/eapidk-code-r76-trunk/apps/EeePProg/linux/../../common/EApiAHStorage.c ****       /* This Error can only occur if the Storage 
  86:/home/hkh/git/eapidk-code-r76-trunk/apps/EeePProg/linux/../../common/EApiAHStorage.c ****        * area isn't a multiple of its alignment 
  87:/home/hkh/git/eapidk-code-r76-trunk/apps/EeePProg/linux/../../common/EApiAHStorage.c ****        */
  88:/home/hkh/git/eapidk-code-r76-trunk/apps/EeePProg/linux/../../common/EApiAHStorage.c ****       EAPI_APP_ASSERT_PARAMATER_CHECK_S(
 166              		.loc 1 88 7 is_stmt 1 view .LVU41
 167 00a4 0B3089E0 		add	r3, r9, fp
 168 00a8 030054E1 		cmp	r4, r3
 169 00ac 4700003A 		bcc	.L24
 170              		.loc 1 88 7 discriminator 2 view .LVU42
  89:/home/hkh/git/eapidk-code-r76-trunk/apps/EeePProg/linux/../../common/EApiAHStorage.c ****           EApiAHWriteStorage, 
  90:/home/hkh/git/eapidk-code-r76-trunk/apps/EeePProg/linux/../../common/EApiAHStorage.c ****           EAPI_STATUS_ERROR, 
  91:/home/hkh/git/eapidk-code-r76-trunk/apps/EeePProg/linux/../../common/EApiAHStorage.c ****           ((AdjOffset+AdjLength)>MaxLen)
  92:/home/hkh/git/eapidk-code-r76-trunk/apps/EeePProg/linux/../../common/EApiAHStorage.c ****           );
 171              		.loc 1 92 12 discriminator 2 view .LVU43
  93:/home/hkh/git/eapidk-code-r76-trunk/apps/EeePProg/linux/../../common/EApiAHStorage.c ****       pLclBuffer=malloc(AdjLength);
 172              		.loc 1 93 7 discriminator 2 view .LVU44
 173              		.loc 1 93 18 is_stmt 0 discriminator 2 view .LVU45
 174 00b0 0900A0E1 		mov	r0, r9
 175 00b4 FEFFFFEB 		bl	malloc(PLT)
 176              	.LVL12:
  94:/home/hkh/git/eapidk-code-r76-trunk/apps/EeePProg/linux/../../common/EApiAHStorage.c ****       EAPI_APP_RETURN_ERROR_IF(
 177              		.loc 1 94 7 is_stmt 1 discriminator 2 view .LVU46
 178 00b8 006050E2 		subs	r6, r0, #0
 179              	.LVL13:
 180              		.loc 1 94 7 is_stmt 0 discriminator 2 view .LVU47
 181 00bc 6A00000A 		beq	.L25
 182              		.loc 1 94 7 is_stmt 1 discriminator 2 view .LVU48
  95:/home/hkh/git/eapidk-code-r76-trunk/apps/EeePProg/linux/../../common/EApiAHStorage.c ****         EApiAHWriteStorage, 
  96:/home/hkh/git/eapidk-code-r76-trunk/apps/EeePProg/linux/../../common/EApiAHStorage.c ****         pLclBuffer==NULL,
  97:/home/hkh/git/eapidk-code-r76-trunk/apps/EeePProg/linux/../../common/EApiAHStorage.c ****         EAPI_STATUS_ALLOC_ERROR, 
  98:/home/hkh/git/eapidk-code-r76-trunk/apps/EeePProg/linux/../../common/EApiAHStorage.c ****         "Allocating Page Buffer"
  99:/home/hkh/git/eapidk-code-r76-trunk/apps/EeePProg/linux/../../common/EApiAHStorage.c ****         );
 183              		.loc 1 99 10 discriminator 2 view .LVU49
 100:/home/hkh/git/eapidk-code-r76-trunk/apps/EeePProg/linux/../../common/EApiAHStorage.c ****       StatusCode=EApiStorageAreaRead(Id, AdjOffset, pLclBuffer, AdjLength, AdjLength);
 184              		.loc 1 100 7 discriminator 2 view .LVU50
 185              		.loc 1 100 18 is_stmt 0 discriminator 2 view .LVU51
 186 00c0 0930A0E1 		mov	r3, r9
 187 00c4 0620A0E1 		mov	r2, r6
 188 00c8 0B10A0E1 		mov	r1, fp
 189 00cc 0800A0E1 		mov	r0, r8
 190              	.LVL14:
 191              		.loc 1 100 18 discriminator 2 view .LVU52
 192 00d0 00908DE5 		str	r9, [sp]
 193 00d4 FEFFFFEB 		bl	EApiStorageAreaRead(PLT)
 194              	.LVL15:
 101:/home/hkh/git/eapidk-code-r76-trunk/apps/EeePProg/linux/../../common/EApiAHStorage.c ****       if(!EAPI_TEST_SUCCESS(StatusCode))
 195              		.loc 1 101 7 is_stmt 1 discriminator 2 view .LVU53
 196              		.loc 1 101 9 is_stmt 0 discriminator 2 view .LVU54
 197 00d8 004050E2 		subs	r4, r0, #0
 198 00dc 2600000A 		beq	.L26
 102:/home/hkh/git/eapidk-code-r76-trunk/apps/EeePProg/linux/../../common/EApiAHStorage.c ****         goto ErrorExit;
 103:/home/hkh/git/eapidk-code-r76-trunk/apps/EeePProg/linux/../../common/EApiAHStorage.c ****       memcpy(&pLclBuffer[BufferOffset], pBuffer, ByteCnt);
 104:/home/hkh/git/eapidk-code-r76-trunk/apps/EeePProg/linux/../../common/EApiAHStorage.c ****       StatusCode=EApiStorageAreaWrite(Id, AdjOffset, pLclBuffer, AdjLength);
ARM GAS  /tmp/cc8TnmtR.s 			page 7


 105:/home/hkh/git/eapidk-code-r76-trunk/apps/EeePProg/linux/../../common/EApiAHStorage.c ****     }else{
 106:/home/hkh/git/eapidk-code-r76-trunk/apps/EeePProg/linux/../../common/EApiAHStorage.c ****       StatusCode=EApiStorageAreaWrite(Id, ByteOffset, pBuffer, ByteCnt);
 107:/home/hkh/git/eapidk-code-r76-trunk/apps/EeePProg/linux/../../common/EApiAHStorage.c ****     }
 108:/home/hkh/git/eapidk-code-r76-trunk/apps/EeePProg/linux/../../common/EApiAHStorage.c **** ErrorExit:
 109:/home/hkh/git/eapidk-code-r76-trunk/apps/EeePProg/linux/../../common/EApiAHStorage.c **** EAPI_APP_ASSERT_EXIT
 110:/home/hkh/git/eapidk-code-r76-trunk/apps/EeePProg/linux/../../common/EApiAHStorage.c ****     if(pLclBuffer!=NULL)free(pLclBuffer);
 199              		.loc 1 110 5 is_stmt 1 view .LVU55
 200              		.loc 1 110 25 view .LVU56
 201 00e0 0600A0E1 		mov	r0, r6
 202              	.LVL16:
 203              		.loc 1 110 25 is_stmt 0 view .LVU57
 204 00e4 FEFFFFEB 		bl	free(PLT)
 205              	.LVL17:
 206              	.L1:
  46:/home/hkh/git/eapidk-code-r76-trunk/apps/EeePProg/linux/../../common/EApiAHStorage.c ****     EApiStatus_t StatusCode=EAPI_STATUS_SUCCESS;
 207              		.loc 1 46 1 view .LVU58
 208 00e8 B0219FE5 		ldr	r2, .L28+8
 111:/home/hkh/git/eapidk-code-r76-trunk/apps/EeePProg/linux/../../common/EApiAHStorage.c **** 
 112:/home/hkh/git/eapidk-code-r76-trunk/apps/EeePProg/linux/../../common/EApiAHStorage.c ****     return StatusCode;
 113:/home/hkh/git/eapidk-code-r76-trunk/apps/EeePProg/linux/../../common/EApiAHStorage.c **** }
 209              		.loc 1 113 1 view .LVU59
 210 00ec A8319FE5 		ldr	r3, .L28+4
  46:/home/hkh/git/eapidk-code-r76-trunk/apps/EeePProg/linux/../../common/EApiAHStorage.c ****     EApiStatus_t StatusCode=EAPI_STATUS_SUCCESS;
 211              		.loc 1 46 1 view .LVU60
 212              	.LPIC20:
 213 00f0 02208FE0 		add	r2, pc, r2
 214              		.loc 1 113 1 view .LVU61
 215 00f4 033092E7 		ldr	r3, [r2, r3]
 216 00f8 002093E5 		ldr	r2, [r3]
 217 00fc 24309DE5 		ldr	r3, [sp, #36]
 218 0100 022033E0 		eors	r2, r3, r2
 219 0104 0030A0E3 		mov	r3, #0
 220 0108 5600001A 		bne	.L27
 221 010c 0400A0E1 		mov	r0, r4
 222 0110 2CD08DE2 		add	sp, sp, #44
 223              		.cfi_remember_state
 224              		.cfi_def_cfa_offset 36
 225              		@ sp needed
 226 0114 F08FBDE8 		pop	{r4, r5, r6, r7, r8, r9, r10, fp, pc}
 227              	.LVL18:
 228              	.L6:
 229              		.cfi_restore_state
  80:/home/hkh/git/eapidk-code-r76-trunk/apps/EeePProg/linux/../../common/EApiAHStorage.c ****       /* Adjust Block length so its a multiple of alignment */
 230              		.loc 1 80 5 is_stmt 1 view .LVU62
  80:/home/hkh/git/eapidk-code-r76-trunk/apps/EeePProg/linux/../../common/EApiAHStorage.c ****       /* Adjust Block length so its a multiple of alignment */
 231              		.loc 1 80 17 is_stmt 0 view .LVU63
 232 0118 0A10A0E1 		mov	r1, r10
 233 011c 0500A0E1 		mov	r0, r5
 234 0120 FEFFFFEB 		bl	__aeabi_uidivmod(PLT)
 235              	.LVL19:
  80:/home/hkh/git/eapidk-code-r76-trunk/apps/EeePProg/linux/../../common/EApiAHStorage.c ****       /* Adjust Block length so its a multiple of alignment */
 236              		.loc 1 80 7 view .LVU64
 237 0124 000051E3 		cmp	r1, #0
 238 0128 0590A011 		movne	r9, r5
  49:/home/hkh/git/eapidk-code-r76-trunk/apps/EeePProg/linux/../../common/EApiAHStorage.c ****     int_least8_t * pLclBuffer=NULL;
 239              		.loc 1 49 14 view .LVU65
 240 012c 06B0A011 		movne	fp, r6
ARM GAS  /tmp/cc8TnmtR.s 			page 8


  80:/home/hkh/git/eapidk-code-r76-trunk/apps/EeePProg/linux/../../common/EApiAHStorage.c ****       /* Adjust Block length so its a multiple of alignment */
 241              		.loc 1 80 7 view .LVU66
 242 0130 1F00000A 		beq	.L8
 243              	.LVL20:
 244              	.L12:
  82:/home/hkh/git/eapidk-code-r76-trunk/apps/EeePProg/linux/../../common/EApiAHStorage.c ****     }
 245              		.loc 1 82 7 is_stmt 1 view .LVU67
 246 0134 09308AE0 		add	r3, r10, r9
  82:/home/hkh/git/eapidk-code-r76-trunk/apps/EeePProg/linux/../../common/EApiAHStorage.c ****     }
 247              		.loc 1 82 16 is_stmt 0 view .LVU68
 248 0138 019043E0 		sub	r9, r3, r1
 249              	.LVL21:
  82:/home/hkh/git/eapidk-code-r76-trunk/apps/EeePProg/linux/../../common/EApiAHStorage.c ****     }
 250              		.loc 1 82 16 view .LVU69
 251 013c D6FFFFEA 		b	.L7
 252              	.LVL22:
 253              	.L22:
  58:/home/hkh/git/eapidk-code-r76-trunk/apps/EeePProg/linux/../../common/EApiAHStorage.c ****         EApiAHWriteStorage, 
 254              		.loc 1 58 5 is_stmt 1 discriminator 1 view .LVU70
  58:/home/hkh/git/eapidk-code-r76-trunk/apps/EeePProg/linux/../../common/EApiAHStorage.c ****         EApiAHWriteStorage, 
 255              		.loc 1 58 5 discriminator 1 view .LVU71
 256 0140 5CC19FE5 		ldr	ip, .L28+12
 257 0144 014CE0E3 		mvn	r4, #256
 258 0148 58019FE5 		ldr	r0, .L28+16
 259              	.LVL23:
  58:/home/hkh/git/eapidk-code-r76-trunk/apps/EeePProg/linux/../../common/EApiAHStorage.c ****         EApiAHWriteStorage, 
 260              		.loc 1 58 5 is_stmt 0 discriminator 1 view .LVU72
 261 014c 3A30A0E3 		mov	r3, #58
 262 0150 54219FE5 		ldr	r2, .L28+20
 263 0154 54119FE5 		ldr	r1, .L28+24
 264              	.LVL24:
  58:/home/hkh/git/eapidk-code-r76-trunk/apps/EeePProg/linux/../../common/EApiAHStorage.c ****         EApiAHWriteStorage, 
 265              		.loc 1 58 5 discriminator 1 view .LVU73
 266              	.LPIC6:
 267 0158 0CC08FE0 		add	ip, pc, ip
 268              	.LPIC7:
 269 015c 00008FE0 		add	r0, pc, r0
 270              	.LPIC4:
 271 0160 02208FE0 		add	r2, pc, r2
 272              	.LPIC5:
 273 0164 01108FE0 		add	r1, pc, r1
 274              	.LVL25:
 275              	.L19:
  94:/home/hkh/git/eapidk-code-r76-trunk/apps/EeePProg/linux/../../common/EApiAHStorage.c ****         EApiAHWriteStorage, 
 276              		.loc 1 94 7 discriminator 1 view .LVU74
 277 0168 01108DE9 		stmib	sp, {r0, ip}
 278 016c 4500A0E3 		mov	r0, #69
 279 0170 00408DE5 		str	r4, [sp]
 280 0174 FEFFFFEB 		bl	siFormattedMessage_SC(PLT)
 281              	.LVL26:
  94:/home/hkh/git/eapidk-code-r76-trunk/apps/EeePProg/linux/../../common/EApiAHStorage.c ****         EApiAHWriteStorage, 
 282              		.loc 1 94 7 is_stmt 1 discriminator 1 view .LVU75
  94:/home/hkh/git/eapidk-code-r76-trunk/apps/EeePProg/linux/../../common/EApiAHStorage.c ****         EApiAHWriteStorage, 
 283              		.loc 1 94 7 discriminator 1 view .LVU76
  94:/home/hkh/git/eapidk-code-r76-trunk/apps/EeePProg/linux/../../common/EApiAHStorage.c ****         EApiAHWriteStorage, 
 284              		.loc 1 94 7 discriminator 1 view .LVU77
 110:/home/hkh/git/eapidk-code-r76-trunk/apps/EeePProg/linux/../../common/EApiAHStorage.c **** 
ARM GAS  /tmp/cc8TnmtR.s 			page 9


 285              		.loc 1 110 5 discriminator 1 view .LVU78
 286 0178 DAFFFFEA 		b	.L1
 287              	.LVL27:
 288              	.L26:
 103:/home/hkh/git/eapidk-code-r76-trunk/apps/EeePProg/linux/../../common/EApiAHStorage.c ****       StatusCode=EApiStorageAreaWrite(Id, AdjOffset, pLclBuffer, AdjLength);
 289              		.loc 1 103 7 view .LVU79
 290 017c 14309DE5 		ldr	r3, [sp, #20]
 291 0180 0520A0E1 		mov	r2, r5
 292 0184 0710A0E1 		mov	r1, r7
 293 0188 030086E0 		add	r0, r6, r3
 294              	.LVL28:
 103:/home/hkh/git/eapidk-code-r76-trunk/apps/EeePProg/linux/../../common/EApiAHStorage.c ****       StatusCode=EApiStorageAreaWrite(Id, AdjOffset, pLclBuffer, AdjLength);
 295              		.loc 1 103 7 is_stmt 0 view .LVU80
 296 018c FEFFFFEB 		bl	memcpy(PLT)
 297              	.LVL29:
 104:/home/hkh/git/eapidk-code-r76-trunk/apps/EeePProg/linux/../../common/EApiAHStorage.c ****     }else{
 298              		.loc 1 104 7 is_stmt 1 view .LVU81
 104:/home/hkh/git/eapidk-code-r76-trunk/apps/EeePProg/linux/../../common/EApiAHStorage.c ****     }else{
 299              		.loc 1 104 18 is_stmt 0 view .LVU82
 300 0190 0930A0E1 		mov	r3, r9
 301 0194 0620A0E1 		mov	r2, r6
 302 0198 0B10A0E1 		mov	r1, fp
 303 019c 0800A0E1 		mov	r0, r8
 304 01a0 FEFFFFEB 		bl	EApiStorageAreaWrite(PLT)
 305              	.LVL30:
 306 01a4 0040A0E1 		mov	r4, r0
 307              	.LVL31:
 110:/home/hkh/git/eapidk-code-r76-trunk/apps/EeePProg/linux/../../common/EApiAHStorage.c **** 
 308              		.loc 1 110 5 is_stmt 1 view .LVU83
 110:/home/hkh/git/eapidk-code-r76-trunk/apps/EeePProg/linux/../../common/EApiAHStorage.c **** 
 309              		.loc 1 110 25 view .LVU84
 310 01a8 0600A0E1 		mov	r0, r6
 311              	.LVL32:
 110:/home/hkh/git/eapidk-code-r76-trunk/apps/EeePProg/linux/../../common/EApiAHStorage.c **** 
 312              		.loc 1 110 25 is_stmt 0 view .LVU85
 313 01ac FEFFFFEB 		bl	free(PLT)
 314              	.LVL33:
 315 01b0 CCFFFFEA 		b	.L1
 316              	.LVL34:
 317              	.L8:
 106:/home/hkh/git/eapidk-code-r76-trunk/apps/EeePProg/linux/../../common/EApiAHStorage.c ****     }
 318              		.loc 1 106 7 is_stmt 1 view .LVU86
 106:/home/hkh/git/eapidk-code-r76-trunk/apps/EeePProg/linux/../../common/EApiAHStorage.c ****     }
 319              		.loc 1 106 18 is_stmt 0 view .LVU87
 320 01b4 0530A0E1 		mov	r3, r5
 321 01b8 0720A0E1 		mov	r2, r7
 322 01bc 0610A0E1 		mov	r1, r6
 323 01c0 0800A0E1 		mov	r0, r8
 324 01c4 FEFFFFEB 		bl	EApiStorageAreaWrite(PLT)
 325              	.LVL35:
 326 01c8 0040A0E1 		mov	r4, r0
 327              	.LVL36:
 110:/home/hkh/git/eapidk-code-r76-trunk/apps/EeePProg/linux/../../common/EApiAHStorage.c **** 
 328              		.loc 1 110 5 is_stmt 1 view .LVU88
 112:/home/hkh/git/eapidk-code-r76-trunk/apps/EeePProg/linux/../../common/EApiAHStorage.c **** }
 329              		.loc 1 112 5 view .LVU89
 112:/home/hkh/git/eapidk-code-r76-trunk/apps/EeePProg/linux/../../common/EApiAHStorage.c **** }
ARM GAS  /tmp/cc8TnmtR.s 			page 10


 330              		.loc 1 112 12 is_stmt 0 view .LVU90
 331 01cc C5FFFFEA 		b	.L1
 332              	.LVL37:
 333              	.L24:
  88:/home/hkh/git/eapidk-code-r76-trunk/apps/EeePProg/linux/../../common/EApiAHStorage.c ****           EApiAHWriteStorage, 
 334              		.loc 1 88 7 is_stmt 1 discriminator 1 view .LVU91
  88:/home/hkh/git/eapidk-code-r76-trunk/apps/EeePProg/linux/../../common/EApiAHStorage.c ****           EApiAHWriteStorage, 
 335              		.loc 1 88 7 discriminator 1 view .LVU92
 336 01d0 DCC09FE5 		ldr	ip, .L28+28
 337 01d4 0F4CE0E3 		mvn	r4, #3840
 338 01d8 D8009FE5 		ldr	r0, .L28+32
 339 01dc 5830A0E3 		mov	r3, #88
 340 01e0 D4209FE5 		ldr	r2, .L28+36
 341 01e4 D4109FE5 		ldr	r1, .L28+40
 342              	.LPIC14:
 343 01e8 0CC08FE0 		add	ip, pc, ip
 344              	.LPIC15:
 345 01ec 00008FE0 		add	r0, pc, r0
 346              	.LPIC12:
 347 01f0 02208FE0 		add	r2, pc, r2
 348              	.LPIC13:
 349 01f4 01108FE0 		add	r1, pc, r1
 350 01f8 DAFFFFEA 		b	.L19
 351              	.LVL38:
 352              	.L23:
  69:/home/hkh/git/eapidk-code-r76-trunk/apps/EeePProg/linux/../../common/EApiAHStorage.c ****         EApiAHWriteStorage, 
 353              		.loc 1 69 5 discriminator 1 view .LVU93
  69:/home/hkh/git/eapidk-code-r76-trunk/apps/EeePProg/linux/../../common/EApiAHStorage.c ****         EApiAHWriteStorage, 
 354              		.loc 1 69 5 discriminator 1 view .LVU94
 355 01fc C0109FE5 		ldr	r1, .L28+44
 356 0200 014CE0E3 		mvn	r4, #256
 357 0204 BC009FE5 		ldr	r0, .L28+48
 358              	.LVL39:
  69:/home/hkh/git/eapidk-code-r76-trunk/apps/EeePProg/linux/../../common/EApiAHStorage.c ****         EApiAHWriteStorage, 
 359              		.loc 1 69 5 is_stmt 0 discriminator 1 view .LVU95
 360 0208 4530A0E3 		mov	r3, #69
 361 020c B8209FE5 		ldr	r2, .L28+52
 362              	.LPIC11:
 363 0210 01108FE0 		add	r1, pc, r1
 364 0214 00408DE5 		str	r4, [sp]
 365 0218 04108DE5 		str	r1, [sp, #4]
 366              	.LPIC10:
 367 021c 00008FE0 		add	r0, pc, r0
 368 0220 A8109FE5 		ldr	r1, .L28+56
 369              	.LPIC8:
 370 0224 02208FE0 		add	r2, pc, r2
 371 0228 08008DE5 		str	r0, [sp, #8]
 372 022c 0300A0E1 		mov	r0, r3
 373              	.LPIC9:
 374 0230 01108FE0 		add	r1, pc, r1
 375 0234 FEFFFFEB 		bl	siFormattedMessage_SC(PLT)
 376              	.LVL40:
  69:/home/hkh/git/eapidk-code-r76-trunk/apps/EeePProg/linux/../../common/EApiAHStorage.c ****         EApiAHWriteStorage, 
 377              		.loc 1 69 5 is_stmt 1 discriminator 1 view .LVU96
  69:/home/hkh/git/eapidk-code-r76-trunk/apps/EeePProg/linux/../../common/EApiAHStorage.c ****         EApiAHWriteStorage, 
 378              		.loc 1 69 5 discriminator 1 view .LVU97
  69:/home/hkh/git/eapidk-code-r76-trunk/apps/EeePProg/linux/../../common/EApiAHStorage.c ****         EApiAHWriteStorage, 
ARM GAS  /tmp/cc8TnmtR.s 			page 11


 379              		.loc 1 69 5 discriminator 1 view .LVU98
 110:/home/hkh/git/eapidk-code-r76-trunk/apps/EeePProg/linux/../../common/EApiAHStorage.c **** 
 380              		.loc 1 110 5 discriminator 1 view .LVU99
 381 0238 AAFFFFEA 		b	.L1
 382              	.LVL41:
 383              	.L21:
  53:/home/hkh/git/eapidk-code-r76-trunk/apps/EeePProg/linux/../../common/EApiAHStorage.c ****         EApiAHWriteStorage, 
 384              		.loc 1 53 5 discriminator 1 view .LVU100
  53:/home/hkh/git/eapidk-code-r76-trunk/apps/EeePProg/linux/../../common/EApiAHStorage.c ****         EApiAHWriteStorage, 
 385              		.loc 1 53 5 discriminator 1 view .LVU101
 386 023c 90C09FE5 		ldr	ip, .L28+60
 387 0240 014CE0E3 		mvn	r4, #256
 388 0244 8C009FE5 		ldr	r0, .L28+64
 389              	.LVL42:
  53:/home/hkh/git/eapidk-code-r76-trunk/apps/EeePProg/linux/../../common/EApiAHStorage.c ****         EApiAHWriteStorage, 
 390              		.loc 1 53 5 is_stmt 0 discriminator 1 view .LVU102
 391 0248 3530A0E3 		mov	r3, #53
 392 024c 88209FE5 		ldr	r2, .L28+68
 393 0250 88109FE5 		ldr	r1, .L28+72
 394              	.LVL43:
  53:/home/hkh/git/eapidk-code-r76-trunk/apps/EeePProg/linux/../../common/EApiAHStorage.c ****         EApiAHWriteStorage, 
 395              		.loc 1 53 5 discriminator 1 view .LVU103
 396              	.LPIC2:
 397 0254 0CC08FE0 		add	ip, pc, ip
 398              	.LPIC3:
 399 0258 00008FE0 		add	r0, pc, r0
 400              	.LPIC0:
 401 025c 02208FE0 		add	r2, pc, r2
 402              	.LPIC1:
 403 0260 01108FE0 		add	r1, pc, r1
 404 0264 BFFFFFEA 		b	.L19
 405              	.LVL44:
 406              	.L27:
 407              		.loc 1 113 1 view .LVU104
 408 0268 FEFFFFEB 		bl	__stack_chk_fail(PLT)
 409              	.LVL45:
 410              	.L25:
  94:/home/hkh/git/eapidk-code-r76-trunk/apps/EeePProg/linux/../../common/EApiAHStorage.c ****         EApiAHWriteStorage, 
 411              		.loc 1 94 7 is_stmt 1 discriminator 1 view .LVU105
  94:/home/hkh/git/eapidk-code-r76-trunk/apps/EeePProg/linux/../../common/EApiAHStorage.c ****         EApiAHWriteStorage, 
 412              		.loc 1 94 7 discriminator 1 view .LVU106
 413 026c 70C09FE5 		ldr	ip, .L28+76
 414 0270 0240E0E3 		mvn	r4, #2
 415 0274 6C009FE5 		ldr	r0, .L28+80
 416              	.LVL46:
  94:/home/hkh/git/eapidk-code-r76-trunk/apps/EeePProg/linux/../../common/EApiAHStorage.c ****         EApiAHWriteStorage, 
 417              		.loc 1 94 7 is_stmt 0 discriminator 1 view .LVU107
 418 0278 5E30A0E3 		mov	r3, #94
 419 027c 68209FE5 		ldr	r2, .L28+84
 420 0280 68109FE5 		ldr	r1, .L28+88
 421              	.LPIC18:
 422 0284 0CC08FE0 		add	ip, pc, ip
 423              	.LPIC19:
 424 0288 00008FE0 		add	r0, pc, r0
 425              	.LPIC16:
 426 028c 02208FE0 		add	r2, pc, r2
 427              	.LPIC17:
ARM GAS  /tmp/cc8TnmtR.s 			page 12


 428 0290 01108FE0 		add	r1, pc, r1
 429 0294 B3FFFFEA 		b	.L19
 430              	.L29:
 431              		.align	2
 432              	.L28:
 433 0298 78020000 		.word	_GLOBAL_OFFSET_TABLE_-(.LPIC21+8)
 434 029c 00000000 		.word	__stack_chk_guard(GOT)
 435 02a0 A8010000 		.word	_GLOBAL_OFFSET_TABLE_-(.LPIC20+8)
 436 02a4 44010000 		.word	.LC4-(.LPIC6+8)
 437 02a8 44010000 		.word	.LC3-(.LPIC7+8)
 438 02ac 44010000 		.word	.LC0-(.LPIC4+8)
 439 02b0 44010000 		.word	.LC1-(.LPIC5+8)
 440 02b4 C4000000 		.word	.LC6-(.LPIC14+8)
 441 02b8 C4000000 		.word	.LC3-(.LPIC15+8)
 442 02bc C4000000 		.word	.LC0-(.LPIC12+8)
 443 02c0 C4000000 		.word	.LC1-(.LPIC13+8)
 444 02c4 AC000000 		.word	.LC3-(.LPIC11+8)
 445 02c8 A4000000 		.word	.LC5-(.LPIC10+8)
 446 02cc A0000000 		.word	.LC0-(.LPIC8+8)
 447 02d0 98000000 		.word	.LC1-(.LPIC9+8)
 448 02d4 78000000 		.word	.LC2-(.LPIC2+8)
 449 02d8 78000000 		.word	.LC3-(.LPIC3+8)
 450 02dc 78000000 		.word	.LC0-(.LPIC0+8)
 451 02e0 78000000 		.word	.LC1-(.LPIC1+8)
 452 02e4 58000000 		.word	.LC7-(.LPIC18+8)
 453 02e8 58000000 		.word	.LC3-(.LPIC19+8)
 454 02ec 58000000 		.word	.LC0-(.LPIC16+8)
 455 02f0 58000000 		.word	.LC1-(.LPIC17+8)
 456              		.cfi_endproc
 457              	.LFE1:
 459              	.Letext0:
 460              		.file 2 "/home/hkh/buildroot-2022.02/output/host/arm-buildroot-linux-musleabihf/sysroot/usr/includ
 461              		.file 3 "/home/hkh/buildroot-2022.02/output/host/arm-buildroot-linux-musleabihf/sysroot/usr/includ
 462              		.file 4 "../../../include/EApi.h"
 463              		.file 5 "/home/hkh/buildroot-2022.02/output/host/arm-buildroot-linux-musleabihf/sysroot/usr/includ
 464              		.file 6 "/home/hkh/buildroot-2022.02/output/host/arm-buildroot-linux-musleabihf/sysroot/usr/includ
 465              		.file 7 "../../include/DbgChk.h"
 466              		.file 8 "<built-in>"
ARM GAS  /tmp/cc8TnmtR.s 			page 13


DEFINED SYMBOLS
                            *ABS*:0000000000000000 EApiAHStorage.c
     /tmp/cc8TnmtR.s:17     .rodata.str1.4:0000000000000000 $d
     /tmp/cc8TnmtR.s:18     .rodata.str1.4:0000000000000000 .LC0
     /tmp/cc8TnmtR.s:21     .rodata.str1.4:0000000000000014 .LC1
     /tmp/cc8TnmtR.s:25     .rodata.str1.4:000000000000006c .LC2
     /tmp/cc8TnmtR.s:28     .rodata.str1.4:000000000000007c .LC3
     /tmp/cc8TnmtR.s:31     .rodata.str1.4:0000000000000080 .LC4
     /tmp/cc8TnmtR.s:34     .rodata.str1.4:0000000000000090 .LC5
     /tmp/cc8TnmtR.s:38     .rodata.str1.4:00000000000000b0 .LC6
     /tmp/cc8TnmtR.s:41     .rodata.str1.4:00000000000000d0 .LC7
     /tmp/cc8TnmtR.s:44     .text:0000000000000000 $a
     /tmp/cc8TnmtR.s:53     .text:0000000000000000 EApiAHWriteStorage
     /tmp/cc8TnmtR.s:433    .text:0000000000000298 $d

UNDEFINED SYMBOLS
__aeabi_uidivmod
EApiStorageCap
malloc
EApiStorageAreaRead
free
siFormattedMessage_SC
memcpy
EApiStorageAreaWrite
__stack_chk_fail
_GLOBAL_OFFSET_TABLE_
__stack_chk_guard
