GAS LISTING /tmp/ccGU53ku.s 			page 1


   1              		.file	"EApiEmulBoardInfo.c"
   2              		.text
   3              		.section	.rodata.str1.1,"aMS",@progbits,1
   4              	.LC0:
   5 0000 5049434D 		.string	"PICMG"
   5      4700
   6              	.LC1:
   7 0006 5049434D 		.string	"PICMGR2.0"
   7      4752322E 
   7      3000
   8              	.LC2:
   9 0010 53414D50 		.string	"SAMPLE API"
   9      4C452041 
   9      504900
  10              	.LC3:
  11 001b 53616D70 		.string	"Sample Serial Number"
  11      6C652053 
  11      65726961 
  11      6C204E75 
  11      6D626572 
  12              	.LC4:
  13 0030 434F4D45 		.string	"COMExpress"
  13      78707265 
  13      737300
  14              	.LC5:
  15 003b 25730A00 		.string	"%s\n"
  16              	.LC6:
  17 003f 45417069 		.string	"EApiBoardGetStringAEmul"
  17      426F6172 
  17      64476574 
  17      53747269 
  17      6E674145 
  18              		.section	.rodata.str1.8,"aMS",@progbits,1
  19              		.align 8
  20              	.LC7:
  21 0000 2F686F6D 		.string	"/home/hkh/git/eapidk-code-r76-trunk/lib/linux/../EApiEmulBoardInfo.c"
  21      652F686B 
  21      682F6769 
  21      742F6561 
  21      7069646B 
  22              		.section	.rodata.str1.1
  23              	.LC8:
  24 0057 556E7265 		.string	"Unrecognised String ID"
  24      636F676E 
  24      69736564 
  24      20537472 
  24      696E6720 
  25              	.LC9:
  26 006e 70427566 		.string	"pBuffer Overrun Prevented"
  26      66657220 
  26      4F766572 
  26      72756E20 
  26      50726576 
  27              	.LC10:
  28 0088 00       		.string	""
  29              		.text
  30              		.p2align 4
GAS LISTING /tmp/ccGU53ku.s 			page 2


  31              		.globl	EApiBoardGetStringAEmul
  32              		.hidden	EApiBoardGetStringAEmul
  34              	EApiBoardGetStringAEmul:
  35              	.LFB66:
  36              		.cfi_startproc
  37 0000 F30F1EFA 		endbr64
  38 0004 4883EC08 		subq	$8, %rsp
  39              		.cfi_def_cfa_offset 16
  40 0008 4889F0   		movq	%rsi, %rax
  41 000b 85FF     		testl	%edi, %edi
  42 000d 7471     		je	.L15
  43 000f 83FF01   		cmpl	$1, %edi
  44 0012 0F844001 		je	.L16
  44      0000
  45 0018 83FF03   		cmpl	$3, %edi
  46 001b 0F845701 		je	.L17
  46      0000
  47 0021 83FF04   		cmpl	$4, %edi
  48 0024 0F846E01 		je	.L18
  48      0000
  49 002a 83FF06   		cmpl	$6, %edi
  50 002d 0F848101 		je	.L19
  50      0000
  51 0033 4883EC08 		subq	$8, %rsp
  52              		.cfi_def_cfa_offset 24
  53 0037 41B8FFFC 		movl	$-769, %r8d
  53      FFFF
  54 003d 488D0500 		leaq	.LC8(%rip), %rax
  54      000000
  55 0044 BF450000 		movl	$69, %edi
  55      00
  56 0049 50       		pushq	%rax
  57              		.cfi_def_cfa_offset 32
  58 004a 4C8D0D00 		leaq	.LC5(%rip), %r9
  58      000000
  59 0051 31C0     		xorl	%eax, %eax
  60 0053 B9790000 		movl	$121, %ecx
  60      00
  61 0058 488D1500 		leaq	.LC6(%rip), %rdx
  61      000000
  62 005f 488D3500 		leaq	.LC7(%rip), %rsi
  62      000000
  63 0066 E8000000 		call	siFormattedMessage_SC@PLT
  63      00
  64 006b 5F       		popq	%rdi
  65              		.cfi_def_cfa_offset 24
  66 006c B8FFFCFF 		movl	$-769, %eax
  66      FF
  67 0071 4158     		popq	%r8
  68              		.cfi_def_cfa_offset 16
  69              	.L1:
  70 0073 4883C408 		addq	$8, %rsp
  71              		.cfi_remember_state
  72              		.cfi_def_cfa_offset 8
  73 0077 C3       		ret
  74 0078 0F1F8400 		.p2align 4,,10
  74      00000000 
GAS LISTING /tmp/ccGU53ku.s 			page 3


  75              		.p2align 3
  76              	.L15:
  77              		.cfi_restore_state
  78 0080 41B90500 		movl	$5, %r9d
  78      0000
  79 0086 BF060000 		movl	$6, %edi
  79      00
  80 008b B9060000 		movl	$6, %ecx
  80      00
  81 0090 488D3500 		leaq	.LC0(%rip), %rsi
  81      000000
  82              	.L2:
  83 0097 448B02   		movl	(%rdx), %r8d
  84 009a 4885C0   		testq	%rax, %rax
  85 009d 890A     		movl	%ecx, (%rdx)
  86 009f 0F95C2   		setne	%dl
  87 00a2 4139C8   		cmpl	%ecx, %r8d
  88 00a5 7361     		jnb	.L36
  89 00a7 4585C0   		testl	%r8d, %r8d
  90 00aa 7414     		je	.L8
  91 00ac 84D2     		testb	%dl, %dl
  92 00ae 7410     		je	.L8
  93 00b0 418D50FF 		leal	-1(%r8), %edx
  94 00b4 4489C1   		movl	%r8d, %ecx
  95 00b7 4889C7   		movq	%rax, %rdi
  96 00ba F3A4     		rep movsb
  97 00bc C6041000 		movb	$0, (%rax,%rdx)
  98              	.L8:
  99 00c0 4883EC08 		subq	$8, %rsp
 100              		.cfi_def_cfa_offset 24
 101 00c4 488D0500 		leaq	.LC9(%rip), %rax
 101      000000
 102 00cb B96D0000 		movl	$109, %ecx
 102      00
 103 00d0 41B8FFF9 		movl	$-1537, %r8d
 103      FFFF
 104 00d6 50       		pushq	%rax
 105              		.cfi_def_cfa_offset 32
 106 00d7 488D3500 		leaq	.LC7(%rip), %rsi
 106      000000
 107 00de 31C0     		xorl	%eax, %eax
 108 00e0 4C8D0D00 		leaq	.LC5(%rip), %r9
 108      000000
 109 00e7 488D1500 		leaq	.LC6(%rip), %rdx
 109      000000
 110 00ee BF450000 		movl	$69, %edi
 110      00
 111 00f3 E8000000 		call	siFormattedMessage_SC@PLT
 111      00
 112 00f8 59       		popq	%rcx
 113              		.cfi_def_cfa_offset 24
 114 00f9 B8FFF9FF 		movl	$-1537, %eax
 114      FF
 115 00fe 5E       		popq	%rsi
 116              		.cfi_def_cfa_offset 16
 117 00ff E96FFFFF 		jmp	.L1
 117      FF
GAS LISTING /tmp/ccGU53ku.s 			page 4


 118              		.p2align 4,,10
 119 0104 0F1F4000 		.p2align 3
 120              	.L36:
 121 0108 4885C0   		testq	%rax, %rax
 122 010b 0F85BF00 		jne	.L37
 122      0000
 123              	.L7:
 124              	.L3:
 125 0111 F30F1EFA 		endbr64
 126 0115 4883EC08 		subq	$8, %rsp
 127              		.cfi_def_cfa_offset 24
 128 0119 4531C0   		xorl	%r8d, %r8d
 129 011c B9730000 		movl	$115, %ecx
 129      00
 130 0121 BF4C0000 		movl	$76, %edi
 130      00
 131 0126 488D0500 		leaq	.LC10(%rip), %rax
 131      000000
 132 012d 488D1500 		leaq	.LC6(%rip), %rdx
 132      000000
 133 0134 50       		pushq	%rax
 134              		.cfi_def_cfa_offset 32
 135 0135 4C8D0D00 		leaq	.LC5(%rip), %r9
 135      000000
 136 013c 488D3500 		leaq	.LC7(%rip), %rsi
 136      000000
 137 0143 31C0     		xorl	%eax, %eax
 138 0145 E8000000 		call	siFormattedMessage_SC@PLT
 138      00
 139 014a 58       		popq	%rax
 140              		.cfi_def_cfa_offset 24
 141 014b 5A       		popq	%rdx
 142              		.cfi_def_cfa_offset 16
 143 014c 31C0     		xorl	%eax, %eax
 144 014e 4883C408 		addq	$8, %rsp
 145              		.cfi_remember_state
 146              		.cfi_def_cfa_offset 8
 147 0152 C3       		ret
 148              		.p2align 4,,10
 149 0153 0F1F4400 		.p2align 3
 149      00
 150              	.L16:
 151              		.cfi_restore_state
 152 0158 41B90A00 		movl	$10, %r9d
 152      0000
 153 015e BF0B0000 		movl	$11, %edi
 153      00
 154 0163 B90B0000 		movl	$11, %ecx
 154      00
 155 0168 488D3500 		leaq	.LC2(%rip), %rsi
 155      000000
 156 016f E923FFFF 		jmp	.L2
 156      FF
 157              		.p2align 4,,10
 158 0174 0F1F4000 		.p2align 3
 159              	.L17:
 160 0178 41B91400 		movl	$20, %r9d
GAS LISTING /tmp/ccGU53ku.s 			page 5


 160      0000
 161 017e BF150000 		movl	$21, %edi
 161      00
 162 0183 B9150000 		movl	$21, %ecx
 162      00
 163 0188 488D3500 		leaq	.LC3(%rip), %rsi
 163      000000
 164 018f E903FFFF 		jmp	.L2
 164      FF
 165              		.p2align 4,,10
 166 0194 0F1F4000 		.p2align 3
 167              	.L18:
 168 0198 41B90900 		movl	$9, %r9d
 168      0000
 169 019e BF0A0000 		movl	$10, %edi
 169      00
 170 01a3 B90A0000 		movl	$10, %ecx
 170      00
 171 01a8 488D3500 		leaq	.LC1(%rip), %rsi
 171      000000
 172 01af E9E3FEFF 		jmp	.L2
 172      FF
 173              	.L19:
 174 01b4 41B90A00 		movl	$10, %r9d
 174      0000
 175 01ba BF0B0000 		movl	$11, %edi
 175      00
 176 01bf B90B0000 		movl	$11, %ecx
 176      00
 177 01c4 488D3500 		leaq	.LC4(%rip), %rsi
 177      000000
 178 01cb E9C7FEFF 		jmp	.L2
 178      FF
 179              	.L37:
 180 01d0 89FA     		movl	%edi, %edx
 181 01d2 83FF08   		cmpl	$8, %edi
 182 01d5 731D     		jnb	.L9
 183 01d7 83E704   		andl	$4, %edi
 184 01da 755B     		jne	.L38
 185 01dc 85D2     		testl	%edx, %edx
 186 01de 740A     		je	.L10
 187 01e0 0FB60E   		movzbl	(%rsi), %ecx
 188 01e3 8808     		movb	%cl, (%rax)
 189 01e5 F6C202   		testb	$2, %dl
 190 01e8 755B     		jne	.L39
 191              	.L10:
 192 01ea 42C60408 		movb	$0, (%rax,%r9)
 192      00
 193 01ef E91DFFFF 		jmp	.L7
 193      FF
 194              	.L9:
 195 01f4 488B16   		movq	(%rsi), %rdx
 196 01f7 4C8D4008 		leaq	8(%rax), %r8
 197 01fb 4983E0F8 		andq	$-8, %r8
 198 01ff 488910   		movq	%rdx, (%rax)
 199 0202 488B543E 		movq	-8(%rsi,%rdi), %rdx
 199      F8
GAS LISTING /tmp/ccGU53ku.s 			page 6


 200 0207 48895438 		movq	%rdx, -8(%rax,%rdi)
 200      F8
 201 020c 4889C2   		movq	%rax, %rdx
 202 020f 4C29C2   		subq	%r8, %rdx
 203 0212 4829D6   		subq	%rdx, %rsi
 204 0215 01FA     		addl	%edi, %edx
 205 0217 83E2F8   		andl	$-8, %edx
 206 021a 83FA08   		cmpl	$8, %edx
 207 021d 72CB     		jb	.L10
 208 021f 83E2F8   		andl	$-8, %edx
 209 0222 31C9     		xorl	%ecx, %ecx
 210              	.L13:
 211 0224 89CF     		movl	%ecx, %edi
 212 0226 83C108   		addl	$8, %ecx
 213 0229 4C8B143E 		movq	(%rsi,%rdi), %r10
 214 022d 4D891438 		movq	%r10, (%r8,%rdi)
 215 0231 39D1     		cmpl	%edx, %ecx
 216 0233 72EF     		jb	.L13
 217 0235 EBB3     		jmp	.L10
 218              	.L38:
 219 0237 8B0E     		movl	(%rsi), %ecx
 220 0239 8908     		movl	%ecx, (%rax)
 221 023b 8B4C16FC 		movl	-4(%rsi,%rdx), %ecx
 222 023f 894C10FC 		movl	%ecx, -4(%rax,%rdx)
 223 0243 EBA5     		jmp	.L10
 224              	.L39:
 225 0245 0FB74C16 		movzwl	-2(%rsi,%rdx), %ecx
 225      FE
 226 024a 66894C10 		movw	%cx, -2(%rax,%rdx)
 226      FE
 227 024f EB99     		jmp	.L10
 228              		.cfi_endproc
 229              	.LFE66:
 231              		.section	.rodata.str1.1
 232              	.LC11:
 233 0089 45417069 		.string	"EApiBoardGetValueEmul"
 233      426F6172 
 233      64476574 
 233      56616C75 
 233      65456D75 
 234              	.LC12:
 235 009f 556E7265 		.string	"Unrecognised Value ID"
 235      636F676E 
 235      69736564 
 235      2056616C 
 235      75652049 
 236              		.text
 237 0251 66662E0F 		.p2align 4
 237      1F840000 
 237      0000000F 
 237      1F4000
 238              		.globl	EApiBoardGetValueEmul
 239              		.hidden	EApiBoardGetValueEmul
 241              	EApiBoardGetValueEmul:
 242              	.LFB67:
 243              		.cfi_startproc
 244 0260 F30F1EFA 		endbr64
GAS LISTING /tmp/ccGU53ku.s 			page 7


 245 0264 4883EC08 		subq	$8, %rsp
 246              		.cfi_def_cfa_offset 16
 247 0268 31C0     		xorl	%eax, %eax
 248 026a 488D1500 		leaq	ValueLookup(%rip), %rdx
 248      000000
 249              		.p2align 4,,10
 250 0271 0F1F8000 		.p2align 3
 250      000000
 251              	.L43:
 252 0278 89C1     		movl	%eax, %ecx
 253 027a 393CC2   		cmpl	%edi, (%rdx,%rax,8)
 254 027d 7459     		je	.L46
 255 027f 4883C001 		addq	$1, %rax
 256 0283 4883F812 		cmpq	$18, %rax
 257 0287 75EF     		jne	.L43
 258              	.L42:
 259 0289 F30F1EFA 		endbr64
 260 028d 4883EC08 		subq	$8, %rsp
 261              		.cfi_def_cfa_offset 24
 262 0291 488D0500 		leaq	.LC12(%rip), %rax
 262      000000
 263 0298 488D1500 		leaq	.LC11(%rip), %rdx
 263      000000
 264 029f 41B8FFFC 		movl	$-769, %r8d
 264      FFFF
 265 02a5 50       		pushq	%rax
 266              		.cfi_def_cfa_offset 32
 267 02a6 4C8D0D00 		leaq	.LC5(%rip), %r9
 267      000000
 268 02ad 31C0     		xorl	%eax, %eax
 269 02af B9C30000 		movl	$195, %ecx
 269      00
 270 02b4 488D3500 		leaq	.LC7(%rip), %rsi
 270      000000
 271 02bb BF450000 		movl	$69, %edi
 271      00
 272 02c0 E8000000 		call	siFormattedMessage_SC@PLT
 272      00
 273 02c5 58       		popq	%rax
 274              		.cfi_def_cfa_offset 24
 275 02c6 5A       		popq	%rdx
 276              		.cfi_def_cfa_offset 16
 277 02c7 B8FFFCFF 		movl	$-769, %eax
 277      FF
 278 02cc 4883C408 		addq	$8, %rsp
 279              		.cfi_remember_state
 280              		.cfi_def_cfa_offset 8
 281 02d0 C3       		ret
 282              		.p2align 4,,10
 283 02d1 0F1F8000 		.p2align 3
 283      000000
 284              	.L46:
 285              		.cfi_restore_state
 286 02d8 8B44CA04 		movl	4(%rdx,%rcx,8), %eax
 287 02dc 4883EC08 		subq	$8, %rsp
 288              		.cfi_def_cfa_offset 24
 289 02e0 B9C00000 		movl	$192, %ecx
GAS LISTING /tmp/ccGU53ku.s 			page 8


 289      00
 290 02e5 4531C0   		xorl	%r8d, %r8d
 291 02e8 4C8D0D00 		leaq	.LC5(%rip), %r9
 291      000000
 292 02ef 488D1500 		leaq	.LC11(%rip), %rdx
 292      000000
 293 02f6 BF4C0000 		movl	$76, %edi
 293      00
 294 02fb 8906     		movl	%eax, (%rsi)
 295 02fd 488D0500 		leaq	.LC10(%rip), %rax
 295      000000
 296 0304 488D3500 		leaq	.LC7(%rip), %rsi
 296      000000
 297 030b 50       		pushq	%rax
 298              		.cfi_def_cfa_offset 32
 299 030c 31C0     		xorl	%eax, %eax
 300 030e E8000000 		call	siFormattedMessage_SC@PLT
 300      00
 301 0313 59       		popq	%rcx
 302              		.cfi_def_cfa_offset 24
 303 0314 5E       		popq	%rsi
 304              		.cfi_def_cfa_offset 16
 305 0315 31C0     		xorl	%eax, %eax
 306 0317 4883C408 		addq	$8, %rsp
 307              		.cfi_def_cfa_offset 8
 308 031b C3       		ret
 309              		.cfi_endproc
 310              	.LFE67:
 312              		.hidden	ValueLookup
 313              		.globl	ValueLookup
 314              		.section	.rodata
 315              		.align 32
 318              	ValueLookup:
 319 0000 01000000 		.long	1
 320 0004 10000000 		.long	16
 321 0008 02000000 		.long	2
 322 000c 00000100 		.long	65536
 323 0010 03000000 		.long	3
 324 0014 41A70000 		.long	42817
 325 0018 04000000 		.long	4
 326 001c 00000002 		.long	33554432
 327 0020 00000100 		.long	65536
 328 0024 00000000 		.long	0
 329 0028 01000100 		.long	65537
 330 002c D1030500 		.long	328657
 331 0030 00000200 		.long	131072
 332 0034 940E0000 		.long	3732
 333 0038 01000200 		.long	131073
 334 003c 790C0000 		.long	3193
 335 0040 02000200 		.long	131074
 336 0044 E6080000 		.long	2278
 337 0048 04100200 		.long	135172
 338 004c 14050000 		.long	1300
 339 0050 08100200 		.long	135176
 340 0054 C4090000 		.long	2500
 341 0058 0C100200 		.long	135180
 342 005c E40C0000 		.long	3300
GAS LISTING /tmp/ccGU53ku.s 			page 9


 343 0060 10100200 		.long	135184
 344 0064 B80B0000 		.long	3000
 345 0068 14100200 		.long	135188
 346 006c 88130000 		.long	5000
 347 0070 18100200 		.long	135192
 348 0074 88130000 		.long	5000
 349 0078 1C100200 		.long	135196
 350 007c E02E0000 		.long	12000
 351 0080 00200200 		.long	139264
 352 0084 88130000 		.long	5000
 353 0088 01200200 		.long	139265
 354 008c C4090000 		.long	2500
 355              		.hidden	StringLookup
 356              		.globl	StringLookup
 357              		.section	.data.rel.ro.local,"aw"
 358              		.align 32
 361              	StringLookup:
 362 0000 00000000 		.long	0
 363 0004 00000000 		.zero	4
 364 0008 00000000 		.quad	.LC0
 364      00000000 
 365 0010 01000000 		.long	1
 366 0014 00000000 		.zero	4
 367 0018 00000000 		.quad	.LC2
 367      00000000 
 368 0020 03000000 		.long	3
 369 0024 00000000 		.zero	4
 370 0028 00000000 		.quad	.LC3
 370      00000000 
 371 0030 04000000 		.long	4
 372 0034 00000000 		.zero	4
 373 0038 00000000 		.quad	.LC1
 373      00000000 
 374 0040 06000000 		.long	6
 375 0044 00000000 		.zero	4
 376 0048 00000000 		.quad	.LC4
 376      00000000 
 377              		.ident	"GCC: (Ubuntu 9.3.0-17ubuntu1~20.04) 9.3.0"
 378              		.section	.note.GNU-stack,"",@progbits
 379              		.section	.note.gnu.property,"a"
 380              		.align 8
 381 0000 04000000 		.long	 1f - 0f
 382 0004 10000000 		.long	 4f - 1f
 383 0008 05000000 		.long	 5
 384              	0:
 385 000c 474E5500 		.string	 "GNU"
 386              	1:
 387              		.align 8
 388 0010 020000C0 		.long	 0xc0000002
 389 0014 04000000 		.long	 3f - 2f
 390              	2:
 391 0018 03000000 		.long	 0x3
 392              	3:
 393 001c 00000000 		.align 8
 394              	4:
GAS LISTING /tmp/ccGU53ku.s 			page 10


DEFINED SYMBOLS
                            *ABS*:0000000000000000 EApiEmulBoardInfo.c
     /tmp/ccGU53ku.s:34     .text:0000000000000000 EApiBoardGetStringAEmul
     /tmp/ccGU53ku.s:241    .text:0000000000000260 EApiBoardGetValueEmul
     /tmp/ccGU53ku.s:318    .rodata:0000000000000000 ValueLookup
     /tmp/ccGU53ku.s:361    .data.rel.ro.local:0000000000000000 StringLookup
     /tmp/ccGU53ku.s:23     .rodata.str1.1:0000000000000057 .LC8
     /tmp/ccGU53ku.s:14     .rodata.str1.1:000000000000003b .LC5
     /tmp/ccGU53ku.s:16     .rodata.str1.1:000000000000003f .LC6
     /tmp/ccGU53ku.s:20     .rodata.str1.8:0000000000000000 .LC7
     /tmp/ccGU53ku.s:4      .rodata.str1.1:0000000000000000 .LC0
     /tmp/ccGU53ku.s:25     .rodata.str1.1:000000000000006e .LC9
     /tmp/ccGU53ku.s:27     .rodata.str1.1:0000000000000088 .LC10
     /tmp/ccGU53ku.s:8      .rodata.str1.1:0000000000000010 .LC2
     /tmp/ccGU53ku.s:10     .rodata.str1.1:000000000000001b .LC3
     /tmp/ccGU53ku.s:6      .rodata.str1.1:0000000000000006 .LC1
     /tmp/ccGU53ku.s:12     .rodata.str1.1:0000000000000030 .LC4
     /tmp/ccGU53ku.s:234    .rodata.str1.1:000000000000009f .LC12
     /tmp/ccGU53ku.s:232    .rodata.str1.1:0000000000000089 .LC11

UNDEFINED SYMBOLS
_GLOBAL_OFFSET_TABLE_
siFormattedMessage_SC
